#
# There is insufficient memory for the Java Runtime Environment to continue.
# Native memory allocation (malloc) failed to allocate 1738896 bytes for Chunk::new
# Possible reasons:
#   The system is out of physical RAM or swap space
#   The process is running with CompressedOops enabled, and the Java Heap may be blocking the growth of the native heap
# Possible solutions:
#   Reduce memory load on the system
#   Increase physical memory or swap space
#   Check if swap backing store is full
#   Decrease Java heap size (-Xmx/-Xms)
#   Decrease number of Java threads
#   Decrease Java thread stack sizes (-Xss)
#   Set larger code cache with -XX:ReservedCodeCacheSize=
#   JVM is running with Unscaled Compressed Oops mode in which the Java heap is
#     placed in the first 4GB address space. The Java Heap base address is the
#     maximum limit for the native heap growth. Please use -XX:HeapBaseMinAddress
#     to set the Java Heap base and to place the Java Heap above 4GB virtual address.
# This output file may be truncated or incomplete.
#
#  Out of Memory Error (./open/src/hotspot/share/memory/arena.cpp:195), pid=1828, tid=14612
#
# JRE version: Java(TM) SE Runtime Environment (14.0.2+12) (build 14.0.2+12-46)
# Java VM: Java HotSpot(TM) 64-Bit Server VM (14.0.2+12-46, mixed mode, sharing, tiered, compressed oops, g1 gc, windows-amd64)
# No core dump will be written. Minidumps are not enabled by default on client versions of Windows
#

---------------  S U M M A R Y ------------

Command Line: -ea -Dfile.encoding=UTF-8 org.eclipse.jdt.internal.junit.runner.RemoteTestRunner -version 3 -port 58885 -testLoaderClass org.eclipse.jdt.internal.junit5.runner.JUnit5TestLoader -loaderpluginname org.eclipse.jdt.junit5.runtime -classNames com.example.demo.RizaSampleApplicationTests

Host: Intel(R) Core(TM) i3-1000NG4 CPU @ 1.10GHz, 4 cores, 7G,  Windows 10 , 64 bit Build 19041 (10.0.19041.292)
Time: Sat Aug 29 19:57:00 2020 “Œ‹ž (•W€Žž) elapsed time: 3 seconds (0d 0h 0m 3s)

---------------  T H R E A D  ---------------

Current thread (0x0000026e24061000):  JavaThread "C2 CompilerThread0" daemon [_thread_in_native, id=14612, stack(0x000000a217a00000,0x000000a217b00000)]


Current CompileTask:
C2:   3219 2826       4       com.ibm.msg.client.wmq.compat.base.internal.MQMessage::readConvertedLine (393 bytes)

Stack: [0x000000a217a00000,0x000000a217b00000]
Native frames: (J=compiled Java code, j=interpreted, Vv=VM code, C=native code)
V  [jvm.dll+0x5f8a9a]
V  [jvm.dll+0x74247a]
V  [jvm.dll+0x743c2f]
V  [jvm.dll+0x744273]
V  [jvm.dll+0x20d288]
V  [jvm.dll+0xabb07]
V  [jvm.dll+0xac1fc]
V  [jvm.dll+0x31c438]
V  [jvm.dll+0x2e6b38]
V  [jvm.dll+0x2e5f3a]
V  [jvm.dll+0x1e5e16]
V  [jvm.dll+0x1e50b8]
V  [jvm.dll+0x1779cc]
V  [jvm.dll+0x1f4105]
V  [jvm.dll+0x1f22eb]
V  [jvm.dll+0x7070cd]
V  [jvm.dll+0x6ffeda]
V  [jvm.dll+0x5f78f6]
C  [ucrtbase.dll+0x21542]
C  [KERNEL32.DLL+0x16fd4]
C  [ntdll.dll+0x4cec1]


---------------  P R O C E S S  ---------------

Threads class SMR info:
_java_thread_list=0x0000026e255e2b30, length=13, elements={
0x0000026e05973800, 0x0000026e24032800, 0x0000026e24036000, 0x0000026e24056800,
0x0000026e24057800, 0x0000026e2405a000, 0x0000026e24061000, 0x0000026e24066800,
0x0000026e24071800, 0x0000026e249a9000, 0x0000026e249d0000, 0x0000026e2534c800,
0x0000026e250d4800
}

Java Threads: ( => current thread )
  0x0000026e05973800 JavaThread "main" [_thread_in_native, id=6328, stack(0x000000a216e00000,0x000000a216f00000)]
  0x0000026e24032800 JavaThread "Reference Handler" daemon [_thread_blocked, id=15348, stack(0x000000a217500000,0x000000a217600000)]
  0x0000026e24036000 JavaThread "Finalizer" daemon [_thread_blocked, id=13924, stack(0x000000a217600000,0x000000a217700000)]
  0x0000026e24056800 JavaThread "Signal Dispatcher" daemon [_thread_blocked, id=5248, stack(0x000000a217700000,0x000000a217800000)]
  0x0000026e24057800 JavaThread "Attach Listener" daemon [_thread_blocked, id=13100, stack(0x000000a217800000,0x000000a217900000)]
  0x0000026e2405a000 JavaThread "Service Thread" daemon [_thread_blocked, id=13036, stack(0x000000a217900000,0x000000a217a00000)]
=>0x0000026e24061000 JavaThread "C2 CompilerThread0" daemon [_thread_in_native, id=14612, stack(0x000000a217a00000,0x000000a217b00000)]
  0x0000026e24066800 JavaThread "C1 CompilerThread0" daemon [_thread_blocked, id=7320, stack(0x000000a217b00000,0x000000a217c00000)]
  0x0000026e24071800 JavaThread "Sweeper thread" daemon [_thread_blocked, id=7708, stack(0x000000a217c00000,0x000000a217d00000)]
  0x0000026e249a9000 JavaThread "Notification Thread" daemon [_thread_blocked, id=6916, stack(0x000000a217d00000,0x000000a217e00000)]
  0x0000026e249d0000 JavaThread "Common-Cleaner" daemon [_thread_blocked, id=9900, stack(0x000000a217f00000,0x000000a218000000)]
  0x0000026e2534c800 JavaThread "ReaderThread" [_thread_in_native, id=8748, stack(0x000000a218000000,0x000000a218100000)]
  0x0000026e250d4800 JavaThread "C2 CompilerThread1" daemon [_thread_blocked, id=13504, stack(0x000000a218400000,0x000000a218500000)]

Other Threads:
  0x0000026e24031000 VMThread "VM Thread" [stack: 0x000000a217400000,0x000000a217500000] [id=2488]
  0x0000026e249cf800 WatcherThread [stack: 0x000000a217e00000,0x000000a217f00000] [id=6428]
  0x0000026e059b4800 GCTaskThread "GC Thread#0" [stack: 0x000000a216f00000,0x000000a217000000] [id=3596]
  0x0000026e24fd6800 GCTaskThread "GC Thread#1" [stack: 0x000000a218100000,0x000000a218200000] [id=9424]
  0x0000026e25029000 GCTaskThread "GC Thread#2" [stack: 0x000000a218200000,0x000000a218300000] [id=9536]
  0x0000026e2502a000 GCTaskThread "GC Thread#3" [stack: 0x000000a218300000,0x000000a218400000] [id=8356]
  0x0000026e059c7000 ConcurrentGCThread "G1 Main Marker" [stack: 0x000000a217000000,0x000000a217100000] [id=15252]
  0x0000026e059c9800 ConcurrentGCThread "G1 Conc#0" [stack: 0x000000a217100000,0x000000a217200000] [id=12804]
  0x0000026e23eb0800 ConcurrentGCThread "G1 Refine#0" [stack: 0x000000a217200000,0x000000a217300000] [id=15012]
  0x0000026e23eb1800 ConcurrentGCThread "G1 Young RemSet Sampling" [stack: 0x000000a217300000,0x000000a217400000] [id=12084]

Threads with active compile tasks:
C2 CompilerThread0     3237 2826       4       com.ibm.msg.client.wmq.compat.base.internal.MQMessage::readConvertedLine (393 bytes)

VM state:not at safepoint (normal execution)

VM Mutex/Monitor currently owned by a thread: None

Heap address: 0x0000000083000000, size: 2000 MB, Compressed Oops mode: 32-bit
Narrow klass base: 0x0000000800000000, Narrow klass shift: 3
Compressed class space size: 1073741824 Address: 0x0000000800b30000

Heap:
 garbage-first heap   total 155648K, used 78417K [0x0000000083000000, 0x0000000100000000)
  region size 1024K, 74 young (75776K), 6 survivors (6144K)
 Metaspace       used 17301K, capacity 18010K, committed 18176K, reserved 1064960K
  class space    used 1998K, capacity 2258K, committed 2304K, reserved 1048576K
Heap Regions: E=young(eden), S=young(survivor), O=old, HS=humongous(starts), HC=humongous(continues), CS=collection set, F=free, OA=open archive, CA=closed archive, TAMS=top-at-mark-start (previous, next)
|   0|0x0000000083000000, 0x0000000083100000, 0x0000000083100000|100%| O|  |TAMS 0x0000000083000000, 0x0000000083000000| Untracked 
|   1|0x0000000083100000, 0x0000000083200000, 0x0000000083200000|100%| O|  |TAMS 0x0000000083100000, 0x0000000083100000| Untracked 
|   2|0x0000000083200000, 0x0000000083300000, 0x0000000083300000|100%| O|  |TAMS 0x0000000083200000, 0x0000000083200000| Untracked 
|   3|0x0000000083300000, 0x0000000083400000, 0x0000000083400000|100%| O|  |TAMS 0x0000000083300000, 0x0000000083300000| Untracked 
|   4|0x0000000083400000, 0x000000008345cc00, 0x0000000083500000| 36%| O|  |TAMS 0x0000000083400000, 0x0000000083400000| Untracked 
|   5|0x0000000083500000, 0x0000000083500000, 0x0000000083600000|  0%| F|  |TAMS 0x0000000083500000, 0x0000000083500000| Untracked 
|   6|0x0000000083600000, 0x0000000083600000, 0x0000000083700000|  0%| F|  |TAMS 0x0000000083600000, 0x0000000083600000| Untracked 
|   7|0x0000000083700000, 0x0000000083700000, 0x0000000083800000|  0%| F|  |TAMS 0x0000000083700000, 0x0000000083700000| Untracked 
|   8|0x0000000083800000, 0x0000000083800000, 0x0000000083900000|  0%| F|  |TAMS 0x0000000083800000, 0x0000000083800000| Untracked 
|   9|0x0000000083900000, 0x0000000083900000, 0x0000000083a00000|  0%| F|  |TAMS 0x0000000083900000, 0x0000000083900000| Untracked 
|  10|0x0000000083a00000, 0x0000000083a00000, 0x0000000083b00000|  0%| F|  |TAMS 0x0000000083a00000, 0x0000000083a00000| Untracked 
|  11|0x0000000083b00000, 0x0000000083b00000, 0x0000000083c00000|  0%| F|  |TAMS 0x0000000083b00000, 0x0000000083b00000| Untracked 
|  12|0x0000000083c00000, 0x0000000083c00000, 0x0000000083d00000|  0%| F|  |TAMS 0x0000000083c00000, 0x0000000083c00000| Untracked 
|  13|0x0000000083d00000, 0x0000000083d00000, 0x0000000083e00000|  0%| F|  |TAMS 0x0000000083d00000, 0x0000000083d00000| Untracked 
|  14|0x0000000083e00000, 0x0000000083e00000, 0x0000000083f00000|  0%| F|  |TAMS 0x0000000083e00000, 0x0000000083e00000| Untracked 
|  15|0x0000000083f00000, 0x0000000083f00000, 0x0000000084000000|  0%| F|  |TAMS 0x0000000083f00000, 0x0000000083f00000| Untracked 
|  16|0x0000000084000000, 0x0000000084000000, 0x0000000084100000|  0%| F|  |TAMS 0x0000000084000000, 0x0000000084000000| Untracked 
|  17|0x0000000084100000, 0x0000000084100000, 0x0000000084200000|  0%| F|  |TAMS 0x0000000084100000, 0x0000000084100000| Untracked 
|  18|0x0000000084200000, 0x0000000084200000, 0x0000000084300000|  0%| F|  |TAMS 0x0000000084200000, 0x0000000084200000| Untracked 
|  19|0x0000000084300000, 0x0000000084300000, 0x0000000084400000|  0%| F|  |TAMS 0x0000000084300000, 0x0000000084300000| Untracked 
|  20|0x0000000084400000, 0x0000000084400000, 0x0000000084500000|  0%| F|  |TAMS 0x0000000084400000, 0x0000000084400000| Untracked 
|  21|0x0000000084500000, 0x0000000084500000, 0x0000000084600000|  0%| F|  |TAMS 0x0000000084500000, 0x0000000084500000| Untracked 
|  22|0x0000000084600000, 0x0000000084600000, 0x0000000084700000|  0%| F|  |TAMS 0x0000000084600000, 0x0000000084600000| Untracked 
|  23|0x0000000084700000, 0x0000000084700000, 0x0000000084800000|  0%| F|  |TAMS 0x0000000084700000, 0x0000000084700000| Untracked 
|  24|0x0000000084800000, 0x0000000084800000, 0x0000000084900000|  0%| F|  |TAMS 0x0000000084800000, 0x0000000084800000| Untracked 
|  25|0x0000000084900000, 0x0000000084900000, 0x0000000084a00000|  0%| F|  |TAMS 0x0000000084900000, 0x0000000084900000| Untracked 
|  26|0x0000000084a00000, 0x0000000084a00000, 0x0000000084b00000|  0%| F|  |TAMS 0x0000000084a00000, 0x0000000084a00000| Untracked 
|  27|0x0000000084b00000, 0x0000000084b00000, 0x0000000084c00000|  0%| F|  |TAMS 0x0000000084b00000, 0x0000000084b00000| Untracked 
|  28|0x0000000084c00000, 0x0000000084c00000, 0x0000000084d00000|  0%| F|  |TAMS 0x0000000084c00000, 0x0000000084c00000| Untracked 
|  29|0x0000000084d00000, 0x0000000084d00000, 0x0000000084e00000|  0%| F|  |TAMS 0x0000000084d00000, 0x0000000084d00000| Untracked 
|  30|0x0000000084e00000, 0x0000000084e00000, 0x0000000084f00000|  0%| F|  |TAMS 0x0000000084e00000, 0x0000000084e00000| Untracked 
|  31|0x0000000084f00000, 0x0000000084f00000, 0x0000000085000000|  0%| F|  |TAMS 0x0000000084f00000, 0x0000000084f00000| Untracked 
|  32|0x0000000085000000, 0x0000000085000000, 0x0000000085100000|  0%| F|  |TAMS 0x0000000085000000, 0x0000000085000000| Untracked 
|  33|0x0000000085100000, 0x0000000085100000, 0x0000000085200000|  0%| F|  |TAMS 0x0000000085100000, 0x0000000085100000| Untracked 
|  34|0x0000000085200000, 0x0000000085200000, 0x0000000085300000|  0%| F|  |TAMS 0x0000000085200000, 0x0000000085200000| Untracked 
|  35|0x0000000085300000, 0x0000000085300000, 0x0000000085400000|  0%| F|  |TAMS 0x0000000085300000, 0x0000000085300000| Untracked 
|  36|0x0000000085400000, 0x0000000085400000, 0x0000000085500000|  0%| F|  |TAMS 0x0000000085400000, 0x0000000085400000| Untracked 
|  37|0x0000000085500000, 0x0000000085500000, 0x0000000085600000|  0%| F|  |TAMS 0x0000000085500000, 0x0000000085500000| Untracked 
|  38|0x0000000085600000, 0x0000000085600000, 0x0000000085700000|  0%| F|  |TAMS 0x0000000085600000, 0x0000000085600000| Untracked 
|  39|0x0000000085700000, 0x0000000085700000, 0x0000000085800000|  0%| F|  |TAMS 0x0000000085700000, 0x0000000085700000| Untracked 
|  40|0x0000000085800000, 0x0000000085800000, 0x0000000085900000|  0%| F|  |TAMS 0x0000000085800000, 0x0000000085800000| Untracked 
|  41|0x0000000085900000, 0x0000000085900000, 0x0000000085a00000|  0%| F|  |TAMS 0x0000000085900000, 0x0000000085900000| Untracked 
|  42|0x0000000085a00000, 0x0000000085a00000, 0x0000000085b00000|  0%| F|  |TAMS 0x0000000085a00000, 0x0000000085a00000| Untracked 
|  43|0x0000000085b00000, 0x0000000085b00000, 0x0000000085c00000|  0%| F|  |TAMS 0x0000000085b00000, 0x0000000085b00000| Untracked 
|  44|0x0000000085c00000, 0x0000000085c00000, 0x0000000085d00000|  0%| F|  |TAMS 0x0000000085c00000, 0x0000000085c00000| Untracked 
|  45|0x0000000085d00000, 0x0000000085d00000, 0x0000000085e00000|  0%| F|  |TAMS 0x0000000085d00000, 0x0000000085d00000| Untracked 
|  46|0x0000000085e00000, 0x0000000085e00000, 0x0000000085f00000|  0%| F|  |TAMS 0x0000000085e00000, 0x0000000085e00000| Untracked 
|  47|0x0000000085f00000, 0x0000000085f00000, 0x0000000086000000|  0%| F|  |TAMS 0x0000000085f00000, 0x0000000085f00000| Untracked 
|  48|0x0000000086000000, 0x0000000086000000, 0x0000000086100000|  0%| F|  |TAMS 0x0000000086000000, 0x0000000086000000| Untracked 
|  49|0x0000000086100000, 0x0000000086100000, 0x0000000086200000|  0%| F|  |TAMS 0x0000000086100000, 0x0000000086100000| Untracked 
|  50|0x0000000086200000, 0x0000000086200000, 0x0000000086300000|  0%| F|  |TAMS 0x0000000086200000, 0x0000000086200000| Untracked 
|  51|0x0000000086300000, 0x0000000086300000, 0x0000000086400000|  0%| F|  |TAMS 0x0000000086300000, 0x0000000086300000| Untracked 
|  52|0x0000000086400000, 0x0000000086400000, 0x0000000086500000|  0%| F|  |TAMS 0x0000000086400000, 0x0000000086400000| Untracked 
|  53|0x0000000086500000, 0x0000000086500000, 0x0000000086600000|  0%| F|  |TAMS 0x0000000086500000, 0x0000000086500000| Untracked 
|  54|0x0000000086600000, 0x0000000086600000, 0x0000000086700000|  0%| F|  |TAMS 0x0000000086600000, 0x0000000086600000| Untracked 
|  55|0x0000000086700000, 0x0000000086700000, 0x0000000086800000|  0%| F|  |TAMS 0x0000000086700000, 0x0000000086700000| Untracked 
|  56|0x0000000086800000, 0x0000000086800000, 0x0000000086900000|  0%| F|  |TAMS 0x0000000086800000, 0x0000000086800000| Untracked 
|  57|0x0000000086900000, 0x0000000086900000, 0x0000000086a00000|  0%| F|  |TAMS 0x0000000086900000, 0x0000000086900000| Untracked 
|  58|0x0000000086a00000, 0x0000000086a00000, 0x0000000086b00000|  0%| F|  |TAMS 0x0000000086a00000, 0x0000000086a00000| Untracked 
|  59|0x0000000086b00000, 0x0000000086b00000, 0x0000000086c00000|  0%| F|  |TAMS 0x0000000086b00000, 0x0000000086b00000| Untracked 
|  60|0x0000000086c00000, 0x0000000086c37870, 0x0000000086d00000| 21%| S|CS|TAMS 0x0000000086c00000, 0x0000000086c00000| Complete 
|  61|0x0000000086d00000, 0x0000000086e00000, 0x0000000086e00000|100%| S|CS|TAMS 0x0000000086d00000, 0x0000000086d00000| Complete 
|  62|0x0000000086e00000, 0x0000000086f00000, 0x0000000086f00000|100%| S|CS|TAMS 0x0000000086e00000, 0x0000000086e00000| Complete 
|  63|0x0000000086f00000, 0x0000000087000000, 0x0000000087000000|100%| S|CS|TAMS 0x0000000086f00000, 0x0000000086f00000| Complete 
|  64|0x0000000087000000, 0x0000000087100000, 0x0000000087100000|100%| S|CS|TAMS 0x0000000087000000, 0x0000000087000000| Complete 
|  65|0x0000000087100000, 0x0000000087200000, 0x0000000087200000|100%| S|CS|TAMS 0x0000000087100000, 0x0000000087100000| Complete 
|  66|0x0000000087200000, 0x0000000087200000, 0x0000000087300000|  0%| F|  |TAMS 0x0000000087200000, 0x0000000087200000| Untracked 
|  67|0x0000000087300000, 0x0000000087300000, 0x0000000087400000|  0%| F|  |TAMS 0x0000000087300000, 0x0000000087300000| Untracked 
|  68|0x0000000087400000, 0x0000000087400000, 0x0000000087500000|  0%| F|  |TAMS 0x0000000087400000, 0x0000000087400000| Untracked 
|  69|0x0000000087500000, 0x0000000087500000, 0x0000000087600000|  0%| F|  |TAMS 0x0000000087500000, 0x0000000087500000| Untracked 
|  70|0x0000000087600000, 0x0000000087600000, 0x0000000087700000|  0%| F|  |TAMS 0x0000000087600000, 0x0000000087600000| Untracked 
|  71|0x0000000087700000, 0x0000000087700000, 0x0000000087800000|  0%| F|  |TAMS 0x0000000087700000, 0x0000000087700000| Untracked 
|  72|0x0000000087800000, 0x0000000087800000, 0x0000000087900000|  0%| F|  |TAMS 0x0000000087800000, 0x0000000087800000| Untracked 
|  73|0x0000000087900000, 0x0000000087900000, 0x0000000087a00000|  0%| F|  |TAMS 0x0000000087900000, 0x0000000087900000| Untracked 
|  74|0x0000000087a00000, 0x0000000087a00000, 0x0000000087b00000|  0%| F|  |TAMS 0x0000000087a00000, 0x0000000087a00000| Untracked 
|  75|0x0000000087b00000, 0x0000000087b00000, 0x0000000087c00000|  0%| F|  |TAMS 0x0000000087b00000, 0x0000000087b00000| Untracked 
|  76|0x0000000087c00000, 0x0000000087c00000, 0x0000000087d00000|  0%| F|  |TAMS 0x0000000087c00000, 0x0000000087c00000| Untracked 
|  77|0x0000000087d00000, 0x0000000087d00000, 0x0000000087e00000|  0%| F|  |TAMS 0x0000000087d00000, 0x0000000087d00000| Untracked 
|  78|0x0000000087e00000, 0x0000000087e00000, 0x0000000087f00000|  0%| F|  |TAMS 0x0000000087e00000, 0x0000000087e00000| Untracked 
|  79|0x0000000087f00000, 0x0000000087f00000, 0x0000000088000000|  0%| F|  |TAMS 0x0000000087f00000, 0x0000000087f00000| Untracked 
|  80|0x0000000088000000, 0x0000000088000000, 0x0000000088100000|  0%| F|  |TAMS 0x0000000088000000, 0x0000000088000000| Untracked 
|  81|0x0000000088100000, 0x0000000088100000, 0x0000000088200000|  0%| F|  |TAMS 0x0000000088100000, 0x0000000088100000| Untracked 
|  82|0x0000000088200000, 0x0000000088200000, 0x0000000088300000|  0%| F|  |TAMS 0x0000000088200000, 0x0000000088200000| Untracked 
|  83|0x0000000088300000, 0x0000000088300000, 0x0000000088400000|  0%| F|  |TAMS 0x0000000088300000, 0x0000000088300000| Untracked 
|  84|0x0000000088400000, 0x0000000088500000, 0x0000000088500000|100%| E|  |TAMS 0x0000000088400000, 0x0000000088400000| Complete 
|  85|0x0000000088500000, 0x0000000088600000, 0x0000000088600000|100%| E|CS|TAMS 0x0000000088500000, 0x0000000088500000| Complete 
|  86|0x0000000088600000, 0x0000000088700000, 0x0000000088700000|100%| E|CS|TAMS 0x0000000088600000, 0x0000000088600000| Complete 
|  87|0x0000000088700000, 0x0000000088800000, 0x0000000088800000|100%| E|CS|TAMS 0x0000000088700000, 0x0000000088700000| Complete 
|  88|0x0000000088800000, 0x0000000088900000, 0x0000000088900000|100%| E|CS|TAMS 0x0000000088800000, 0x0000000088800000| Complete 
|  89|0x0000000088900000, 0x0000000088a00000, 0x0000000088a00000|100%| E|CS|TAMS 0x0000000088900000, 0x0000000088900000| Complete 
|  90|0x0000000088a00000, 0x0000000088b00000, 0x0000000088b00000|100%| E|CS|TAMS 0x0000000088a00000, 0x0000000088a00000| Complete 
|  91|0x0000000088b00000, 0x0000000088c00000, 0x0000000088c00000|100%| E|CS|TAMS 0x0000000088b00000, 0x0000000088b00000| Complete 
|  92|0x0000000088c00000, 0x0000000088d00000, 0x0000000088d00000|100%| E|CS|TAMS 0x0000000088c00000, 0x0000000088c00000| Complete 
|  93|0x0000000088d00000, 0x0000000088e00000, 0x0000000088e00000|100%| E|CS|TAMS 0x0000000088d00000, 0x0000000088d00000| Complete 
|  94|0x0000000088e00000, 0x0000000088f00000, 0x0000000088f00000|100%| E|CS|TAMS 0x0000000088e00000, 0x0000000088e00000| Complete 
|  95|0x0000000088f00000, 0x0000000089000000, 0x0000000089000000|100%| E|CS|TAMS 0x0000000088f00000, 0x0000000088f00000| Complete 
|  96|0x0000000089000000, 0x0000000089100000, 0x0000000089100000|100%| E|CS|TAMS 0x0000000089000000, 0x0000000089000000| Complete 
|  97|0x0000000089100000, 0x0000000089200000, 0x0000000089200000|100%| E|CS|TAMS 0x0000000089100000, 0x0000000089100000| Complete 
|  98|0x0000000089200000, 0x0000000089300000, 0x0000000089300000|100%| E|CS|TAMS 0x0000000089200000, 0x0000000089200000| Complete 
|  99|0x0000000089300000, 0x0000000089400000, 0x0000000089400000|100%| E|CS|TAMS 0x0000000089300000, 0x0000000089300000| Complete 
| 100|0x0000000089400000, 0x0000000089500000, 0x0000000089500000|100%| E|CS|TAMS 0x0000000089400000, 0x0000000089400000| Complete 
| 101|0x0000000089500000, 0x0000000089600000, 0x0000000089600000|100%| E|CS|TAMS 0x0000000089500000, 0x0000000089500000| Complete 
| 102|0x0000000089600000, 0x0000000089700000, 0x0000000089700000|100%| E|CS|TAMS 0x0000000089600000, 0x0000000089600000| Complete 
| 103|0x0000000089700000, 0x0000000089800000, 0x0000000089800000|100%| E|CS|TAMS 0x0000000089700000, 0x0000000089700000| Complete 
| 104|0x0000000089800000, 0x0000000089900000, 0x0000000089900000|100%| E|CS|TAMS 0x0000000089800000, 0x0000000089800000| Complete 
| 105|0x0000000089900000, 0x0000000089a00000, 0x0000000089a00000|100%| E|CS|TAMS 0x0000000089900000, 0x0000000089900000| Complete 
| 106|0x0000000089a00000, 0x0000000089b00000, 0x0000000089b00000|100%| E|CS|TAMS 0x0000000089a00000, 0x0000000089a00000| Complete 
| 107|0x0000000089b00000, 0x0000000089c00000, 0x0000000089c00000|100%| E|CS|TAMS 0x0000000089b00000, 0x0000000089b00000| Complete 
| 108|0x0000000089c00000, 0x0000000089d00000, 0x0000000089d00000|100%| E|CS|TAMS 0x0000000089c00000, 0x0000000089c00000| Complete 
| 109|0x0000000089d00000, 0x0000000089e00000, 0x0000000089e00000|100%| E|CS|TAMS 0x0000000089d00000, 0x0000000089d00000| Complete 
| 110|0x0000000089e00000, 0x0000000089f00000, 0x0000000089f00000|100%| E|CS|TAMS 0x0000000089e00000, 0x0000000089e00000| Complete 
| 111|0x0000000089f00000, 0x000000008a000000, 0x000000008a000000|100%| E|CS|TAMS 0x0000000089f00000, 0x0000000089f00000| Complete 
| 112|0x000000008a000000, 0x000000008a100000, 0x000000008a100000|100%| E|CS|TAMS 0x000000008a000000, 0x000000008a000000| Complete 
| 113|0x000000008a100000, 0x000000008a200000, 0x000000008a200000|100%| E|CS|TAMS 0x000000008a100000, 0x000000008a100000| Complete 
| 114|0x000000008a200000, 0x000000008a300000, 0x000000008a300000|100%| E|CS|TAMS 0x000000008a200000, 0x000000008a200000| Complete 
| 115|0x000000008a300000, 0x000000008a400000, 0x000000008a400000|100%| E|CS|TAMS 0x000000008a300000, 0x000000008a300000| Complete 
| 116|0x000000008a400000, 0x000000008a500000, 0x000000008a500000|100%| E|CS|TAMS 0x000000008a400000, 0x000000008a400000| Complete 
| 117|0x000000008a500000, 0x000000008a600000, 0x000000008a600000|100%| E|CS|TAMS 0x000000008a500000, 0x000000008a500000| Complete 
| 118|0x000000008a600000, 0x000000008a700000, 0x000000008a700000|100%| E|CS|TAMS 0x000000008a600000, 0x000000008a600000| Complete 
| 119|0x000000008a700000, 0x000000008a800000, 0x000000008a800000|100%| E|CS|TAMS 0x000000008a700000, 0x000000008a700000| Complete 
| 120|0x000000008a800000, 0x000000008a900000, 0x000000008a900000|100%| E|CS|TAMS 0x000000008a800000, 0x000000008a800000| Complete 
| 121|0x000000008a900000, 0x000000008aa00000, 0x000000008aa00000|100%| E|CS|TAMS 0x000000008a900000, 0x000000008a900000| Complete 
| 122|0x000000008aa00000, 0x000000008ab00000, 0x000000008ab00000|100%| E|CS|TAMS 0x000000008aa00000, 0x000000008aa00000| Complete 
| 123|0x000000008ab00000, 0x000000008ac00000, 0x000000008ac00000|100%| E|CS|TAMS 0x000000008ab00000, 0x000000008ab00000| Complete 
| 124|0x000000008ac00000, 0x000000008ad00000, 0x000000008ad00000|100%| E|CS|TAMS 0x000000008ac00000, 0x000000008ac00000| Complete 
| 125|0x000000008ad00000, 0x000000008ae00000, 0x000000008ae00000|100%| E|CS|TAMS 0x000000008ad00000, 0x000000008ad00000| Complete 
| 126|0x000000008ae00000, 0x000000008af00000, 0x000000008af00000|100%| E|CS|TAMS 0x000000008ae00000, 0x000000008ae00000| Complete 
| 127|0x000000008af00000, 0x000000008b000000, 0x000000008b000000|100%| E|CS|TAMS 0x000000008af00000, 0x000000008af00000| Complete 
| 128|0x000000008b000000, 0x000000008b100000, 0x000000008b100000|100%| E|CS|TAMS 0x000000008b000000, 0x000000008b000000| Complete 
| 129|0x000000008b100000, 0x000000008b200000, 0x000000008b200000|100%| E|CS|TAMS 0x000000008b100000, 0x000000008b100000| Complete 
| 130|0x000000008b200000, 0x000000008b300000, 0x000000008b300000|100%| E|CS|TAMS 0x000000008b200000, 0x000000008b200000| Complete 
| 131|0x000000008b300000, 0x000000008b400000, 0x000000008b400000|100%| E|CS|TAMS 0x000000008b300000, 0x000000008b300000| Complete 
| 132|0x000000008b400000, 0x000000008b500000, 0x000000008b500000|100%| E|CS|TAMS 0x000000008b400000, 0x000000008b400000| Complete 
| 133|0x000000008b500000, 0x000000008b600000, 0x000000008b600000|100%| E|CS|TAMS 0x000000008b500000, 0x000000008b500000| Complete 
| 134|0x000000008b600000, 0x000000008b700000, 0x000000008b700000|100%| E|CS|TAMS 0x000000008b600000, 0x000000008b600000| Complete 
| 135|0x000000008b700000, 0x000000008b800000, 0x000000008b800000|100%| E|CS|TAMS 0x000000008b700000, 0x000000008b700000| Complete 
| 136|0x000000008b800000, 0x000000008b900000, 0x000000008b900000|100%| E|CS|TAMS 0x000000008b800000, 0x000000008b800000| Complete 
| 137|0x000000008b900000, 0x000000008ba00000, 0x000000008ba00000|100%| E|CS|TAMS 0x000000008b900000, 0x000000008b900000| Complete 
| 138|0x000000008ba00000, 0x000000008bb00000, 0x000000008bb00000|100%| E|CS|TAMS 0x000000008ba00000, 0x000000008ba00000| Complete 
| 139|0x000000008bb00000, 0x000000008bc00000, 0x000000008bc00000|100%| E|CS|TAMS 0x000000008bb00000, 0x000000008bb00000| Complete 
| 140|0x000000008bc00000, 0x000000008bd00000, 0x000000008bd00000|100%| E|CS|TAMS 0x000000008bc00000, 0x000000008bc00000| Complete 
| 141|0x000000008bd00000, 0x000000008be00000, 0x000000008be00000|100%| E|CS|TAMS 0x000000008bd00000, 0x000000008bd00000| Complete 
| 142|0x000000008be00000, 0x000000008bf00000, 0x000000008bf00000|100%| E|CS|TAMS 0x000000008be00000, 0x000000008be00000| Complete 
| 143|0x000000008bf00000, 0x000000008c000000, 0x000000008c000000|100%| E|CS|TAMS 0x000000008bf00000, 0x000000008bf00000| Complete 
| 144|0x000000008c000000, 0x000000008c100000, 0x000000008c100000|100%| E|CS|TAMS 0x000000008c000000, 0x000000008c000000| Complete 
| 145|0x000000008c100000, 0x000000008c200000, 0x000000008c200000|100%| E|CS|TAMS 0x000000008c100000, 0x000000008c100000| Complete 
| 146|0x000000008c200000, 0x000000008c300000, 0x000000008c300000|100%| E|CS|TAMS 0x000000008c200000, 0x000000008c200000| Complete 
| 147|0x000000008c300000, 0x000000008c400000, 0x000000008c400000|100%| E|CS|TAMS 0x000000008c300000, 0x000000008c300000| Complete 
| 148|0x000000008c400000, 0x000000008c500000, 0x000000008c500000|100%| E|CS|TAMS 0x000000008c400000, 0x000000008c400000| Complete 
| 149|0x000000008c500000, 0x000000008c600000, 0x000000008c600000|100%| E|CS|TAMS 0x000000008c500000, 0x000000008c500000| Complete 
| 150|0x000000008c600000, 0x000000008c700000, 0x000000008c700000|100%| E|CS|TAMS 0x000000008c600000, 0x000000008c600000| Complete 
| 151|0x000000008c700000, 0x000000008c800000, 0x000000008c800000|100%| E|CS|TAMS 0x000000008c700000, 0x000000008c700000| Complete 

Card table byte_map: [0x0000026e1d510000,0x0000026e1d900000] _byte_map_base: 0x0000026e1d0f8000

Marking Bits (Prev, Next): (CMBitMap*) 0x0000026e059b62e8, (CMBitMap*) 0x0000026e059b6328
 Prev Bits: [0x0000026e1dcf0000, 0x0000026e1fc30000)
 Next Bits: [0x0000026e1fc30000, 0x0000026e21b70000)

Polling page: 0x0000026e03780000

Metaspace:

Usage:
  Non-class:     15.38 MB capacity,    14.94 MB ( 97%) used,   377.49 KB (  2%) free+waste,    71.94 KB ( <1%) overhead. 
      Class:      2.21 MB capacity,     1.95 MB ( 89%) used,   222.38 KB ( 10%) free+waste,    37.00 KB (  2%) overhead. 
       Both:     17.59 MB capacity,    16.90 MB ( 96%) used,   599.87 KB (  3%) free+waste,   108.94 KB ( <1%) overhead. 

Virtual space:
  Non-class space:       16.00 MB reserved,      15.50 MB ( 97%) committed 
      Class space:        1.00 GB reserved,       2.25 MB ( <1%) committed 
             Both:        1.02 GB reserved,      17.75 MB (  2%) committed 

Chunk freelists:
   Non-Class:  56.00 KB
       Class:  14.00 KB
        Both:  70.00 KB

MaxMetaspaceSize: 17179869184.00 GB
CompressedClassSpaceSize: 1.00 GB

CodeHeap 'non-profiled nmethods': size=120000Kb used=1305Kb max_used=1305Kb free=118694Kb
 bounds [0x0000026e15bf0000, 0x0000026e15e60000, 0x0000026e1d120000]
CodeHeap 'profiled nmethods': size=120000Kb used=6270Kb max_used=6270Kb free=113730Kb
 bounds [0x0000026e0e6c0000, 0x0000026e0ece0000, 0x0000026e15bf0000]
CodeHeap 'non-nmethods': size=5760Kb used=1278Kb max_used=1348Kb free=4481Kb
 bounds [0x0000026e0e120000, 0x0000026e0e390000, 0x0000026e0e6c0000]
 total_blobs=3439 nmethods=2897 adapters=453
 compilation: enabled
              stopped_count=0, restarted_count=0
 full_count=0

Compilation events (20 events):
Event: 3.215 Thread 0x0000026e250d4800 2901       4       java.util.stream.Sink::begin (1 bytes)
Event: 3.215 Thread 0x0000026e250d4800 nmethod 2901 0x0000026e15d36010 code [0x0000026e15d36180, 0x0000026e15d361f8]
Event: 3.215 Thread 0x0000026e24066800 nmethod 2891 0x0000026e0ecd9190 code [0x0000026e0ecd9400, 0x0000026e0ecd9e58]
Event: 3.215 Thread 0x0000026e24066800 2893       3       java.util.stream.IntPipeline$9$1::accept (27 bytes)
Event: 3.216 Thread 0x0000026e24066800 nmethod 2893 0x0000026e0ecda210 code [0x0000026e0ecda400, 0x0000026e0ecda908]
Event: 3.216 Thread 0x0000026e24066800 2894       3       java.text.DecimalFormatSymbols$$Lambda$35/0x0000000800ba4c40::test (5 bytes)
Event: 3.216 Thread 0x0000026e24066800 nmethod 2894 0x0000026e0ecdab10 code [0x0000026e0ecdace0, 0x0000026e0ecdb018]
Event: 3.216 Thread 0x0000026e24066800 2895       3       java.text.DecimalFormatSymbols::lambda$findNonFormatChar$0 (15 bytes)
Event: 3.216 Thread 0x0000026e24066800 nmethod 2895 0x0000026e0ecdb190 code [0x0000026e0ecdb340, 0x0000026e0ecdb5d8]
Event: 3.216 Thread 0x0000026e24066800 2896       3       java.util.stream.FindOps$FindSink$OfInt::accept (9 bytes)
Event: 3.216 Thread 0x0000026e24066800 nmethod 2896 0x0000026e0ecdb710 code [0x0000026e0ecdb8e0, 0x0000026e0ecdbe18]
Event: 3.216 Thread 0x0000026e24066800 2897       3       java.util.stream.FindOps$FindSink$OfInt::get (5 bytes)
Event: 3.216 Thread 0x0000026e24066800 nmethod 2897 0x0000026e0ecdc010 code [0x0000026e0ecdc1e0, 0x0000026e0ecdc678]
Event: 3.216 Thread 0x0000026e24066800 2898       3       java.util.stream.FindOps$FindSink$OfInt::get (25 bytes)
Event: 3.217 Thread 0x0000026e24066800 nmethod 2898 0x0000026e0ecdc810 code [0x0000026e0ecdc9e0, 0x0000026e0ecdce18]
Event: 3.217 Thread 0x0000026e24066800 2899       3       java.util.OptionalInt::of (9 bytes)
Event: 3.217 Thread 0x0000026e24066800 nmethod 2899 0x0000026e0ecdcf90 code [0x0000026e0ecdd140, 0x0000026e0ecdd358]
Event: 3.217 Thread 0x0000026e24066800 2900       3       java.util.OptionalInt::<init> (15 bytes)
Event: 3.217 Thread 0x0000026e24066800 nmethod 2900 0x0000026e0ecdd490 code [0x0000026e0ecdd620, 0x0000026e0ecdd798]
Event: 3.217 Thread 0x0000026e24066800 2892       3       java.util.Formatter$FormatSpecifier::printString (107 bytes)

GC Heap History (14 events):
Event: 0.309 GC heap before
{Heap before GC invocations=0 (full 0):
 garbage-first heap   total 129024K, used 12288K [0x0000000083000000, 0x0000000100000000)
  region size 1024K, 13 young (13312K), 0 survivors (0K)
 Metaspace       used 1404K, capacity 4766K, committed 4864K, reserved 1056768K
  class space    used 125K, capacity 443K, committed 512K, reserved 1048576K
}
Event: 0.312 GC heap after
{Heap after GC invocations=1 (full 0):
 garbage-first heap   total 129024K, used 4545K [0x0000000083000000, 0x0000000100000000)
  region size 1024K, 2 young (2048K), 2 survivors (2048K)
 Metaspace       used 1404K, capacity 4766K, committed 4864K, reserved 1056768K
  class space    used 125K, capacity 443K, committed 512K, reserved 1048576K
}
Event: 0.604 GC heap before
{Heap before GC invocations=1 (full 0):
 garbage-first heap   total 129024K, used 18881K [0x0000000083000000, 0x0000000100000000)
  region size 1024K, 16 young (16384K), 2 survivors (2048K)
 Metaspace       used 4317K, capacity 6793K, committed 7040K, reserved 1056768K
  class space    used 530K, capacity 853K, committed 896K, reserved 1048576K
}
Event: 0.607 GC heap after
{Heap after GC invocations=2 (full 0):
 garbage-first heap   total 129024K, used 5344K [0x0000000083000000, 0x0000000100000000)
  region size 1024K, 1 young (1024K), 1 survivors (1024K)
 Metaspace       used 4317K, capacity 6793K, committed 7040K, reserved 1056768K
  class space    used 530K, capacity 853K, committed 896K, reserved 1048576K
}
Event: 1.346 GC heap before
{Heap before GC invocations=2 (full 0):
 garbage-first heap   total 129024K, used 81120K [0x0000000083000000, 0x0000000100000000)
  region size 1024K, 75 young (76800K), 1 survivors (1024K)
 Metaspace       used 12609K, capacity 13273K, committed 13568K, reserved 1060864K
  class space    used 1507K, capacity 1748K, committed 1792K, reserved 1048576K
}
Event: 1.351 GC heap after
{Heap after GC invocations=3 (full 0):
 garbage-first heap   total 129024K, used 7812K [0x0000000083000000, 0x0000000100000000)
  region size 1024K, 4 young (4096K), 4 survivors (4096K)
 Metaspace       used 12609K, capacity 13273K, committed 13568K, reserved 1060864K
  class space    used 1507K, capacity 1748K, committed 1792K, reserved 1048576K
}
Event: 2.309 GC heap before
{Heap before GC invocations=3 (full 0):
 garbage-first heap   total 129024K, used 80516K [0x0000000083000000, 0x0000000100000000)
  region size 1024K, 75 young (76800K), 4 survivors (4096K)
 Metaspace       used 15130K, capacity 15837K, committed 16000K, reserved 1062912K
  class space    used 1783K, capacity 2051K, committed 2176K, reserved 1048576K
}
Event: 2.313 GC heap after
{Heap after GC invocations=4 (full 0):
 garbage-first heap   total 129024K, used 9051K [0x0000000083000000, 0x0000000100000000)
  region size 1024K, 5 young (5120K), 5 survivors (5120K)
 Metaspace       used 15130K, capacity 15837K, committed 16000K, reserved 1062912K
  class space    used 1783K, capacity 2051K, committed 2176K, reserved 1048576K
}
Event: 2.611 GC heap before
{Heap before GC invocations=4 (full 0):
 garbage-first heap   total 129024K, used 80731K [0x0000000083000000, 0x0000000100000000)
  region size 1024K, 75 young (76800K), 5 survivors (5120K)
 Metaspace       used 16803K, capacity 17551K, committed 17664K, reserved 1064960K
  class space    used 1996K, capacity 2257K, committed 2304K, reserved 1048576K
}
Event: 2.617 GC heap after
{Heap after GC invocations=5 (full 0):
 garbage-first heap   total 129024K, used 9587K [0x0000000083000000, 0x0000000100000000)
  region size 1024K, 5 young (5120K), 5 survivors (5120K)
 Metaspace       used 16803K, capacity 17551K, committed 17664K, reserved 1064960K
  class space    used 1996K, capacity 2257K, committed 2304K, reserved 1048576K
}
Event: 2.793 GC heap before
{Heap before GC invocations=5 (full 0):
 garbage-first heap   total 129024K, used 80243K [0x0000000083000000, 0x0000000100000000)
  region size 1024K, 75 young (76800K), 5 survivors (5120K)
 Metaspace       used 16946K, capacity 17679K, committed 17920K, reserved 1064960K
  class space    used 1996K, capacity 2257K, committed 2304K, reserved 1048576K
}
Event: 2.798 GC heap after
{Heap after GC invocations=6 (full 0):
 garbage-first heap   total 155648K, used 9414K [0x0000000083000000, 0x0000000100000000)
  region size 1024K, 5 young (5120K), 5 survivors (5120K)
 Metaspace       used 16946K, capacity 17679K, committed 17920K, reserved 1064960K
  class space    used 1996K, capacity 2257K, committed 2304K, reserved 1048576K
}
Event: 3.015 GC heap before
{Heap before GC invocations=6 (full 0):
 garbage-first heap   total 155648K, used 97478K [0x0000000083000000, 0x0000000100000000)
  region size 1024K, 91 young (93184K), 5 survivors (5120K)
 Metaspace       used 17123K, capacity 17809K, committed 17920K, reserved 1064960K
  class space    used 1996K, capacity 2257K, committed 2304K, reserved 1048576K
}
Event: 3.020 GC heap after
{Heap after GC invocations=7 (full 0):
 garbage-first heap   total 155648K, used 9809K [0x0000000083000000, 0x0000000100000000)
  region size 1024K, 6 young (6144K), 6 survivors (6144K)
 Metaspace       used 17123K, capacity 17809K, committed 17920K, reserved 1064960K
  class space    used 1996K, capacity 2257K, committed 2304K, reserved 1048576K
}

Deoptimization events (20 events):
Event: 2.705 Thread 0x0000026e05973800 DEOPT PACKING pc=0x0000026e0ea2fc49 sp=0x000000a216efab10
Event: 2.705 Thread 0x0000026e05973800 DEOPT UNPACKING pc=0x0000026e0e1683de sp=0x000000a216efa078 mode 0
Event: 2.801 Thread 0x0000026e05973800 Uncommon trap: trap_request=0xffffff45 fr.pc=0x0000026e15cf0c88 relative=0x00000000000055c8
Event: 2.801 Thread 0x0000026e05973800 Uncommon trap: reason=unstable_if action=reinterpret pc=0x0000026e15cf0c88 method=com.ibm.msg.client.wmq.compat.base.internal.MQMessage.readConvertedLine()Ljava/lang/String; @ 114 c2
Event: 2.801 Thread 0x0000026e05973800 DEOPT PACKING pc=0x0000026e15cf0c88 sp=0x000000a216efae40
Event: 2.801 Thread 0x0000026e05973800 DEOPT UNPACKING pc=0x0000026e0e12852f sp=0x000000a216efae60 mode 2
Event: 2.802 Thread 0x0000026e05973800 DEOPT PACKING pc=0x0000026e0eb7e2e7 sp=0x000000a216efa9a0
Event: 2.802 Thread 0x0000026e05973800 DEOPT UNPACKING pc=0x0000026e0e1683de sp=0x000000a216ef9ee8 mode 0
Event: 2.832 Thread 0x0000026e05973800 DEOPT PACKING pc=0x0000026e0ebc8e7e sp=0x000000a216efa1c0
Event: 2.832 Thread 0x0000026e05973800 DEOPT UNPACKING pc=0x0000026e0e1683de sp=0x000000a216ef9688 mode 0
Event: 2.852 Thread 0x0000026e05973800 DEOPT PACKING pc=0x0000026e0ebc8e7e sp=0x000000a216efa1c0
Event: 2.852 Thread 0x0000026e05973800 DEOPT UNPACKING pc=0x0000026e0e1683de sp=0x000000a216ef9688 mode 0
Event: 2.855 Thread 0x0000026e05973800 DEOPT PACKING pc=0x0000026e0ebc7d0e sp=0x000000a216efa190
Event: 2.855 Thread 0x0000026e05973800 DEOPT UNPACKING pc=0x0000026e0e1683de sp=0x000000a216ef9688 mode 0
Event: 2.877 Thread 0x0000026e05973800 DEOPT PACKING pc=0x0000026e0ebc8e7e sp=0x000000a216efa250
Event: 2.877 Thread 0x0000026e05973800 DEOPT UNPACKING pc=0x0000026e0e1683de sp=0x000000a216ef9718 mode 0
Event: 2.999 Thread 0x0000026e05973800 DEOPT PACKING pc=0x0000026e0ebc8e7e sp=0x000000a216efa170
Event: 2.999 Thread 0x0000026e05973800 DEOPT UNPACKING pc=0x0000026e0e1683de sp=0x000000a216ef9638 mode 0
Event: 3.024 Thread 0x0000026e05973800 DEOPT PACKING pc=0x0000026e0ebc8e7e sp=0x000000a216efa170
Event: 3.024 Thread 0x0000026e05973800 DEOPT UNPACKING pc=0x0000026e0e1683de sp=0x000000a216ef9638 mode 0

Classes unloaded (0 events):
No events

Classes redefined (0 events):
No events

Internal exceptions (20 events):
Event: 0.644 Thread 0x0000026e05973800 Exception <a 'java/lang/NoSuchMethodError'{0x000000008ab19d80}: 'void java.lang.invoke.DirectMethodHandle$Holder.invokeInterface(java.lang.Object, java.lang.Object, java.lang.Object, java.lang.Object, java.lang.Object)'> (0x000000008ab19d80) 
thrown [./open/src/hotspot/share/interpreter/linkResolver.cpp, line 766]
Event: 0.644 Thread 0x0000026e05973800 Exception <a 'java/lang/IncompatibleClassChangeError'{0x000000008ab1d080}: Found class java.lang.Object, but interface was expected> (0x000000008ab1d080) 
thrown [./open/src/hotspot/share/interpreter/linkResolver.cpp, line 832]
Event: 0.646 Thread 0x0000026e05973800 Exception <a 'java/lang/IncompatibleClassChangeError'{0x000000008ab2f210}: Found class java.lang.Object, but interface was expected> (0x000000008ab2f210) 
thrown [./open/src/hotspot/share/interpreter/linkResolver.cpp, line 832]
Event: 0.652 Thread 0x0000026e05973800 Exception <a 'java/lang/NoSuchMethodError'{0x000000008ab6aec8}: 'java.lang.Object java.lang.invoke.DirectMethodHandle$Holder.invokeInterface(java.lang.Object, java.lang.Object, java.lang.Object, java.lang.Object, java.lang.Object)'> (0x000000008ab6aec8) 
thrown [./open/src/hotspot/share/interpreter/linkResolver.cpp, line 766]
Event: 0.652 Thread 0x0000026e05973800 Exception <a 'java/lang/IncompatibleClassChangeError'{0x000000008ab6e478}: Found class java.lang.Object, but interface was expected> (0x000000008ab6e478) 
thrown [./open/src/hotspot/share/interpreter/linkResolver.cpp, line 832]
Event: 0.795 Thread 0x0000026e05973800 Exception <a 'java/lang/NoSuchMethodError'{0x000000008a563980}: 'void java.lang.invoke.DirectMethodHandle$Holder.invokeStatic(java.lang.Object, java.lang.Object, java.lang.Object, java.lang.Object, java.lang.Object, java.lang.Object)'> (0x000000008a563980) 
thrown [./open/src/hotspot/share/interpreter/linkResolver.cpp, line 766]
Event: 0.797 Thread 0x0000026e05973800 Exception <a 'java/lang/NoSuchMethodError'{0x000000008a574160}: 'int java.lang.invoke.DirectMethodHandle$Holder.invokeInterface(java.lang.Object, java.lang.Object)'> (0x000000008a574160) 
thrown [./open/src/hotspot/share/interpreter/linkResolver.cpp, line 766]
Event: 0.798 Thread 0x0000026e05973800 Exception <a 'java/lang/IncompatibleClassChangeError'{0x000000008a577480}: Found class java.lang.Object, but interface was expected> (0x000000008a577480) 
thrown [./open/src/hotspot/share/interpreter/linkResolver.cpp, line 832]
Event: 0.873 Thread 0x0000026e05973800 Exception <a 'java/lang/NoSuchMethodError'{0x000000008a3a6c00}: 'void java.lang.invoke.DelegatingMethodHandle$Holder.delegate(java.lang.Object, java.lang.Object, int, java.lang.Object)'> (0x000000008a3a6c00) 
thrown [./open/src/hotspot/share/interpreter/linkResolver.cpp, line 766]
Event: 0.956 Thread 0x0000026e05973800 Exception <a 'java/lang/NoSuchMethodError'{0x0000000089fa37e0}: 'void java.lang.invoke.DirectMethodHandle$Holder.invokeStatic(java.lang.Object, long)'> (0x0000000089fa37e0) 
thrown [./open/src/hotspot/share/interpreter/linkResolver.cpp, line 766]
Event: 0.958 Thread 0x0000026e05973800 Exception <a 'java/lang/NoSuchMethodError'{0x0000000089faba40}: 'java.lang.Object java.lang.invoke.DirectMethodHandle$Holder.invokeStatic(java.lang.Object, java.lang.Object, long, java.lang.Object)'> (0x0000000089faba40) 
thrown [./open/src/hotspot/share/interpreter/linkResolver.cpp, line 766]
Event: 0.958 Thread 0x0000026e05973800 Exception <a 'java/lang/NoSuchMethodError'{0x0000000089faf478}: 'java.lang.Object java.lang.invoke.DirectMethodHandle$Holder.invokeStaticInit(java.lang.Object, java.lang.Object, long, java.lang.Object)'> (0x0000000089faf478) 
thrown [./open/src/hotspot/share/interpreter/linkResolver.cpp, line 766]
Event: 0.959 Thread 0x0000026e05973800 Exception <a 'java/lang/NoSuchMethodError'{0x0000000089fb5838}: 'java.lang.Object java.lang.invoke.Invokers$Holder.linkToTargetMethod(java.lang.Object, long, java.lang.Object)'> (0x0000000089fb5838) 
thrown [./open/src/hotspot/share/interpreter/linkResolver.cpp, line 766]
Event: 1.120 Thread 0x0000026e05973800 Exception <a 'java/lang/NoSuchMethodError'{0x00000000895afd58}: 'java.lang.Object java.lang.invoke.DirectMethodHandle$Holder.invokeStaticInit(java.lang.Object, int, int, int, int)'> (0x00000000895afd58) 
thrown [./open/src/hotspot/share/interpreter/linkResolver.cpp, line 766]
Event: 1.136 Thread 0x0000026e05973800 Exception <a 'java/lang/NoSuchMethodError'{0x00000000895d89e8}: 'java.lang.Object java.lang.invoke.DirectMethodHandle$Holder.invokeStaticInit(java.lang.Object, java.lang.Object, int, int, int, int)'> (0x00000000895d89e8) 
thrown [./open/src/hotspot/share/interpreter/linkResolver.cpp, line 766]
Event: 1.364 Thread 0x0000026e05973800 Exception <a 'java/lang/reflect/InvocationTargetException'{0x0000000089a6b408}> (0x0000000089a6b408) 
thrown [./open/src/hotspot/share/runtime/reflection.cpp, line 1188]
Event: 1.434 Thread 0x0000026e05973800 Exception <a 'java/lang/ClassNotFoundException'{0x000000008985d018}: com/sun/org/apache/xml/internal/serializer/spi/XMLEntitiesProvider> (0x000000008985d018) 
thrown [./open/src/hotspot/share/classfile/systemDictionary.cpp, line 226]
Event: 2.382 Thread 0x0000026e05973800 Implicit null exception at 0x0000026e15c5c9e8 to 0x0000026e15c5ca7a
Event: 2.382 Thread 0x0000026e05973800 Implicit null exception at 0x0000026e15c71eaf to 0x0000026e15c71f2d
Event: 2.409 Thread 0x0000026e05973800 Exception <a 'java/lang/ClassNotFoundException'{0x0000000089e2f5d8}: com/sun/org/apache/xerces/internal/impl/msg/spi/SAXMessagesProvider> (0x0000000089e2f5d8) 
thrown [./open/src/hotspot/share/classfile/systemDictionary.cpp, line 226]

Events (20 events):
Event: 2.439 loading class java/util/LinkedList$ListItr
Event: 2.439 loading class java/util/LinkedList$ListItr done
Event: 2.441 loading class com/sun/org/apache/xerces/internal/dom/DeferredAttrNSImpl
Event: 2.441 loading class com/sun/org/apache/xerces/internal/dom/AttrNSImpl
Event: 2.441 loading class com/sun/org/apache/xerces/internal/dom/AttrNSImpl done
Event: 2.441 loading class com/sun/org/apache/xerces/internal/dom/DeferredAttrNSImpl done
Event: 2.517 Loaded shared library C:\Program Files\Java\jdk-14.0.2\bin\java.dll
Event: 2.611 Executing VM operation: G1CollectForAllocation
Event: 2.617 Executing VM operation: G1CollectForAllocation done
Event: 2.617 Executing VM operation: HandshakeOneThread
Event: 2.618 Executing VM operation: HandshakeOneThread done
Event: 2.618 Executing VM operation: HandshakeOneThread
Event: 2.618 Executing VM operation: HandshakeOneThread done
Event: 2.766 Loaded shared library C:\Program Files\Java\jdk-14.0.2\bin\java.dll
Event: 2.793 Executing VM operation: G1CollectForAllocation
Event: 2.798 Executing VM operation: G1CollectForAllocation done
Event: 3.015 Executing VM operation: G1CollectForAllocation
Event: 3.020 Executing VM operation: G1CollectForAllocation done
Event: 3.146 loading class jdk/internal/math/FDBigInteger
Event: 3.146 loading class jdk/internal/math/FDBigInteger done


Dynamic libraries:
0x00007ff6b1aa0000 - 0x00007ff6b1aaf000 	C:\Program Files\Java\jdk-14.0.2\bin\javaw.exe
0x00007fff8c690000 - 0x00007fff8c885000 	C:\Windows\SYSTEM32\ntdll.dll
0x00007fff8aa40000 - 0x00007fff8aafd000 	C:\Windows\System32\KERNEL32.DLL
0x00007fff89fc0000 - 0x00007fff8a287000 	C:\Windows\System32\KERNELBASE.dll
0x00007fff8a450000 - 0x00007fff8a550000 	C:\Windows\System32\ucrtbase.dll
0x00007fff50680000 - 0x00007fff50698000 	C:\Program Files\Java\jdk-14.0.2\bin\jli.dll
0x00007fff8b640000 - 0x00007fff8b6ea000 	C:\Windows\System32\ADVAPI32.dll
0x00007fff8a930000 - 0x00007fff8a9ce000 	C:\Windows\System32\msvcrt.dll
0x00007fff8a880000 - 0x00007fff8a91b000 	C:\Windows\System32\sechost.dll
0x00007fff8aea0000 - 0x00007fff8afc3000 	C:\Windows\System32\RPCRT4.dll
0x00007fff8c070000 - 0x00007fff8c210000 	C:\Windows\System32\USER32.dll
0x00007fff89e30000 - 0x00007fff89e52000 	C:\Windows\System32\win32u.dll
0x00007fff8ae10000 - 0x00007fff8ae3a000 	C:\Windows\System32\GDI32.dll
0x00007fff8a5f0000 - 0x00007fff8a6fa000 	C:\Windows\System32\gdi32full.dll
0x00007fff8a550000 - 0x00007fff8a5ed000 	C:\Windows\System32\msvcp_win.dll
0x00007fff506a0000 - 0x00007fff506b5000 	C:\Program Files\Java\jdk-14.0.2\bin\VCRUNTIME140.dll
0x00007fff74dc0000 - 0x00007fff7505a000 	C:\Windows\WinSxS\amd64_microsoft.windows.common-controls_6595b64144ccf1df_6.0.19041.1_none_b555e41d4684ddec\COMCTL32.dll
0x00007fff84290000 - 0x00007fff8429a000 	C:\Windows\SYSTEM32\VERSION.dll
0x00007fff8a720000 - 0x00007fff8a750000 	C:\Windows\System32\IMM32.DLL
0x00007fff505e0000 - 0x00007fff5067b000 	C:\Program Files\Java\jdk-14.0.2\bin\msvcp140.dll
0x00007fff48690000 - 0x00007fff491ae000 	C:\Program Files\Java\jdk-14.0.2\bin\server\jvm.dll
0x00007fff8a9d0000 - 0x00007fff8a9d8000 	C:\Windows\System32\PSAPI.DLL
0x00007fff68890000 - 0x00007fff688b7000 	C:\Windows\SYSTEM32\WINMM.dll
0x00007fff850d0000 - 0x00007fff850d9000 	C:\Windows\SYSTEM32\WSOCK32.dll
0x00007fff8afd0000 - 0x00007fff8b03b000 	C:\Windows\System32\WS2_32.dll
0x00007fff87d60000 - 0x00007fff87d73000 	C:\Windows\SYSTEM32\kernel.appcore.dll
0x00007fff84980000 - 0x00007fff8498a000 	C:\Program Files\Java\jdk-14.0.2\bin\jimage.dll
0x00007fff74690000 - 0x00007fff74874000 	C:\Windows\SYSTEM32\DBGHELP.DLL
0x00007fff74660000 - 0x00007fff7468c000 	C:\Windows\SYSTEM32\dbgcore.DLL
0x00007fff89e60000 - 0x00007fff89edf000 	C:\Windows\System32\bcryptPrimitives.dll
0x00007fff59ae0000 - 0x00007fff59b05000 	C:\Program Files\Java\jdk-14.0.2\bin\java.dll
0x00007fff59530000 - 0x00007fff59546000 	C:\Program Files\Java\jdk-14.0.2\bin\zip.dll
0x00007fff8b810000 - 0x00007fff8bf50000 	C:\Windows\System32\SHELL32.dll
0x00007fff87f60000 - 0x00007fff886f1000 	C:\Windows\SYSTEM32\windows.storage.dll
0x00007fff8c2f0000 - 0x00007fff8c643000 	C:\Windows\System32\combase.dll
0x00007fff89860000 - 0x00007fff8988c000 	C:\Windows\SYSTEM32\Wldp.dll
0x00007fff8ab00000 - 0x00007fff8abae000 	C:\Windows\System32\SHCORE.dll
0x00007fff8a9e0000 - 0x00007fff8aa35000 	C:\Windows\System32\shlwapi.dll
0x00007fff89d20000 - 0x00007fff89d3f000 	C:\Windows\SYSTEM32\profapi.dll
0x00007fff59510000 - 0x00007fff59529000 	C:\Program Files\Java\jdk-14.0.2\bin\net.dll
0x00007fff79f80000 - 0x00007fff7a080000 	C:\Windows\SYSTEM32\WINHTTP.dll
0x00007fff895e0000 - 0x00007fff8964a000 	C:\Windows\system32\mswsock.dll
0x00007fff58000000 - 0x00007fff58012000 	C:\Program Files\Java\jdk-14.0.2\bin\nio.dll
0x00007fff78d40000 - 0x00007fff78d50000 	C:\Program Files\Java\jdk-14.0.2\bin\verify.dll
0x00007fff89280000 - 0x00007fff892bb000 	C:\Windows\SYSTEM32\IPHLPAPI.DLL
0x00007fff8b6f0000 - 0x00007fff8b6f9000 	C:\Windows\System32\NSI.dll
0x00007fff80530000 - 0x00007fff80547000 	C:\Windows\SYSTEM32\dhcpcsvc6.DLL
0x00007fff7f2a0000 - 0x00007fff7f2bd000 	C:\Windows\SYSTEM32\dhcpcsvc.DLL
0x00007fff892d0000 - 0x00007fff8939a000 	C:\Windows\SYSTEM32\DNSAPI.dll
0x00007fff6aee0000 - 0x00007fff6aee9000 	C:\Program Files\Java\jdk-14.0.2\bin\management.dll
0x00007fff66f50000 - 0x00007fff66f5b000 	C:\Program Files\Java\jdk-14.0.2\bin\management_ext.dll
0x00007fff897b0000 - 0x00007fff897c8000 	C:\Windows\SYSTEM32\CRYPTSP.dll
0x00007fff88f00000 - 0x00007fff88f34000 	C:\Windows\system32\rsaenh.dll
0x00007fff89f90000 - 0x00007fff89fb7000 	C:\Windows\System32\bcrypt.dll
0x00007fff89ce0000 - 0x00007fff89d0e000 	C:\Windows\SYSTEM32\USERENV.dll
0x00007fff897d0000 - 0x00007fff897dc000 	C:\Windows\SYSTEM32\CRYPTBASE.dll
0x00007fff79ef0000 - 0x00007fff79efa000 	C:\Windows\System32\rasadhlp.dll
0x00007fff7a1f0000 - 0x00007fff7a26f000 	C:\Windows\System32\fwpuclnt.dll

dbghelp: loaded successfully - version: 4.0.5 - missing functions: none
symbol engine: initialized successfully - sym options: 0x614 - pdb path: .;C:\Program Files\Java\jdk-14.0.2\bin;C:\Windows\SYSTEM32;C:\Windows\WinSxS\amd64_microsoft.windows.common-controls_6595b64144ccf1df_6.0.19041.1_none_b555e41d4684ddec;C:\Program Files\Java\jdk-14.0.2\bin\server

VM Arguments:
jvm_args: -ea -Dfile.encoding=UTF-8 
java_command: org.eclipse.jdt.internal.junit.runner.RemoteTestRunner -version 3 -port 58885 -testLoaderClass org.eclipse.jdt.internal.junit5.runner.JUnit5TestLoader -loaderpluginname org.eclipse.jdt.junit5.runtime -classNames com.example.demo.RizaSampleApplicationTests
java_class_path (initial): C:\Users\webma\Documents\workspace\RizaSample\target\test-classes;C:\Users\webma\Documents\workspace\RizaSample\target\classes;C:\Users\webma\.m2\repository\org\springframework\boot\spring-boot-starter\2.3.1.RELEASE\spring-boot-starter-2.3.1.RELEASE.jar;C:\Users\webma\.m2\repository\org\springframework\boot\spring-boot\2.3.1.RELEASE\spring-boot-2.3.1.RELEASE.jar;C:\Users\webma\.m2\repository\org\springframework\spring-context\5.2.7.RELEASE\spring-context-5.2.7.RELEASE.jar;C:\Users\webma\.m2\repository\org\springframework\spring-aop\5.2.7.RELEASE\spring-aop-5.2.7.RELEASE.jar;C:\Users\webma\.m2\repository\org\springframework\spring-beans\5.2.7.RELEASE\spring-beans-5.2.7.RELEASE.jar;C:\Users\webma\.m2\repository\org\springframework\spring-expression\5.2.7.RELEASE\spring-expression-5.2.7.RELEASE.jar;C:\Users\webma\.m2\repository\org\springframework\boot\spring-boot-autoconfigure\2.3.1.RELEASE\spring-boot-autoconfigure-2.3.1.RELEASE.jar;C:\Users\webma\.m2\repository\org\springframework\boot\spring-boot-starter-logging\2.3.1.RELEASE\spring-boot-starter-logging-2.3.1.RELEASE.jar;C:\Users\webma\.m2\repository\ch\qos\logback\logback-classic\1.2.3\logback-classic-1.2.3.jar;C:\Users\webma\.m2\repository\ch\qos\logback\logback-core\1.2.3\logback-core-1.2.3.jar;C:\Users\webma\.m2\repository\org\apache\logging\log4j\log4j-to-slf4j\2.13.3\log4j-to-slf4j-2.13.3.jar;C:\Users\webma\.m2\repository\org\apache\logging\log4j\log4j-api\2.13.3\log4j-api-2.13.3.jar;C:\Users\webma\.m2\repository\org\slf4j\jul-to-slf4j\1.7.30\jul-to-slf4j-1.7.30.jar;C:\Users\webma\.m2\repository\jakarta\annotation\jakarta.annotation-api\1.3.5\jakarta.annotation-api-1.3.5.jar;C:\Users\webma\.m2\repository\org\springframework\spring-core\5.2.7.RELEASE\spring-core-5.2.7.RELEASE.jar;C:\Users\webma\.m2\repository\org\springframework\spring-jcl\5.2.7.RELEASE\spring-jcl-5.2.7.RELEASE.jar;C:\Users\webma\.m2\repository\org\yaml\snakeyaml\1.26\snakeyaml-1.26.jar;C:\Users\webma\.m2\repositor
Launcher Type: SUN_STANDARD

[Global flags]
     intx CICompilerCount                          = 3                                         {product} {ergonomic}
     uint ConcGCThreads                            = 1                                         {product} {ergonomic}
     uint G1ConcRefinementThreads                  = 4                                         {product} {ergonomic}
   size_t G1HeapRegionSize                         = 1048576                                   {product} {ergonomic}
    uintx GCDrainStackTargetSize                   = 64                                        {product} {ergonomic}
   size_t InitialHeapSize                          = 132120576                                 {product} {ergonomic}
   size_t MarkStackSize                            = 4194304                                   {product} {ergonomic}
   size_t MaxHeapSize                              = 2097152000                                {product} {ergonomic}
   size_t MaxNewSize                               = 1258291200                                {product} {ergonomic}
   size_t MinHeapDeltaBytes                        = 1048576                                   {product} {ergonomic}
   size_t MinHeapSize                              = 8388608                                   {product} {ergonomic}
    uintx NonNMethodCodeHeapSize                   = 5832780                                {pd product} {ergonomic}
    uintx NonProfiledCodeHeapSize                  = 122912730                              {pd product} {ergonomic}
    uintx ProfiledCodeHeapSize                     = 122912730                              {pd product} {ergonomic}
    uintx ReservedCodeCacheSize                    = 251658240                              {pd product} {ergonomic}
     bool SegmentedCodeCache                       = true                                      {product} {ergonomic}
   size_t SoftMaxHeapSize                          = 2097152000                             {manageable} {ergonomic}
     bool UseCompressedClassPointers               = true                                 {lp64_product} {ergonomic}
     bool UseCompressedOops                        = true                                 {lp64_product} {ergonomic}
     bool UseG1GC                                  = true                                      {product} {ergonomic}
     bool UseLargePagesIndividualAllocation        = false                                  {pd product} {ergonomic}

Logging:
Log output configuration:
 #0: stdout all=warning uptime,level,tags
 #1: stderr all=off uptime,level,tags

Environment Variables:
JAVA_HOME=C:\Program Files\Java\jdk-14.0.2
CLASSPATH=C:\Program Files (x86)\IBM\WebSphere MQ\java\lib\com.ibm.mqjms.jar;C:\Program Files (x86)\IBM\WebSphere MQ\java\lib\com.ibm.mq.jar
PATH=C:/Program Files/Java/jdk-14.0.2/bin/server;C:/Program Files/Java/jdk-14.0.2/bin;C:\Program Files (x86)\IBM\WebSphere MQ\java\lib;C:\Program Files (x86)\IBM\WebSphere MQ\java\lib64;C:\Windows\system32;C:\Windows;C:\Windows\System32\Wbem;C:\Windows\System32\WindowsPowerShell\v1.0\;C:\Windows\System32\OpenSSH\;C:\HashiCorp\Vagrant\bin;C:\Program Files (x86)\IBM\WebSphere MQ\bin64;C:\Program Files (x86)\IBM\WebSphere MQ\bin;C:\Program Files (x86)\IBM\WebSphere MQ\tools\c\samples\bin;C:\Program Files\Java\jdk-14.0.2\bin;C:\Users\webma\AppData\Local\Microsoft\WindowsApps;C:\Program Files\Java\jdk-14.0.2\bin;;C:\Users\webma\sts\spring-tool-suite-4-4.7.0.RELEASE-e4.16.0-win32.win32.x86_64.self-extracting\contents\sts-4.7.0.RELEASE;
USERNAME=webma
OS=Windows_NT
PROCESSOR_IDENTIFIER=Intel64 Family 6 Model 126 Stepping 5, GenuineIntel



---------------  S Y S T E M  ---------------

OS: Windows 10 , 64 bit Build 19041 (10.0.19041.292)
OS uptime: 2 days 23:31 hours

CPU:total 4 (initial active 4) (2 cores per cpu, 2 threads per core) family 6 model 126 stepping 5, cmov, cx8, fxsr, mmx, sse, sse2, sse3, ssse3, sse4.1, sse4.2, popcnt, avx, avx2, aes, clmul, erms, 3dnowpref, lzcnt, ht, tsc, tscinvbit, bmi1, bmi2, adx, evex, sha, fma

Memory: 4k page, system-wide physical 7992M (1880M free)
TotalPageFile size 13796M (AvailPageFile size 5M)
current process WorkingSet (physical memory assigned to process): 235M, peak: 235M
current process commit charge ("private bytes"): 315M, peak: 316M

vm_info: Java HotSpot(TM) 64-Bit Server VM (14.0.2+12-46) for windows-amd64 JRE (14.0.2+12-46), built on Jul  9 2020 00:35:52 by "mach5one" with MS VC++ 15.9 (VS2017)

END.
