#
# There is insufficient memory for the Java Runtime Environment to continue.
# Native memory allocation (malloc) failed to allocate 1439616 bytes for Chunk::new
# Possible reasons:
#   The system is out of physical RAM or swap space
#   The process is running with CompressedOops enabled, and the Java Heap may be blocking the growth of the native heap
# Possible solutions:
#   Reduce memory load on the system
#   Increase physical memory or swap space
#   Check if swap backing store is full
#   Decrease Java heap size (-Xmx/-Xms)
#   Decrease number of Java threads
#   Decrease Java thread stack sizes (-Xss)
#   Set larger code cache with -XX:ReservedCodeCacheSize=
#   JVM is running with Unscaled Compressed Oops mode in which the Java heap is
#     placed in the first 4GB address space. The Java Heap base address is the
#     maximum limit for the native heap growth. Please use -XX:HeapBaseMinAddress
#     to set the Java Heap base and to place the Java Heap above 4GB virtual address.
# This output file may be truncated or incomplete.
#
#  Out of Memory Error (./open/src/hotspot/share/memory/arena.cpp:195), pid=2456, tid=17868
#
# JRE version: Java(TM) SE Runtime Environment (14.0.2+12) (build 14.0.2+12-46)
# Java VM: Java HotSpot(TM) 64-Bit Server VM (14.0.2+12-46, mixed mode, sharing, tiered, compressed oops, g1 gc, windows-amd64)
# No core dump will be written. Minidumps are not enabled by default on client versions of Windows
#

---------------  S U M M A R Y ------------

Command Line: -ea -Dfile.encoding=UTF-8 org.eclipse.jdt.internal.junit.runner.RemoteTestRunner -version 3 -port 61451 -testLoaderClass org.eclipse.jdt.internal.junit5.runner.JUnit5TestLoader -loaderpluginname org.eclipse.jdt.junit5.runtime -classNames com.example.demo.RizaSampleApplicationTests2

Host: Intel(R) Core(TM) i3-1000NG4 CPU @ 1.10GHz, 4 cores, 7G,  Windows 10 , 64 bit Build 19041 (10.0.19041.292)
Time: Wed Aug  5 21:40:15 2020 “Œ‹ž (•W€Žž) elapsed time: 1 seconds (0d 0h 0m 1s)

---------------  T H R E A D  ---------------

Current thread (0x0000026a30a93000):  JavaThread "C2 CompilerThread1" daemon [_thread_in_native, id=17868, stack(0x00000070cd000000,0x00000070cd100000)]


Current CompileTask:
C2:   1340 1654       4       com.sun.org.apache.xml.internal.serializer.ToStream::escapingNotNeeded (51 bytes)

Stack: [0x00000070cd000000,0x00000070cd100000]
Native frames: (J=compiled Java code, j=interpreted, Vv=VM code, C=native code)
V  [jvm.dll+0x5f8a9a]
V  [jvm.dll+0x74247a]
V  [jvm.dll+0x743c2f]
V  [jvm.dll+0x744273]
V  [jvm.dll+0x20d288]
V  [jvm.dll+0xabb07]
V  [jvm.dll+0xac1fc]
V  [jvm.dll+0x276db4]
V  [jvm.dll+0x50cffa]
V  [jvm.dll+0x1ee1da]
V  [jvm.dll+0x1e7cfb]
V  [jvm.dll+0x1e4f98]
V  [jvm.dll+0x1779cc]
V  [jvm.dll+0x1f4105]
V  [jvm.dll+0x1f22eb]
V  [jvm.dll+0x7070cd]
V  [jvm.dll+0x6ffeda]
V  [jvm.dll+0x5f78f6]
C  [ucrtbase.dll+0x21542]
C  [KERNEL32.DLL+0x16fd4]
C  [ntdll.dll+0x4cec1]


---------------  P R O C E S S  ---------------

Threads class SMR info:
_java_thread_list=0x0000026a30bf8700, length=13, elements={
0x0000026a11023000, 0x0000026a2f6e2800, 0x0000026a2f6e6000, 0x0000026a2f706000,
0x0000026a2f707000, 0x0000026a2f70a000, 0x0000026a2f70e000, 0x0000026a2f718000,
0x0000026a2f71c000, 0x0000026a30061000, 0x0000026a30062800, 0x0000026a3034d800,
0x0000026a30a93000
}

Java Threads: ( => current thread )
  0x0000026a11023000 JavaThread "main" [_thread_in_native, id=7500, stack(0x00000070cba00000,0x00000070cbb00000)]
  0x0000026a2f6e2800 JavaThread "Reference Handler" daemon [_thread_blocked, id=17612, stack(0x00000070cc100000,0x00000070cc200000)]
  0x0000026a2f6e6000 JavaThread "Finalizer" daemon [_thread_blocked, id=16940, stack(0x00000070cc200000,0x00000070cc300000)]
  0x0000026a2f706000 JavaThread "Signal Dispatcher" daemon [_thread_blocked, id=14104, stack(0x00000070cc300000,0x00000070cc400000)]
  0x0000026a2f707000 JavaThread "Attach Listener" daemon [_thread_blocked, id=10132, stack(0x00000070cc400000,0x00000070cc500000)]
  0x0000026a2f70a000 JavaThread "Service Thread" daemon [_thread_blocked, id=3052, stack(0x00000070cc500000,0x00000070cc600000)]
  0x0000026a2f70e000 JavaThread "C2 CompilerThread0" daemon [_thread_in_native, id=4716, stack(0x00000070cc600000,0x00000070cc700000)]
  0x0000026a2f718000 JavaThread "C1 CompilerThread0" daemon [_thread_blocked, id=12900, stack(0x00000070cc700000,0x00000070cc800000)]
  0x0000026a2f71c000 JavaThread "Sweeper thread" daemon [_thread_blocked, id=15968, stack(0x00000070cc800000,0x00000070cc900000)]
  0x0000026a30061000 JavaThread "Notification Thread" daemon [_thread_blocked, id=17080, stack(0x00000070cc900000,0x00000070cca00000)]
  0x0000026a30062800 JavaThread "Common-Cleaner" daemon [_thread_blocked, id=16296, stack(0x00000070ccb00000,0x00000070ccc00000)]
  0x0000026a3034d800 JavaThread "ReaderThread" [_thread_in_native, id=13368, stack(0x00000070ccc00000,0x00000070ccd00000)]
=>0x0000026a30a93000 JavaThread "C2 CompilerThread1" daemon [_thread_in_native, id=17868, stack(0x00000070cd000000,0x00000070cd100000)]

Other Threads:
  0x0000026a2f6e1000 VMThread "VM Thread" [stack: 0x00000070cc000000,0x00000070cc100000] [id=9468]
  0x0000026a30061800 WatcherThread [stack: 0x00000070cca00000,0x00000070ccb00000] [id=12972]
  0x0000026a11065000 GCTaskThread "GC Thread#0" [stack: 0x00000070cbb00000,0x00000070cbc00000] [id=13152]
  0x0000026a3034e000 GCTaskThread "GC Thread#1" [stack: 0x00000070ccd00000,0x00000070cce00000] [id=16612]
  0x0000026a30375000 GCTaskThread "GC Thread#2" [stack: 0x00000070cce00000,0x00000070ccf00000] [id=12668]
  0x0000026a30376000 GCTaskThread "GC Thread#3" [stack: 0x00000070ccf00000,0x00000070cd000000] [id=1604]
  0x0000026a11077000 ConcurrentGCThread "G1 Main Marker" [stack: 0x00000070cbc00000,0x00000070cbd00000] [id=10068]
  0x0000026a11078000 ConcurrentGCThread "G1 Conc#0" [stack: 0x00000070cbd00000,0x00000070cbe00000] [id=16820]
  0x0000026a2f560800 ConcurrentGCThread "G1 Refine#0" [stack: 0x00000070cbe00000,0x00000070cbf00000] [id=4832]
  0x0000026a2f561800 ConcurrentGCThread "G1 Young RemSet Sampling" [stack: 0x00000070cbf00000,0x00000070cc000000] [id=13472]

Threads with active compile tasks:
C2 CompilerThread0     1352 1644       4       com.sun.org.apache.xml.internal.serializer.EncodingInfo$EncodingImpl::isInEncoding (179 bytes)
C2 CompilerThread1     1352 1654       4       com.sun.org.apache.xml.internal.serializer.ToStream::escapingNotNeeded (51 bytes)

VM state:not at safepoint (normal execution)

VM Mutex/Monitor currently owned by a thread: None

Heap address: 0x0000000083000000, size: 2000 MB, Compressed Oops mode: 32-bit
Narrow klass base: 0x0000000800000000, Narrow klass shift: 3
Compressed class space size: 1073741824 Address: 0x0000000800b30000

Heap:
 garbage-first heap   total 129024K, used 35177K [0x0000000083000000, 0x0000000100000000)
  region size 1024K, 32 young (32768K), 1 survivors (1024K)
 Metaspace       used 13683K, capacity 14233K, committed 14464K, reserved 1062912K
  class space    used 1635K, capacity 1857K, committed 1920K, reserved 1048576K
Heap Regions: E=young(eden), S=young(survivor), O=old, HS=humongous(starts), HC=humongous(continues), CS=collection set, F=free, OA=open archive, CA=closed archive, TAMS=top-at-mark-start (previous, next)
|   0|0x0000000083000000, 0x0000000083100000, 0x0000000083100000|100%| O|  |TAMS 0x0000000083000000, 0x0000000083000000| Untracked 
|   1|0x0000000083100000, 0x0000000083200000, 0x0000000083200000|100%| O|  |TAMS 0x0000000083100000, 0x0000000083100000| Untracked 
|   2|0x0000000083200000, 0x0000000083300000, 0x0000000083300000|100%| O|  |TAMS 0x0000000083200000, 0x0000000083200000| Untracked 
|   3|0x0000000083300000, 0x0000000083400000, 0x0000000083400000|100%| O|  |TAMS 0x0000000083300000, 0x0000000083300000| Untracked 
|   4|0x0000000083400000, 0x0000000083478200, 0x0000000083500000| 46%| O|  |TAMS 0x0000000083400000, 0x0000000083400000| Untracked 
|   5|0x0000000083500000, 0x0000000083500000, 0x0000000083600000|  0%| F|  |TAMS 0x0000000083500000, 0x0000000083500000| Untracked 
|   6|0x0000000083600000, 0x0000000083600000, 0x0000000083700000|  0%| F|  |TAMS 0x0000000083600000, 0x0000000083600000| Untracked 
|   7|0x0000000083700000, 0x0000000083700000, 0x0000000083800000|  0%| F|  |TAMS 0x0000000083700000, 0x0000000083700000| Untracked 
|   8|0x0000000083800000, 0x0000000083800000, 0x0000000083900000|  0%| F|  |TAMS 0x0000000083800000, 0x0000000083800000| Untracked 
|   9|0x0000000083900000, 0x0000000083900000, 0x0000000083a00000|  0%| F|  |TAMS 0x0000000083900000, 0x0000000083900000| Untracked 
|  10|0x0000000083a00000, 0x0000000083a00000, 0x0000000083b00000|  0%| F|  |TAMS 0x0000000083a00000, 0x0000000083a00000| Untracked 
|  11|0x0000000083b00000, 0x0000000083b00000, 0x0000000083c00000|  0%| F|  |TAMS 0x0000000083b00000, 0x0000000083b00000| Untracked 
|  12|0x0000000083c00000, 0x0000000083c00000, 0x0000000083d00000|  0%| F|  |TAMS 0x0000000083c00000, 0x0000000083c00000| Untracked 
|  13|0x0000000083d00000, 0x0000000083d00000, 0x0000000083e00000|  0%| F|  |TAMS 0x0000000083d00000, 0x0000000083d00000| Untracked 
|  14|0x0000000083e00000, 0x0000000083e00000, 0x0000000083f00000|  0%| F|  |TAMS 0x0000000083e00000, 0x0000000083e00000| Untracked 
|  15|0x0000000083f00000, 0x0000000083f00000, 0x0000000084000000|  0%| F|  |TAMS 0x0000000083f00000, 0x0000000083f00000| Untracked 
|  16|0x0000000084000000, 0x0000000084000000, 0x0000000084100000|  0%| F|  |TAMS 0x0000000084000000, 0x0000000084000000| Untracked 
|  17|0x0000000084100000, 0x0000000084100000, 0x0000000084200000|  0%| F|  |TAMS 0x0000000084100000, 0x0000000084100000| Untracked 
|  18|0x0000000084200000, 0x0000000084200000, 0x0000000084300000|  0%| F|  |TAMS 0x0000000084200000, 0x0000000084200000| Untracked 
|  19|0x0000000084300000, 0x0000000084300000, 0x0000000084400000|  0%| F|  |TAMS 0x0000000084300000, 0x0000000084300000| Untracked 
|  20|0x0000000084400000, 0x0000000084400000, 0x0000000084500000|  0%| F|  |TAMS 0x0000000084400000, 0x0000000084400000| Untracked 
|  21|0x0000000084500000, 0x0000000084500000, 0x0000000084600000|  0%| F|  |TAMS 0x0000000084500000, 0x0000000084500000| Untracked 
|  22|0x0000000084600000, 0x0000000084600000, 0x0000000084700000|  0%| F|  |TAMS 0x0000000084600000, 0x0000000084600000| Untracked 
|  23|0x0000000084700000, 0x0000000084700000, 0x0000000084800000|  0%| F|  |TAMS 0x0000000084700000, 0x0000000084700000| Untracked 
|  24|0x0000000084800000, 0x0000000084800000, 0x0000000084900000|  0%| F|  |TAMS 0x0000000084800000, 0x0000000084800000| Untracked 
|  25|0x0000000084900000, 0x0000000084900000, 0x0000000084a00000|  0%| F|  |TAMS 0x0000000084900000, 0x0000000084900000| Untracked 
|  26|0x0000000084a00000, 0x0000000084a00000, 0x0000000084b00000|  0%| F|  |TAMS 0x0000000084a00000, 0x0000000084a00000| Untracked 
|  27|0x0000000084b00000, 0x0000000084b00000, 0x0000000084c00000|  0%| F|  |TAMS 0x0000000084b00000, 0x0000000084b00000| Untracked 
|  28|0x0000000084c00000, 0x0000000084c00000, 0x0000000084d00000|  0%| F|  |TAMS 0x0000000084c00000, 0x0000000084c00000| Untracked 
|  29|0x0000000084d00000, 0x0000000084d00000, 0x0000000084e00000|  0%| F|  |TAMS 0x0000000084d00000, 0x0000000084d00000| Untracked 
|  30|0x0000000084e00000, 0x0000000084e00000, 0x0000000084f00000|  0%| F|  |TAMS 0x0000000084e00000, 0x0000000084e00000| Untracked 
|  31|0x0000000084f00000, 0x0000000084f00000, 0x0000000085000000|  0%| F|  |TAMS 0x0000000084f00000, 0x0000000084f00000| Untracked 
|  32|0x0000000085000000, 0x0000000085000000, 0x0000000085100000|  0%| F|  |TAMS 0x0000000085000000, 0x0000000085000000| Untracked 
|  33|0x0000000085100000, 0x0000000085100000, 0x0000000085200000|  0%| F|  |TAMS 0x0000000085100000, 0x0000000085100000| Untracked 
|  34|0x0000000085200000, 0x0000000085200000, 0x0000000085300000|  0%| F|  |TAMS 0x0000000085200000, 0x0000000085200000| Untracked 
|  35|0x0000000085300000, 0x0000000085300000, 0x0000000085400000|  0%| F|  |TAMS 0x0000000085300000, 0x0000000085300000| Untracked 
|  36|0x0000000085400000, 0x0000000085400000, 0x0000000085500000|  0%| F|  |TAMS 0x0000000085400000, 0x0000000085400000| Untracked 
|  37|0x0000000085500000, 0x0000000085500000, 0x0000000085600000|  0%| F|  |TAMS 0x0000000085500000, 0x0000000085500000| Untracked 
|  38|0x0000000085600000, 0x0000000085600000, 0x0000000085700000|  0%| F|  |TAMS 0x0000000085600000, 0x0000000085600000| Untracked 
|  39|0x0000000085700000, 0x0000000085700000, 0x0000000085800000|  0%| F|  |TAMS 0x0000000085700000, 0x0000000085700000| Untracked 
|  40|0x0000000085800000, 0x0000000085800000, 0x0000000085900000|  0%| F|  |TAMS 0x0000000085800000, 0x0000000085800000| Untracked 
|  41|0x0000000085900000, 0x0000000085900000, 0x0000000085a00000|  0%| F|  |TAMS 0x0000000085900000, 0x0000000085900000| Untracked 
|  42|0x0000000085a00000, 0x0000000085a00000, 0x0000000085b00000|  0%| F|  |TAMS 0x0000000085a00000, 0x0000000085a00000| Untracked 
|  43|0x0000000085b00000, 0x0000000085b00000, 0x0000000085c00000|  0%| F|  |TAMS 0x0000000085b00000, 0x0000000085b00000| Untracked 
|  44|0x0000000085c00000, 0x0000000085c00000, 0x0000000085d00000|  0%| F|  |TAMS 0x0000000085c00000, 0x0000000085c00000| Untracked 
|  45|0x0000000085d00000, 0x0000000085d00000, 0x0000000085e00000|  0%| F|  |TAMS 0x0000000085d00000, 0x0000000085d00000| Untracked 
|  46|0x0000000085e00000, 0x0000000085e00000, 0x0000000085f00000|  0%| F|  |TAMS 0x0000000085e00000, 0x0000000085e00000| Untracked 
|  47|0x0000000085f00000, 0x0000000085f00000, 0x0000000086000000|  0%| F|  |TAMS 0x0000000085f00000, 0x0000000085f00000| Untracked 
|  48|0x0000000086000000, 0x0000000086000000, 0x0000000086100000|  0%| F|  |TAMS 0x0000000086000000, 0x0000000086000000| Untracked 
|  49|0x0000000086100000, 0x0000000086100000, 0x0000000086200000|  0%| F|  |TAMS 0x0000000086100000, 0x0000000086100000| Untracked 
|  50|0x0000000086200000, 0x0000000086200000, 0x0000000086300000|  0%| F|  |TAMS 0x0000000086200000, 0x0000000086200000| Untracked 
|  51|0x0000000086300000, 0x0000000086300000, 0x0000000086400000|  0%| F|  |TAMS 0x0000000086300000, 0x0000000086300000| Untracked 
|  52|0x0000000086400000, 0x0000000086400000, 0x0000000086500000|  0%| F|  |TAMS 0x0000000086400000, 0x0000000086400000| Untracked 
|  53|0x0000000086500000, 0x0000000086500000, 0x0000000086600000|  0%| F|  |TAMS 0x0000000086500000, 0x0000000086500000| Untracked 
|  54|0x0000000086600000, 0x0000000086600000, 0x0000000086700000|  0%| F|  |TAMS 0x0000000086600000, 0x0000000086600000| Untracked 
|  55|0x0000000086700000, 0x0000000086700000, 0x0000000086800000|  0%| F|  |TAMS 0x0000000086700000, 0x0000000086700000| Untracked 
|  56|0x0000000086800000, 0x0000000086800000, 0x0000000086900000|  0%| F|  |TAMS 0x0000000086800000, 0x0000000086800000| Untracked 
|  57|0x0000000086900000, 0x0000000086900000, 0x0000000086a00000|  0%| F|  |TAMS 0x0000000086900000, 0x0000000086900000| Untracked 
|  58|0x0000000086a00000, 0x0000000086a00000, 0x0000000086b00000|  0%| F|  |TAMS 0x0000000086a00000, 0x0000000086a00000| Untracked 
|  59|0x0000000086b00000, 0x0000000086b00000, 0x0000000086c00000|  0%| F|  |TAMS 0x0000000086b00000, 0x0000000086b00000| Untracked 
|  60|0x0000000086c00000, 0x0000000086c00000, 0x0000000086d00000|  0%| F|  |TAMS 0x0000000086c00000, 0x0000000086c00000| Untracked 
|  61|0x0000000086d00000, 0x0000000086d00000, 0x0000000086e00000|  0%| F|  |TAMS 0x0000000086d00000, 0x0000000086d00000| Untracked 
|  62|0x0000000086e00000, 0x0000000086e00000, 0x0000000086f00000|  0%| F|  |TAMS 0x0000000086e00000, 0x0000000086e00000| Untracked 
|  63|0x0000000086f00000, 0x0000000086f00000, 0x0000000087000000|  0%| F|  |TAMS 0x0000000086f00000, 0x0000000086f00000| Untracked 
|  64|0x0000000087000000, 0x0000000087000000, 0x0000000087100000|  0%| F|  |TAMS 0x0000000087000000, 0x0000000087000000| Untracked 
|  65|0x0000000087100000, 0x0000000087100000, 0x0000000087200000|  0%| F|  |TAMS 0x0000000087100000, 0x0000000087100000| Untracked 
|  66|0x0000000087200000, 0x0000000087200000, 0x0000000087300000|  0%| F|  |TAMS 0x0000000087200000, 0x0000000087200000| Untracked 
|  67|0x0000000087300000, 0x0000000087300000, 0x0000000087400000|  0%| F|  |TAMS 0x0000000087300000, 0x0000000087300000| Untracked 
|  68|0x0000000087400000, 0x0000000087400000, 0x0000000087500000|  0%| F|  |TAMS 0x0000000087400000, 0x0000000087400000| Untracked 
|  69|0x0000000087500000, 0x0000000087500000, 0x0000000087600000|  0%| F|  |TAMS 0x0000000087500000, 0x0000000087500000| Untracked 
|  70|0x0000000087600000, 0x0000000087600000, 0x0000000087700000|  0%| F|  |TAMS 0x0000000087600000, 0x0000000087600000| Untracked 
|  71|0x0000000087700000, 0x0000000087700000, 0x0000000087800000|  0%| F|  |TAMS 0x0000000087700000, 0x0000000087700000| Untracked 
|  72|0x0000000087800000, 0x0000000087800000, 0x0000000087900000|  0%| F|  |TAMS 0x0000000087800000, 0x0000000087800000| Untracked 
|  73|0x0000000087900000, 0x0000000087900000, 0x0000000087a00000|  0%| F|  |TAMS 0x0000000087900000, 0x0000000087900000| Untracked 
|  74|0x0000000087a00000, 0x0000000087a00000, 0x0000000087b00000|  0%| F|  |TAMS 0x0000000087a00000, 0x0000000087a00000| Untracked 
|  75|0x0000000087b00000, 0x0000000087b00000, 0x0000000087c00000|  0%| F|  |TAMS 0x0000000087b00000, 0x0000000087b00000| Untracked 
|  76|0x0000000087c00000, 0x0000000087c00000, 0x0000000087d00000|  0%| F|  |TAMS 0x0000000087c00000, 0x0000000087c00000| Untracked 
|  77|0x0000000087d00000, 0x0000000087d00000, 0x0000000087e00000|  0%| F|  |TAMS 0x0000000087d00000, 0x0000000087d00000| Untracked 
|  78|0x0000000087e00000, 0x0000000087e00000, 0x0000000087f00000|  0%| F|  |TAMS 0x0000000087e00000, 0x0000000087e00000| Untracked 
|  79|0x0000000087f00000, 0x0000000087f00000, 0x0000000088000000|  0%| F|  |TAMS 0x0000000087f00000, 0x0000000087f00000| Untracked 
|  80|0x0000000088000000, 0x0000000088000000, 0x0000000088100000|  0%| F|  |TAMS 0x0000000088000000, 0x0000000088000000| Untracked 
|  81|0x0000000088100000, 0x0000000088100000, 0x0000000088200000|  0%| F|  |TAMS 0x0000000088100000, 0x0000000088100000| Untracked 
|  82|0x0000000088200000, 0x0000000088200000, 0x0000000088300000|  0%| F|  |TAMS 0x0000000088200000, 0x0000000088200000| Untracked 
|  83|0x0000000088300000, 0x0000000088300000, 0x0000000088400000|  0%| F|  |TAMS 0x0000000088300000, 0x0000000088300000| Untracked 
|  84|0x0000000088400000, 0x0000000088400000, 0x0000000088500000|  0%| F|  |TAMS 0x0000000088400000, 0x0000000088400000| Untracked 
|  85|0x0000000088500000, 0x0000000088500000, 0x0000000088600000|  0%| F|  |TAMS 0x0000000088500000, 0x0000000088500000| Untracked 
|  86|0x0000000088600000, 0x0000000088600000, 0x0000000088700000|  0%| F|  |TAMS 0x0000000088600000, 0x0000000088600000| Untracked 
|  87|0x0000000088700000, 0x0000000088700000, 0x0000000088800000|  0%| F|  |TAMS 0x0000000088700000, 0x0000000088700000| Untracked 
|  88|0x0000000088800000, 0x0000000088800000, 0x0000000088900000|  0%| F|  |TAMS 0x0000000088800000, 0x0000000088800000| Untracked 
|  89|0x0000000088900000, 0x0000000088900000, 0x0000000088a00000|  0%| F|  |TAMS 0x0000000088900000, 0x0000000088900000| Untracked 
|  90|0x0000000088a00000, 0x0000000088a00000, 0x0000000088b00000|  0%| F|  |TAMS 0x0000000088a00000, 0x0000000088a00000| Untracked 
|  91|0x0000000088b00000, 0x0000000088b00000, 0x0000000088c00000|  0%| F|  |TAMS 0x0000000088b00000, 0x0000000088b00000| Untracked 
|  92|0x0000000088c00000, 0x0000000088c00000, 0x0000000088d00000|  0%| F|  |TAMS 0x0000000088c00000, 0x0000000088c00000| Untracked 
|  93|0x0000000088d00000, 0x0000000088d00000, 0x0000000088e00000|  0%| F|  |TAMS 0x0000000088d00000, 0x0000000088d00000| Untracked 
|  94|0x0000000088e00000, 0x0000000088f00000, 0x0000000088f00000|100%| E|  |TAMS 0x0000000088e00000, 0x0000000088e00000| Complete 
|  95|0x0000000088f00000, 0x0000000089000000, 0x0000000089000000|100%| E|CS|TAMS 0x0000000088f00000, 0x0000000088f00000| Complete 
|  96|0x0000000089000000, 0x0000000089100000, 0x0000000089100000|100%| E|CS|TAMS 0x0000000089000000, 0x0000000089000000| Complete 
|  97|0x0000000089100000, 0x0000000089200000, 0x0000000089200000|100%| E|CS|TAMS 0x0000000089100000, 0x0000000089100000| Complete 
|  98|0x0000000089200000, 0x0000000089300000, 0x0000000089300000|100%| E|CS|TAMS 0x0000000089200000, 0x0000000089200000| Complete 
|  99|0x0000000089300000, 0x0000000089400000, 0x0000000089400000|100%| E|CS|TAMS 0x0000000089300000, 0x0000000089300000| Complete 
| 100|0x0000000089400000, 0x0000000089500000, 0x0000000089500000|100%| E|CS|TAMS 0x0000000089400000, 0x0000000089400000| Complete 
| 101|0x0000000089500000, 0x0000000089600000, 0x0000000089600000|100%| E|CS|TAMS 0x0000000089500000, 0x0000000089500000| Complete 
| 102|0x0000000089600000, 0x0000000089700000, 0x0000000089700000|100%| E|CS|TAMS 0x0000000089600000, 0x0000000089600000| Complete 
| 103|0x0000000089700000, 0x0000000089800000, 0x0000000089800000|100%| E|CS|TAMS 0x0000000089700000, 0x0000000089700000| Complete 
| 104|0x0000000089800000, 0x0000000089900000, 0x0000000089900000|100%| E|CS|TAMS 0x0000000089800000, 0x0000000089800000| Complete 
| 105|0x0000000089900000, 0x0000000089a00000, 0x0000000089a00000|100%| E|CS|TAMS 0x0000000089900000, 0x0000000089900000| Complete 
| 106|0x0000000089a00000, 0x0000000089b00000, 0x0000000089b00000|100%| E|CS|TAMS 0x0000000089a00000, 0x0000000089a00000| Complete 
| 107|0x0000000089b00000, 0x0000000089c00000, 0x0000000089c00000|100%| E|CS|TAMS 0x0000000089b00000, 0x0000000089b00000| Complete 
| 108|0x0000000089c00000, 0x0000000089d00000, 0x0000000089d00000|100%| E|CS|TAMS 0x0000000089c00000, 0x0000000089c00000| Complete 
| 109|0x0000000089d00000, 0x0000000089de22a0, 0x0000000089e00000| 88%| S|CS|TAMS 0x0000000089d00000, 0x0000000089d00000| Complete 
| 110|0x0000000089e00000, 0x0000000089f00000, 0x0000000089f00000|100%| E|CS|TAMS 0x0000000089e00000, 0x0000000089e00000| Complete 
| 111|0x0000000089f00000, 0x000000008a000000, 0x000000008a000000|100%| E|CS|TAMS 0x0000000089f00000, 0x0000000089f00000| Complete 
| 112|0x000000008a000000, 0x000000008a100000, 0x000000008a100000|100%| E|CS|TAMS 0x000000008a000000, 0x000000008a000000| Complete 
| 113|0x000000008a100000, 0x000000008a200000, 0x000000008a200000|100%| E|CS|TAMS 0x000000008a100000, 0x000000008a100000| Complete 
| 114|0x000000008a200000, 0x000000008a300000, 0x000000008a300000|100%| E|CS|TAMS 0x000000008a200000, 0x000000008a200000| Complete 
| 115|0x000000008a300000, 0x000000008a400000, 0x000000008a400000|100%| E|CS|TAMS 0x000000008a300000, 0x000000008a300000| Complete 
| 116|0x000000008a400000, 0x000000008a500000, 0x000000008a500000|100%| E|CS|TAMS 0x000000008a400000, 0x000000008a400000| Complete 
| 117|0x000000008a500000, 0x000000008a600000, 0x000000008a600000|100%| E|CS|TAMS 0x000000008a500000, 0x000000008a500000| Complete 
| 118|0x000000008a600000, 0x000000008a700000, 0x000000008a700000|100%| E|CS|TAMS 0x000000008a600000, 0x000000008a600000| Complete 
| 119|0x000000008a700000, 0x000000008a800000, 0x000000008a800000|100%| E|CS|TAMS 0x000000008a700000, 0x000000008a700000| Complete 
| 120|0x000000008a800000, 0x000000008a900000, 0x000000008a900000|100%| E|CS|TAMS 0x000000008a800000, 0x000000008a800000| Complete 
| 121|0x000000008a900000, 0x000000008aa00000, 0x000000008aa00000|100%| E|CS|TAMS 0x000000008a900000, 0x000000008a900000| Complete 
| 122|0x000000008aa00000, 0x000000008ab00000, 0x000000008ab00000|100%| E|CS|TAMS 0x000000008aa00000, 0x000000008aa00000| Complete 
| 123|0x000000008ab00000, 0x000000008ac00000, 0x000000008ac00000|100%| E|CS|TAMS 0x000000008ab00000, 0x000000008ab00000| Complete 
| 124|0x000000008ac00000, 0x000000008ad00000, 0x000000008ad00000|100%| E|CS|TAMS 0x000000008ac00000, 0x000000008ac00000| Complete 
| 125|0x000000008ad00000, 0x000000008ae00000, 0x000000008ae00000|100%| E|  |TAMS 0x000000008ad00000, 0x000000008ad00000| Complete 

Card table byte_map: [0x0000026a28bc0000,0x0000026a28fb0000] _byte_map_base: 0x0000026a287a8000

Marking Bits (Prev, Next): (CMBitMap*) 0x0000026a110668a8, (CMBitMap*) 0x0000026a110668e8
 Prev Bits: [0x0000026a293a0000, 0x0000026a2b2e0000)
 Next Bits: [0x0000026a2b2e0000, 0x0000026a2d220000)

Polling page: 0x0000026a0eea0000

Metaspace:

Usage:
  Non-class:     12.09 MB capacity,    11.79 MB ( 98%) used,   245.09 KB (  2%) free+waste,    54.44 KB ( <1%) overhead. 
      Class:      1.81 MB capacity,     1.60 MB ( 88%) used,   189.78 KB ( 10%) free+waste,    29.38 KB (  2%) overhead. 
       Both:     13.90 MB capacity,    13.39 MB ( 96%) used,   434.87 KB (  3%) free+waste,    83.81 KB ( <1%) overhead. 

Virtual space:
  Non-class space:       14.00 MB reserved,      12.25 MB ( 88%) committed 
      Class space:        1.00 GB reserved,       1.88 MB ( <1%) committed 
             Both:        1.01 GB reserved,      14.13 MB (  1%) committed 

Chunk freelists:
   Non-Class:  40.00 KB
       Class:  31.00 KB
        Both:  71.00 KB

MaxMetaspaceSize: 17179869184.00 GB
CompressedClassSpaceSize: 1.00 GB

CodeHeap 'non-profiled nmethods': size=120000Kb used=611Kb max_used=611Kb free=119389Kb
 bounds [0x0000026a212a0000, 0x0000026a21510000, 0x0000026a287d0000]
CodeHeap 'profiled nmethods': size=120000Kb used=3180Kb max_used=3180Kb free=116819Kb
 bounds [0x0000026a19d70000, 0x0000026a1a090000, 0x0000026a212a0000]
CodeHeap 'non-nmethods': size=5760Kb used=1256Kb max_used=1282Kb free=4503Kb
 bounds [0x0000026a197d0000, 0x0000026a19a40000, 0x0000026a19d70000]
 total_blobs=2213 nmethods=1694 adapters=431
 compilation: enabled
              stopped_count=0, restarted_count=0
 full_count=0

Compilation events (20 events):
Event: 1.281 Thread 0x0000026a2f718000 1693       3       jdk.internal.util.Preconditions::checkFromIndexSize (25 bytes)
Event: 1.281 Thread 0x0000026a2f718000 nmethod 1693 0x0000026a1a084e90 code [0x0000026a1a0850a0, 0x0000026a1a0858d8]
Event: 1.288 Thread 0x0000026a2f718000 1694       3       java.io.BufferedReader::ensureOpen (18 bytes)
Event: 1.288 Thread 0x0000026a2f718000 nmethod 1694 0x0000026a1a085b10 code [0x0000026a1a085cc0, 0x0000026a1a085ee8]
Event: 1.288 Thread 0x0000026a2f718000 1696   !   3       java.io.BufferedReader::ready (117 bytes)
Event: 1.289 Thread 0x0000026a2f718000 nmethod 1696 0x0000026a1a085f90 code [0x0000026a1a0861a0, 0x0000026a1a0869d8]
Event: 1.289 Thread 0x0000026a2f718000 1698       3       sun.nio.cs.DoubleByte$Encoder::encodeChar (21 bytes)
Event: 1.289 Thread 0x0000026a2f718000 nmethod 1698 0x0000026a1a086d10 code [0x0000026a1a086ea0, 0x0000026a1a087018]
Event: 1.289 Thread 0x0000026a2f718000 1697   !   3       java.io.BufferedReader::read (104 bytes)
Event: 1.289 Thread 0x0000026a2f718000 nmethod 1697 0x0000026a1a087110 code [0x0000026a1a087300, 0x0000026a1a0879d8]
Event: 1.289 Thread 0x0000026a2f718000 1699       3       java.lang.StringCoding::hasNegatives (25 bytes)
Event: 1.289 Thread 0x0000026a2f718000 nmethod 1699 0x0000026a1a087d10 code [0x0000026a1a087ec0, 0x0000026a1a0880d8]
Event: 1.308 Thread 0x0000026a2f718000 1701       3       java.util.jar.Manifest::getTrustedAttributes (57 bytes)
Event: 1.309 Thread 0x0000026a2f718000 nmethod 1701 0x0000026a1a088210 code [0x0000026a1a0884a0, 0x0000026a1a0890b8]
Event: 1.316 Thread 0x0000026a2f718000 1702       3       java.util.Vector::add (23 bytes)
Event: 1.316 Thread 0x0000026a2f718000 nmethod 1702 0x0000026a1a089510 code [0x0000026a1a0896e0, 0x0000026a1a089ac8]
Event: 1.322 Thread 0x0000026a2f718000 1703  s    3       java.util.Vector::addElement (24 bytes)
Event: 1.322 Thread 0x0000026a2f718000 nmethod 1703 0x0000026a1a089c90 code [0x0000026a1a089e60, 0x0000026a1a08a468]
Event: 1.333 Thread 0x0000026a2f718000 1704       3       java.lang.ClassLoader::addClass (9 bytes)
Event: 1.333 Thread 0x0000026a2f718000 nmethod 1704 0x0000026a1a08a610 code [0x0000026a1a08a7e0, 0x0000026a1a08af08]

GC Heap History (4 events):
Event: 0.308 GC heap before
{Heap before GC invocations=0 (full 0):
 garbage-first heap   total 129024K, used 12288K [0x0000000083000000, 0x0000000100000000)
  region size 1024K, 13 young (13312K), 0 survivors (0K)
 Metaspace       used 1435K, capacity 4766K, committed 4864K, reserved 1056768K
  class space    used 131K, capacity 443K, committed 512K, reserved 1048576K
}
Event: 0.310 GC heap after
{Heap after GC invocations=1 (full 0):
 garbage-first heap   total 129024K, used 4787K [0x0000000083000000, 0x0000000100000000)
  region size 1024K, 2 young (2048K), 2 survivors (2048K)
 Metaspace       used 1435K, capacity 4766K, committed 4864K, reserved 1056768K
  class space    used 131K, capacity 443K, committed 512K, reserved 1048576K
}
Event: 0.599 GC heap before
{Heap before GC invocations=1 (full 0):
 garbage-first heap   total 129024K, used 19123K [0x0000000083000000, 0x0000000100000000)
  region size 1024K, 16 young (16384K), 2 survivors (2048K)
 Metaspace       used 4523K, capacity 6988K, committed 7168K, reserved 1056768K
  class space    used 572K, capacity 900K, committed 1024K, reserved 1048576K
}
Event: 0.602 GC heap after
{Heap after GC invocations=2 (full 0):
 garbage-first heap   total 129024K, used 5481K [0x0000000083000000, 0x0000000100000000)
  region size 1024K, 1 young (1024K), 1 survivors (1024K)
 Metaspace       used 4523K, capacity 6988K, committed 7168K, reserved 1056768K
  class space    used 572K, capacity 900K, committed 1024K, reserved 1048576K
}

Deoptimization events (20 events):
Event: 1.138 Thread 0x0000026a11023000 Uncommon trap: trap_request=0xffffff45 fr.pc=0x0000026a21307f58 relative=0x0000000000000598
Event: 1.138 Thread 0x0000026a11023000 Uncommon trap: reason=unstable_if action=reinterpret pc=0x0000026a21307f58 method=java.lang.StringLatin1.compareToCI([B[B)I @ 68 c2
Event: 1.138 Thread 0x0000026a11023000 DEOPT PACKING pc=0x0000026a21307f58 sp=0x00000070cbaf93e0
Event: 1.138 Thread 0x0000026a11023000 DEOPT UNPACKING pc=0x0000026a197d852f sp=0x00000070cbaf9358 mode 2
Event: 1.157 Thread 0x0000026a11023000 DEOPT PACKING pc=0x0000026a1a04d67b sp=0x00000070cbafa500
Event: 1.157 Thread 0x0000026a11023000 DEOPT UNPACKING pc=0x0000026a198183de sp=0x00000070cbaf9970 mode 0
Event: 1.193 Thread 0x0000026a11023000 DEOPT PACKING pc=0x0000026a1a04d67b sp=0x00000070cbafa500
Event: 1.193 Thread 0x0000026a11023000 DEOPT UNPACKING pc=0x0000026a198183de sp=0x00000070cbaf9970 mode 0
Event: 1.210 Thread 0x0000026a11023000 Uncommon trap: trap_request=0xffffff45 fr.pc=0x0000026a212b0604 relative=0x0000000000000164
Event: 1.210 Thread 0x0000026a11023000 Uncommon trap: reason=unstable_if action=reinterpret pc=0x0000026a212b0604 method=java.lang.StringCoding.hasNegatives([BII)Z @ 12 c2
Event: 1.210 Thread 0x0000026a11023000 DEOPT PACKING pc=0x0000026a212b0604 sp=0x00000070cbafb490
Event: 1.210 Thread 0x0000026a11023000 DEOPT UNPACKING pc=0x0000026a197d852f sp=0x00000070cbafb420 mode 2
Event: 1.294 Thread 0x0000026a11023000 DEOPT PACKING pc=0x0000026a1a04d67b sp=0x00000070cbaf3a20
Event: 1.294 Thread 0x0000026a11023000 DEOPT UNPACKING pc=0x0000026a198183de sp=0x00000070cbaf2e90 mode 0
Event: 1.297 Thread 0x0000026a11023000 DEOPT PACKING pc=0x0000026a19ff98c8 sp=0x00000070cbaeed10
Event: 1.297 Thread 0x0000026a11023000 DEOPT UNPACKING pc=0x0000026a198183de sp=0x00000070cbaee218 mode 0
Event: 1.313 Thread 0x0000026a11023000 DEOPT PACKING pc=0x0000026a1a04d67b sp=0x00000070cbaf6ee0
Event: 1.313 Thread 0x0000026a11023000 DEOPT UNPACKING pc=0x0000026a198183de sp=0x00000070cbaf6350 mode 0
Event: 1.332 Thread 0x0000026a11023000 DEOPT PACKING pc=0x0000026a1a04d67b sp=0x00000070cbaf6ee0
Event: 1.332 Thread 0x0000026a11023000 DEOPT UNPACKING pc=0x0000026a198183de sp=0x00000070cbaf6350 mode 0

Classes unloaded (0 events):
No events

Classes redefined (0 events):
No events

Internal exceptions (20 events):
Event: 0.505 Thread 0x0000026a11023000 Exception <a 'java/lang/IncompatibleClassChangeError'{0x000000008a43d100}: Found class java.lang.Object, but interface was expected> (0x000000008a43d100) 
thrown [./open/src/hotspot/share/interpreter/linkResolver.cpp, line 832]
Event: 0.508 Thread 0x0000026a11023000 Exception <a 'java/lang/NoSuchMethodError'{0x000000008a4592b8}: 'void java.lang.invoke.DirectMethodHandle$Holder.invokeStatic(java.lang.Object, java.lang.Object, java.lang.Object, java.lang.Object)'> (0x000000008a4592b8) 
thrown [./open/src/hotspot/share/interpreter/linkResolver.cpp, line 766]
Event: 0.518 Thread 0x0000026a11023000 Exception <a 'java/lang/NoSuchMethodError'{0x000000008a301778}: 'java.lang.Object java.lang.invoke.Invokers$Holder.invokeExact_MT(java.lang.Object, java.lang.Object, java.lang.Object, java.lang.Object, java.lang.Object, java.lang.Object)'> (0x000000008a301778) 
thrown [./open/src/hotspot/share/interpreter/linkResolver.cpp, line 766]
Event: 0.529 Thread 0x0000026a11023000 Exception <a 'java/lang/NoSuchMethodError'{0x000000008a3a3128}: 'void java.lang.invoke.DirectMethodHandle$Holder.invokeSpecial(java.lang.Object, java.lang.Object)'> (0x000000008a3a3128) 
thrown [./open/src/hotspot/share/interpreter/linkResolver.cpp, line 766]
Event: 0.545 Thread 0x0000026a11023000 Exception <a 'java/lang/NoSuchMethodError'{0x000000008a2abd30}: 'int java.lang.invoke.DirectMethodHandle$Holder.invokeStaticInit(java.lang.Object, java.lang.Object, java.lang.Object)'> (0x000000008a2abd30) 
thrown [./open/src/hotspot/share/interpreter/linkResolver.cpp, line 766]
Event: 0.565 Thread 0x0000026a11023000 Exception <a 'java/lang/NoSuchMethodError'{0x000000008a174c50}: 'int java.lang.invoke.DirectMethodHandle$Holder.invokeStaticInit(java.lang.Object, java.lang.Object)'> (0x000000008a174c50) 
thrown [./open/src/hotspot/share/interpreter/linkResolver.cpp, line 766]
Event: 0.576 Thread 0x0000026a11023000 Exception <a 'java/lang/NoSuchMethodError'{0x000000008a1d3180}: 'java.lang.Object java.lang.invoke.DirectMethodHandle$Holder.invokeInterface(java.lang.Object, java.lang.Object, java.lang.Object, java.lang.Object, java.lang.Object)'> (0x000000008a1d3180) 
thrown [./open/src/hotspot/share/interpreter/linkResolver.cpp, line 766]
Event: 0.576 Thread 0x0000026a11023000 Exception <a 'java/lang/IncompatibleClassChangeError'{0x000000008a1d66d0}: Found class java.lang.Object, but interface was expected> (0x000000008a1d66d0) 
thrown [./open/src/hotspot/share/interpreter/linkResolver.cpp, line 832]
Event: 0.586 Thread 0x0000026a11023000 Exception <a 'java/lang/IncompatibleClassChangeError'{0x0000000089e36b70}: Found class java.lang.Object, but interface was expected> (0x0000000089e36b70) 
thrown [./open/src/hotspot/share/interpreter/linkResolver.cpp, line 832]
Event: 0.677 Thread 0x0000026a11023000 Exception <a 'java/lang/NoSuchMethodError'{0x000000008aafac28}: 'void java.lang.invoke.DirectMethodHandle$Holder.invokeStatic(java.lang.Object, java.lang.Object, java.lang.Object, java.lang.Object, java.lang.Object, java.lang.Object)'> (0x000000008aafac28) 
thrown [./open/src/hotspot/share/interpreter/linkResolver.cpp, line 766]
Event: 0.678 Thread 0x0000026a11023000 Exception <a 'java/lang/NoSuchMethodError'{0x000000008a90b700}: 'int java.lang.invoke.DirectMethodHandle$Holder.invokeInterface(java.lang.Object, java.lang.Object)'> (0x000000008a90b700) 
thrown [./open/src/hotspot/share/interpreter/linkResolver.cpp, line 766]
Event: 0.678 Thread 0x0000026a11023000 Exception <a 'java/lang/IncompatibleClassChangeError'{0x000000008a90e778}: Found class java.lang.Object, but interface was expected> (0x000000008a90e778) 
thrown [./open/src/hotspot/share/interpreter/linkResolver.cpp, line 832]
Event: 0.740 Thread 0x0000026a11023000 Exception <a 'java/lang/NoSuchMethodError'{0x000000008a732090}: 'void java.lang.invoke.DelegatingMethodHandle$Holder.delegate(java.lang.Object, java.lang.Object, int, java.lang.Object)'> (0x000000008a732090) 
thrown [./open/src/hotspot/share/interpreter/linkResolver.cpp, line 766]
Event: 0.790 Thread 0x0000026a11023000 Exception <a 'java/lang/NoSuchMethodError'{0x000000008a480360}: 'void java.lang.invoke.DirectMethodHandle$Holder.invokeStatic(java.lang.Object, long)'> (0x000000008a480360) 
thrown [./open/src/hotspot/share/interpreter/linkResolver.cpp, line 766]
Event: 0.792 Thread 0x0000026a11023000 Exception <a 'java/lang/NoSuchMethodError'{0x000000008a488350}: 'java.lang.Object java.lang.invoke.DirectMethodHandle$Holder.invokeStatic(java.lang.Object, java.lang.Object, long, java.lang.Object)'> (0x000000008a488350) 
thrown [./open/src/hotspot/share/interpreter/linkResolver.cpp, line 766]
Event: 0.793 Thread 0x0000026a11023000 Exception <a 'java/lang/NoSuchMethodError'{0x000000008a48b838}: 'java.lang.Object java.lang.invoke.DirectMethodHandle$Holder.invokeStaticInit(java.lang.Object, java.lang.Object, long, java.lang.Object)'> (0x000000008a48b838) 
thrown [./open/src/hotspot/share/interpreter/linkResolver.cpp, line 766]
Event: 0.793 Thread 0x0000026a11023000 Exception <a 'java/lang/NoSuchMethodError'{0x000000008a4916a8}: 'java.lang.Object java.lang.invoke.Invokers$Holder.linkToTargetMethod(java.lang.Object, long, java.lang.Object)'> (0x000000008a4916a8) 
thrown [./open/src/hotspot/share/interpreter/linkResolver.cpp, line 766]
Event: 0.920 Thread 0x0000026a11023000 Exception <a 'java/lang/NoSuchMethodError'{0x0000000089b92598}: 'java.lang.Object java.lang.invoke.DirectMethodHandle$Holder.invokeStaticInit(java.lang.Object, int, int, int, int)'> (0x0000000089b92598) 
thrown [./open/src/hotspot/share/interpreter/linkResolver.cpp, line 766]
Event: 0.938 Thread 0x0000026a11023000 Exception <a 'java/lang/NoSuchMethodError'{0x0000000089babf30}: 'java.lang.Object java.lang.invoke.DirectMethodHandle$Holder.invokeStaticInit(java.lang.Object, java.lang.Object, int, int, int, int)'> (0x0000000089babf30) 
thrown [./open/src/hotspot/share/interpreter/linkResolver.cpp, line 766]
Event: 1.134 Thread 0x0000026a11023000 Exception <a 'java/lang/ClassNotFoundException'{0x00000000896b3540}: com/sun/org/apache/xml/internal/serializer/spi/XMLEntitiesProvider> (0x00000000896b3540) 
thrown [./open/src/hotspot/share/classfile/systemDictionary.cpp, line 226]

Events (20 events):
Event: 1.207 loading class com/sun/org/apache/xerces/internal/dom/DeferredTextImpl done
Event: 1.207 loading class com/sun/org/apache/xerces/internal/dom/CharacterDataImpl$1
Event: 1.207 loading class com/sun/org/apache/xerces/internal/dom/CharacterDataImpl$1 done
Event: 1.209 loading class com/sun/org/apache/xerces/internal/dom/DeferredCDATASectionImpl
Event: 1.209 loading class com/sun/org/apache/xerces/internal/dom/CDATASectionImpl
Event: 1.209 loading class org/w3c/dom/CDATASection
Event: 1.209 loading class org/w3c/dom/CDATASection done
Event: 1.209 loading class com/sun/org/apache/xerces/internal/dom/CDATASectionImpl done
Event: 1.209 loading class com/sun/org/apache/xerces/internal/dom/DeferredCDATASectionImpl done
Event: 1.210 loading class com/sun/org/apache/xml/internal/serializer/EncodingInfo$EncodingImpl
Event: 1.210 loading class com/sun/org/apache/xml/internal/serializer/EncodingInfo$InEncoding
Event: 1.210 loading class com/sun/org/apache/xml/internal/serializer/EncodingInfo$InEncoding done
Event: 1.210 loading class com/sun/org/apache/xml/internal/serializer/EncodingInfo$EncodingImpl done
Event: 1.226 loading class com/sun/org/apache/xml/internal/serializer/WriterToUTF8Buffered
Event: 1.226 loading class com/sun/org/apache/xml/internal/serializer/WriterChain
Event: 1.226 loading class com/sun/org/apache/xml/internal/serializer/WriterChain done
Event: 1.226 loading class com/sun/org/apache/xml/internal/serializer/WriterToUTF8Buffered done
Event: 1.226 loading class com/sun/org/apache/xml/internal/serializer/WriterToASCI
Event: 1.226 loading class com/sun/org/apache/xml/internal/serializer/WriterToASCI done
Event: 1.274 Loaded shared library C:\Program Files\Java\jdk-14.0.2\bin\java.dll


Dynamic libraries:
0x00007ff797630000 - 0x00007ff79763f000 	C:\Program Files\Java\jdk-14.0.2\bin\javaw.exe
0x00007ff97e4d0000 - 0x00007ff97e6c4000 	C:\Windows\SYSTEM32\ntdll.dll
0x00007ff97e140000 - 0x00007ff97e1fd000 	C:\Windows\System32\KERNEL32.DLL
0x00007ff97bf60000 - 0x00007ff97c227000 	C:\Windows\System32\KERNELBASE.dll
0x00007ff97bc70000 - 0x00007ff97bd70000 	C:\Windows\System32\ucrtbase.dll
0x00007ff95f350000 - 0x00007ff95f368000 	C:\Program Files\Java\jdk-14.0.2\bin\jli.dll
0x00007ff97dde0000 - 0x00007ff97de8a000 	C:\Windows\System32\ADVAPI32.dll
0x00007ff97df70000 - 0x00007ff97e00e000 	C:\Windows\System32\msvcrt.dll
0x00007ff97dc40000 - 0x00007ff97dcdb000 	C:\Windows\System32\sechost.dll
0x00007ff97d9a0000 - 0x00007ff97dac3000 	C:\Windows\System32\RPCRT4.dll
0x00007ff97c790000 - 0x00007ff97c930000 	C:\Windows\System32\USER32.dll
0x00007ff97bd70000 - 0x00007ff97bd92000 	C:\Windows\System32\win32u.dll
0x00007ff97ddb0000 - 0x00007ff97ddda000 	C:\Windows\System32\GDI32.dll
0x00007ff97c390000 - 0x00007ff97c49a000 	C:\Windows\System32\gdi32full.dll
0x00007ff97c4a0000 - 0x00007ff97c53d000 	C:\Windows\System32\msvcp_win.dll
0x00007ff95f370000 - 0x00007ff95f385000 	C:\Program Files\Java\jdk-14.0.2\bin\VCRUNTIME140.dll
0x00007ff967320000 - 0x00007ff9675ba000 	C:\Windows\WinSxS\amd64_microsoft.windows.common-controls_6595b64144ccf1df_6.0.19041.1_none_b555e41d4684ddec\COMCTL32.dll
0x00007ff976090000 - 0x00007ff97609a000 	C:\Windows\SYSTEM32\VERSION.dll
0x00007ff97e260000 - 0x00007ff97e290000 	C:\Windows\System32\IMM32.DLL
0x00007ff9511e0000 - 0x00007ff95127b000 	C:\Program Files\Java\jdk-14.0.2\bin\msvcp140.dll
0x00007ff939c10000 - 0x00007ff93a72e000 	C:\Program Files\Java\jdk-14.0.2\bin\server\jvm.dll
0x00007ff97c540000 - 0x00007ff97c548000 	C:\Windows\System32\PSAPI.DLL
0x00007ff977950000 - 0x00007ff977959000 	C:\Windows\SYSTEM32\WSOCK32.dll
0x00007ff965950000 - 0x00007ff965977000 	C:\Windows\SYSTEM32\WINMM.dll
0x00007ff97dd40000 - 0x00007ff97ddab000 	C:\Windows\System32\WS2_32.dll
0x00007ff979bb0000 - 0x00007ff979bc3000 	C:\Windows\SYSTEM32\kernel.appcore.dll
0x00007ff9778b0000 - 0x00007ff9778ba000 	C:\Program Files\Java\jdk-14.0.2\bin\jimage.dll
0x00007ff96d3a0000 - 0x00007ff96d584000 	C:\Windows\SYSTEM32\DBGHELP.DLL
0x00007ff96bbd0000 - 0x00007ff96bbfc000 	C:\Windows\SYSTEM32\dbgcore.DLL
0x00007ff97c310000 - 0x00007ff97c38f000 	C:\Windows\System32\bcryptPrimitives.dll
0x00007ff961170000 - 0x00007ff961195000 	C:\Program Files\Java\jdk-14.0.2\bin\java.dll
0x00007ff9611d0000 - 0x00007ff9611e6000 	C:\Program Files\Java\jdk-14.0.2\bin\zip.dll
0x00007ff97d260000 - 0x00007ff97d995000 	C:\Windows\System32\SHELL32.dll
0x00007ff979db0000 - 0x00007ff97a53f000 	C:\Windows\SYSTEM32\windows.storage.dll
0x00007ff97ca00000 - 0x00007ff97cd53000 	C:\Windows\System32\combase.dll
0x00007ff97b6a0000 - 0x00007ff97b6cb000 	C:\Windows\SYSTEM32\Wldp.dll
0x00007ff97dad0000 - 0x00007ff97db7e000 	C:\Windows\System32\SHCORE.dll
0x00007ff97e200000 - 0x00007ff97e255000 	C:\Windows\System32\shlwapi.dll
0x00007ff97bb60000 - 0x00007ff97bb7f000 	C:\Windows\SYSTEM32\profapi.dll
0x00007ff960ed0000 - 0x00007ff960ee9000 	C:\Program Files\Java\jdk-14.0.2\bin\net.dll
0x00007ff96eaa0000 - 0x00007ff96eba0000 	C:\Windows\SYSTEM32\WINHTTP.dll
0x00007ff97b420000 - 0x00007ff97b48a000 	C:\Windows\system32\mswsock.dll
0x00007ff960e70000 - 0x00007ff960e82000 	C:\Program Files\Java\jdk-14.0.2\bin\nio.dll
0x00007ff977850000 - 0x00007ff977860000 	C:\Program Files\Java\jdk-14.0.2\bin\verify.dll
0x00007ff97b0c0000 - 0x00007ff97b0fb000 	C:\Windows\SYSTEM32\IPHLPAPI.DLL
0x00007ff97d1d0000 - 0x00007ff97d1d9000 	C:\Windows\System32\NSI.dll
0x00007ff974530000 - 0x00007ff974547000 	C:\Windows\SYSTEM32\dhcpcsvc6.DLL
0x00007ff974510000 - 0x00007ff97452d000 	C:\Windows\SYSTEM32\dhcpcsvc.DLL
0x00007ff97b110000 - 0x00007ff97b1da000 	C:\Windows\SYSTEM32\DNSAPI.dll
0x00007ff976350000 - 0x00007ff976359000 	C:\Program Files\Java\jdk-14.0.2\bin\management.dll
0x00007ff975990000 - 0x00007ff97599b000 	C:\Program Files\Java\jdk-14.0.2\bin\management_ext.dll
0x00007ff97b5f0000 - 0x00007ff97b608000 	C:\Windows\SYSTEM32\CRYPTSP.dll
0x00007ff97ad40000 - 0x00007ff97ad74000 	C:\Windows\system32\rsaenh.dll
0x00007ff97c2e0000 - 0x00007ff97c307000 	C:\Windows\System32\bcrypt.dll
0x00007ff97bb20000 - 0x00007ff97bb4e000 	C:\Windows\SYSTEM32\USERENV.dll
0x00007ff97b610000 - 0x00007ff97b61c000 	C:\Windows\SYSTEM32\CRYPTBASE.dll
0x00007ff96e290000 - 0x00007ff96e29a000 	C:\Windows\System32\rasadhlp.dll
0x00007ff96ebd0000 - 0x00007ff96ec4f000 	C:\Windows\System32\fwpuclnt.dll

dbghelp: loaded successfully - version: 4.0.5 - missing functions: none
symbol engine: initialized successfully - sym options: 0x614 - pdb path: .;C:\Program Files\Java\jdk-14.0.2\bin;C:\Windows\SYSTEM32;C:\Windows\WinSxS\amd64_microsoft.windows.common-controls_6595b64144ccf1df_6.0.19041.1_none_b555e41d4684ddec;C:\Program Files\Java\jdk-14.0.2\bin\server

VM Arguments:
jvm_args: -ea -Dfile.encoding=UTF-8 
java_command: org.eclipse.jdt.internal.junit.runner.RemoteTestRunner -version 3 -port 61451 -testLoaderClass org.eclipse.jdt.internal.junit5.runner.JUnit5TestLoader -loaderpluginname org.eclipse.jdt.junit5.runtime -classNames com.example.demo.RizaSampleApplicationTests2
java_class_path (initial): C:\Users\webma\Documents\workspace\RizaSample\target\test-classes;C:\Users\webma\Documents\workspace\RizaSample\target\classes;C:\Users\webma\.m2\repository\org\springframework\boot\spring-boot-starter\2.3.1.RELEASE\spring-boot-starter-2.3.1.RELEASE.jar;C:\Users\webma\.m2\repository\org\springframework\boot\spring-boot\2.3.1.RELEASE\spring-boot-2.3.1.RELEASE.jar;C:\Users\webma\.m2\repository\org\springframework\spring-context\5.2.7.RELEASE\spring-context-5.2.7.RELEASE.jar;C:\Users\webma\.m2\repository\org\springframework\spring-aop\5.2.7.RELEASE\spring-aop-5.2.7.RELEASE.jar;C:\Users\webma\.m2\repository\org\springframework\spring-beans\5.2.7.RELEASE\spring-beans-5.2.7.RELEASE.jar;C:\Users\webma\.m2\repository\org\springframework\spring-expression\5.2.7.RELEASE\spring-expression-5.2.7.RELEASE.jar;C:\Users\webma\.m2\repository\org\springframework\boot\spring-boot-autoconfigure\2.3.1.RELEASE\spring-boot-autoconfigure-2.3.1.RELEASE.jar;C:\Users\webma\.m2\repository\org\springframework\boot\spring-boot-starter-logging\2.3.1.RELEASE\spring-boot-starter-logging-2.3.1.RELEASE.jar;C:\Users\webma\.m2\repository\ch\qos\logback\logback-classic\1.2.3\logback-classic-1.2.3.jar;C:\Users\webma\.m2\repository\ch\qos\logback\logback-core\1.2.3\logback-core-1.2.3.jar;C:\Users\webma\.m2\repository\org\apache\logging\log4j\log4j-to-slf4j\2.13.3\log4j-to-slf4j-2.13.3.jar;C:\Users\webma\.m2\repository\org\apache\logging\log4j\log4j-api\2.13.3\log4j-api-2.13.3.jar;C:\Users\webma\.m2\repository\org\slf4j\jul-to-slf4j\1.7.30\jul-to-slf4j-1.7.30.jar;C:\Users\webma\.m2\repository\jakarta\annotation\jakarta.annotation-api\1.3.5\jakarta.annotation-api-1.3.5.jar;C:\Users\webma\.m2\repository\org\springframework\spring-core\5.2.7.RELEASE\spring-core-5.2.7.RELEASE.jar;C:\Users\webma\.m2\repository\org\springframework\spring-jcl\5.2.7.RELEASE\spring-jcl-5.2.7.RELEASE.jar;C:\Users\webma\.m2\repository\org\yaml\snakeyaml\1.26\snakeyaml-1.26.jar;C:\Users\webma\.m2\repositor
Launcher Type: SUN_STANDARD

[Global flags]
     intx CICompilerCount                          = 3                                         {product} {ergonomic}
     uint ConcGCThreads                            = 1                                         {product} {ergonomic}
     uint G1ConcRefinementThreads                  = 4                                         {product} {ergonomic}
   size_t G1HeapRegionSize                         = 1048576                                   {product} {ergonomic}
    uintx GCDrainStackTargetSize                   = 64                                        {product} {ergonomic}
   size_t InitialHeapSize                          = 132120576                                 {product} {ergonomic}
   size_t MarkStackSize                            = 4194304                                   {product} {ergonomic}
   size_t MaxHeapSize                              = 2097152000                                {product} {ergonomic}
   size_t MaxNewSize                               = 1258291200                                {product} {ergonomic}
   size_t MinHeapDeltaBytes                        = 1048576                                   {product} {ergonomic}
   size_t MinHeapSize                              = 8388608                                   {product} {ergonomic}
    uintx NonNMethodCodeHeapSize                   = 5832780                                {pd product} {ergonomic}
    uintx NonProfiledCodeHeapSize                  = 122912730                              {pd product} {ergonomic}
    uintx ProfiledCodeHeapSize                     = 122912730                              {pd product} {ergonomic}
    uintx ReservedCodeCacheSize                    = 251658240                              {pd product} {ergonomic}
     bool SegmentedCodeCache                       = true                                      {product} {ergonomic}
   size_t SoftMaxHeapSize                          = 2097152000                             {manageable} {ergonomic}
     bool UseCompressedClassPointers               = true                                 {lp64_product} {ergonomic}
     bool UseCompressedOops                        = true                                 {lp64_product} {ergonomic}
     bool UseG1GC                                  = true                                      {product} {ergonomic}
     bool UseLargePagesIndividualAllocation        = false                                  {pd product} {ergonomic}

Logging:
Log output configuration:
 #0: stdout all=warning uptime,level,tags
 #1: stderr all=off uptime,level,tags

Environment Variables:
JAVA_HOME=C:\Program Files\Java\jdk-14.0.2
CLASSPATH=C:\Program Files (x86)\IBM\WebSphere MQ\java\lib\com.ibm.mqjms.jar;C:\Program Files (x86)\IBM\WebSphere MQ\java\lib\com.ibm.mq.jar
PATH=C:/Program Files/Java/jdk-14.0.2/bin/server;C:/Program Files/Java/jdk-14.0.2/bin;C:\Program Files (x86)\IBM\WebSphere MQ\java\lib;C:\Program Files (x86)\IBM\WebSphere MQ\java\lib64;C:\Windows\system32;C:\Windows;C:\Windows\System32\Wbem;C:\Windows\System32\WindowsPowerShell\v1.0\;C:\Windows\System32\OpenSSH\;C:\HashiCorp\Vagrant\bin;C:\Program Files (x86)\IBM\WebSphere MQ\bin64;C:\Program Files (x86)\IBM\WebSphere MQ\bin;C:\Program Files (x86)\IBM\WebSphere MQ\tools\c\samples\bin;C:\Program Files\Java\jdk-14.0.2\bin;C:\Users\webma\AppData\Local\Microsoft\WindowsApps;C:\Program Files\Java\jdk-14.0.2\bin;;C:\Users\webma\sts\spring-tool-suite-4-4.7.0.RELEASE-e4.16.0-win32.win32.x86_64.self-extracting\contents\sts-4.7.0.RELEASE;
USERNAME=webma
OS=Windows_NT
PROCESSOR_IDENTIFIER=Intel64 Family 6 Model 126 Stepping 5, GenuineIntel



---------------  S Y S T E M  ---------------

OS: Windows 10 , 64 bit Build 19041 (10.0.19041.292)
OS uptime: 3 days 11:44 hours

CPU:total 4 (initial active 4) (2 cores per cpu, 2 threads per core) family 6 model 126 stepping 5, cmov, cx8, fxsr, mmx, sse, sse2, sse3, ssse3, sse4.1, sse4.2, popcnt, avx, avx2, aes, clmul, erms, 3dnowpref, lzcnt, ht, tsc, tscinvbit, bmi1, bmi2, adx, evex, sha, fma

Memory: 4k page, system-wide physical 7992M (2547M free)
TotalPageFile size 13796M (AvailPageFile size 5M)
current process WorkingSet (physical memory assigned to process): 119M, peak: 119M
current process commit charge ("private bytes"): 245M, peak: 246M

vm_info: Java HotSpot(TM) 64-Bit Server VM (14.0.2+12-46) for windows-amd64 JRE (14.0.2+12-46), built on Jul  9 2020 00:35:52 by "mach5one" with MS VC++ 15.9 (VS2017)

END.
