#
# There is insufficient memory for the Java Runtime Environment to continue.
# Native memory allocation (malloc) failed to allocate 280912 bytes for Chunk::new
# Possible reasons:
#   The system is out of physical RAM or swap space
#   The process is running with CompressedOops enabled, and the Java Heap may be blocking the growth of the native heap
# Possible solutions:
#   Reduce memory load on the system
#   Increase physical memory or swap space
#   Check if swap backing store is full
#   Decrease Java heap size (-Xmx/-Xms)
#   Decrease number of Java threads
#   Decrease Java thread stack sizes (-Xss)
#   Set larger code cache with -XX:ReservedCodeCacheSize=
#   JVM is running with Unscaled Compressed Oops mode in which the Java heap is
#     placed in the first 4GB address space. The Java Heap base address is the
#     maximum limit for the native heap growth. Please use -XX:HeapBaseMinAddress
#     to set the Java Heap base and to place the Java Heap above 4GB virtual address.
# This output file may be truncated or incomplete.
#
#  Out of Memory Error (./open/src/hotspot/share/memory/arena.cpp:195), pid=17572, tid=15848
#
# JRE version: Java(TM) SE Runtime Environment (14.0.2+12) (build 14.0.2+12-46)
# Java VM: Java HotSpot(TM) 64-Bit Server VM (14.0.2+12-46, mixed mode, sharing, tiered, compressed oops, g1 gc, windows-amd64)
# No core dump will be written. Minidumps are not enabled by default on client versions of Windows
#

---------------  S U M M A R Y ------------

Command Line: -ea -Dfile.encoding=UTF-8 org.eclipse.jdt.internal.junit.runner.RemoteTestRunner -version 3 -port 61442 -testLoaderClass org.eclipse.jdt.internal.junit5.runner.JUnit5TestLoader -loaderpluginname org.eclipse.jdt.junit5.runtime -classNames com.example.demo.RizaSampleApplicationTests2

Host: Intel(R) Core(TM) i3-1000NG4 CPU @ 1.10GHz, 4 cores, 7G,  Windows 10 , 64 bit Build 19041 (10.0.19041.292)
Time: Wed Aug  5 21:39:24 2020 “Œ‹ž (•W€Žž) elapsed time: 1 seconds (0d 0h 0m 1s)

---------------  T H R E A D  ---------------

Current thread (0x000002b65f965800):  JavaThread "C2 CompilerThread1" daemon [_thread_in_native, id=15848, stack(0x000000faa9f00000,0x000000faaa000000)]


Current CompileTask:
C2:   1252 1581       4       java.util.Properties$LineReader::readLine (584 bytes)

Stack: [0x000000faa9f00000,0x000000faaa000000]
Native frames: (J=compiled Java code, j=interpreted, Vv=VM code, C=native code)
V  [jvm.dll+0x5f8a9a]
V  [jvm.dll+0x74247a]
V  [jvm.dll+0x743c2f]
V  [jvm.dll+0x744273]
V  [jvm.dll+0x20d288]
V  [jvm.dll+0xabb07]
V  [jvm.dll+0xac1fc]
V  [jvm.dll+0x31c495]
V  [jvm.dll+0x2e6b38]
V  [jvm.dll+0x2e5f3a]
V  [jvm.dll+0x1e5e16]
V  [jvm.dll+0x1e50b8]
V  [jvm.dll+0x1779cc]
V  [jvm.dll+0x1f4105]
V  [jvm.dll+0x1f22eb]
V  [jvm.dll+0x7070cd]
V  [jvm.dll+0x6ffeda]
V  [jvm.dll+0x5f78f6]
C  [ucrtbase.dll+0x21542]
C  [KERNEL32.DLL+0x16fd4]
C  [ntdll.dll+0x4cec1]


---------------  P R O C E S S  ---------------

Threads class SMR info:
_java_thread_list=0x000002b65fae3d30, length=13, elements={
0x000002b63ff92800, 0x000002b65e68f800, 0x000002b65e693000, 0x000002b65e6b2000,
0x000002b65e6b3000, 0x000002b65e6b5800, 0x000002b65e6bd000, 0x000002b65e6be800,
0x000002b65eecb000, 0x000002b65f00e800, 0x000002b65f011800, 0x000002b65f320800,
0x000002b65f965800
}

Java Threads: ( => current thread )
  0x000002b63ff92800 JavaThread "main" [_thread_blocked, id=5188, stack(0x000000faa8900000,0x000000faa8a00000)]
  0x000002b65e68f800 JavaThread "Reference Handler" daemon [_thread_blocked, id=1404, stack(0x000000faa9000000,0x000000faa9100000)]
  0x000002b65e693000 JavaThread "Finalizer" daemon [_thread_blocked, id=18036, stack(0x000000faa9100000,0x000000faa9200000)]
  0x000002b65e6b2000 JavaThread "Signal Dispatcher" daemon [_thread_blocked, id=16648, stack(0x000000faa9200000,0x000000faa9300000)]
  0x000002b65e6b3000 JavaThread "Attach Listener" daemon [_thread_blocked, id=18204, stack(0x000000faa9300000,0x000000faa9400000)]
  0x000002b65e6b5800 JavaThread "Service Thread" daemon [_thread_blocked, id=8824, stack(0x000000faa9400000,0x000000faa9500000)]
  0x000002b65e6bd000 JavaThread "C2 CompilerThread0" daemon [_thread_in_native, id=12160, stack(0x000000faa9500000,0x000000faa9600000)]
  0x000002b65e6be800 JavaThread "C1 CompilerThread0" daemon [_thread_blocked, id=10348, stack(0x000000faa9600000,0x000000faa9700000)]
  0x000002b65eecb000 JavaThread "Sweeper thread" daemon [_thread_blocked, id=14756, stack(0x000000faa9700000,0x000000faa9800000)]
  0x000002b65f00e800 JavaThread "Notification Thread" daemon [_thread_blocked, id=2928, stack(0x000000faa9800000,0x000000faa9900000)]
  0x000002b65f011800 JavaThread "Common-Cleaner" daemon [_thread_blocked, id=18168, stack(0x000000faa9a00000,0x000000faa9b00000)]
  0x000002b65f320800 JavaThread "ReaderThread" [_thread_in_native, id=12984, stack(0x000000faa9b00000,0x000000faa9c00000)]
=>0x000002b65f965800 JavaThread "C2 CompilerThread1" daemon [_thread_in_native, id=15848, stack(0x000000faa9f00000,0x000000faaa000000)]

Other Threads:
  0x000002b65e68e000 VMThread "VM Thread" [stack: 0x000000faa8f00000,0x000000faa9000000] [id=18224]
  0x000002b65f011000 WatcherThread [stack: 0x000000faa9900000,0x000000faa9a00000] [id=10468]
  0x000002b63ffd3000 GCTaskThread "GC Thread#0" [stack: 0x000000faa8a00000,0x000000faa8b00000] [id=11712]
  0x000002b65f440000 GCTaskThread "GC Thread#1" [stack: 0x000000faa9c00000,0x000000faa9d00000] [id=6932]
  0x000002b65f440800 GCTaskThread "GC Thread#2" [stack: 0x000000faa9d00000,0x000000faa9e00000] [id=16060]
  0x000002b65f441800 GCTaskThread "GC Thread#3" [stack: 0x000000faa9e00000,0x000000faa9f00000] [id=1076]
  0x000002b640024800 ConcurrentGCThread "G1 Main Marker" [stack: 0x000000faa8b00000,0x000000faa8c00000] [id=13544]
  0x000002b640026800 ConcurrentGCThread "G1 Conc#0" [stack: 0x000000faa8c00000,0x000000faa8d00000] [id=3340]
  0x000002b65e502800 ConcurrentGCThread "G1 Refine#0" [stack: 0x000000faa8d00000,0x000000faa8e00000] [id=7540]
  0x000002b65e503800 ConcurrentGCThread "G1 Young RemSet Sampling" [stack: 0x000000faa8e00000,0x000000faa8f00000] [id=6688]

Threads with active compile tasks:
C2 CompilerThread0     1276 1592       4       java.util.TreeMap::put (247 bytes)
C2 CompilerThread1     1276 1581       4       java.util.Properties$LineReader::readLine (584 bytes)

VM state:at safepoint (normal execution)

VM Mutex/Monitor currently owned by a thread:  ([mutex/lock_event])
[0x000002b63ff8e770] Threads_lock - owner thread: 0x000002b65e68e000
[0x000002b63ff8eb60] Heap_lock - owner thread: 0x000002b63ff92800

Heap address: 0x0000000083000000, size: 2000 MB, Compressed Oops mode: 32-bit
Narrow klass base: 0x0000000800000000, Narrow klass shift: 3
Compressed class space size: 1073741824 Address: 0x0000000800b30000

Heap:
 garbage-first heap   total 129024K, used 7617K [0x0000000083000000, 0x0000000100000000)
  region size 1024K, 4 young (4096K), 4 survivors (4096K)
 Metaspace       used 12242K, capacity 12818K, committed 12928K, reserved 1073152K
  class space    used 1376K, capacity 1600K, committed 1664K, reserved 1048576K
Heap Regions: E=young(eden), S=young(survivor), O=old, HS=humongous(starts), HC=humongous(continues), CS=collection set, F=free, OA=open archive, CA=closed archive, TAMS=top-at-mark-start (previous, next)
|   0|0x0000000083000000, 0x0000000083100000, 0x0000000083100000|100%| O|  |TAMS 0x0000000083000000, 0x0000000083100000| Untracked 
|   1|0x0000000083100000, 0x0000000083200000, 0x0000000083200000|100%| O|  |TAMS 0x0000000083100000, 0x0000000083200000| Untracked 
|   2|0x0000000083200000, 0x0000000083300000, 0x0000000083300000|100%| O|  |TAMS 0x0000000083200000, 0x0000000083300000| Untracked 
|   3|0x0000000083300000, 0x0000000083400000, 0x0000000083400000|100%| O|  |TAMS 0x0000000083300000, 0x0000000083400000| Untracked 
|   4|0x0000000083400000, 0x0000000083440200, 0x0000000083500000| 25%| O|  |TAMS 0x0000000083400000, 0x0000000083440200| Untracked 
|   5|0x0000000083500000, 0x0000000083500000, 0x0000000083600000|  0%| F|  |TAMS 0x0000000083500000, 0x0000000083500000| Untracked 
|   6|0x0000000083600000, 0x0000000083600000, 0x0000000083700000|  0%| F|  |TAMS 0x0000000083600000, 0x0000000083600000| Untracked 
|   7|0x0000000083700000, 0x0000000083700000, 0x0000000083800000|  0%| F|  |TAMS 0x0000000083700000, 0x0000000083700000| Untracked 
|   8|0x0000000083800000, 0x0000000083800000, 0x0000000083900000|  0%| F|  |TAMS 0x0000000083800000, 0x0000000083800000| Untracked 
|   9|0x0000000083900000, 0x0000000083900000, 0x0000000083a00000|  0%| F|  |TAMS 0x0000000083900000, 0x0000000083900000| Untracked 
|  10|0x0000000083a00000, 0x0000000083a00000, 0x0000000083b00000|  0%| F|  |TAMS 0x0000000083a00000, 0x0000000083a00000| Untracked 
|  11|0x0000000083b00000, 0x0000000083b00000, 0x0000000083c00000|  0%| F|  |TAMS 0x0000000083b00000, 0x0000000083b00000| Untracked 
|  12|0x0000000083c00000, 0x0000000083c00000, 0x0000000083d00000|  0%| F|  |TAMS 0x0000000083c00000, 0x0000000083c00000| Untracked 
|  13|0x0000000083d00000, 0x0000000083d00000, 0x0000000083e00000|  0%| F|  |TAMS 0x0000000083d00000, 0x0000000083d00000| Untracked 
|  14|0x0000000083e00000, 0x0000000083e00000, 0x0000000083f00000|  0%| F|  |TAMS 0x0000000083e00000, 0x0000000083e00000| Untracked 
|  15|0x0000000083f00000, 0x0000000083f00000, 0x0000000084000000|  0%| F|  |TAMS 0x0000000083f00000, 0x0000000083f00000| Untracked 
|  16|0x0000000084000000, 0x0000000084000000, 0x0000000084100000|  0%| F|  |TAMS 0x0000000084000000, 0x0000000084000000| Untracked 
|  17|0x0000000084100000, 0x0000000084100000, 0x0000000084200000|  0%| F|  |TAMS 0x0000000084100000, 0x0000000084100000| Untracked 
|  18|0x0000000084200000, 0x0000000084200000, 0x0000000084300000|  0%| F|  |TAMS 0x0000000084200000, 0x0000000084200000| Untracked 
|  19|0x0000000084300000, 0x0000000084300000, 0x0000000084400000|  0%| F|  |TAMS 0x0000000084300000, 0x0000000084300000| Untracked 
|  20|0x0000000084400000, 0x0000000084400000, 0x0000000084500000|  0%| F|  |TAMS 0x0000000084400000, 0x0000000084400000| Untracked 
|  21|0x0000000084500000, 0x0000000084500000, 0x0000000084600000|  0%| F|  |TAMS 0x0000000084500000, 0x0000000084500000| Untracked 
|  22|0x0000000084600000, 0x0000000084600000, 0x0000000084700000|  0%| F|  |TAMS 0x0000000084600000, 0x0000000084600000| Untracked 
|  23|0x0000000084700000, 0x0000000084700000, 0x0000000084800000|  0%| F|  |TAMS 0x0000000084700000, 0x0000000084700000| Untracked 
|  24|0x0000000084800000, 0x0000000084800000, 0x0000000084900000|  0%| F|  |TAMS 0x0000000084800000, 0x0000000084800000| Untracked 
|  25|0x0000000084900000, 0x0000000084900000, 0x0000000084a00000|  0%| F|  |TAMS 0x0000000084900000, 0x0000000084900000| Untracked 
|  26|0x0000000084a00000, 0x0000000084a00000, 0x0000000084b00000|  0%| F|  |TAMS 0x0000000084a00000, 0x0000000084a00000| Untracked 
|  27|0x0000000084b00000, 0x0000000084b00000, 0x0000000084c00000|  0%| F|  |TAMS 0x0000000084b00000, 0x0000000084b00000| Untracked 
|  28|0x0000000084c00000, 0x0000000084c00000, 0x0000000084d00000|  0%| F|  |TAMS 0x0000000084c00000, 0x0000000084c00000| Untracked 
|  29|0x0000000084d00000, 0x0000000084d00000, 0x0000000084e00000|  0%| F|  |TAMS 0x0000000084d00000, 0x0000000084d00000| Untracked 
|  30|0x0000000084e00000, 0x0000000084e00000, 0x0000000084f00000|  0%| F|  |TAMS 0x0000000084e00000, 0x0000000084e00000| Untracked 
|  31|0x0000000084f00000, 0x0000000084f00000, 0x0000000085000000|  0%| F|  |TAMS 0x0000000084f00000, 0x0000000084f00000| Untracked 
|  32|0x0000000085000000, 0x0000000085000000, 0x0000000085100000|  0%| F|  |TAMS 0x0000000085000000, 0x0000000085000000| Untracked 
|  33|0x0000000085100000, 0x0000000085100000, 0x0000000085200000|  0%| F|  |TAMS 0x0000000085100000, 0x0000000085100000| Untracked 
|  34|0x0000000085200000, 0x0000000085200000, 0x0000000085300000|  0%| F|  |TAMS 0x0000000085200000, 0x0000000085200000| Untracked 
|  35|0x0000000085300000, 0x0000000085300000, 0x0000000085400000|  0%| F|  |TAMS 0x0000000085300000, 0x0000000085300000| Untracked 
|  36|0x0000000085400000, 0x0000000085400000, 0x0000000085500000|  0%| F|  |TAMS 0x0000000085400000, 0x0000000085400000| Untracked 
|  37|0x0000000085500000, 0x0000000085500000, 0x0000000085600000|  0%| F|  |TAMS 0x0000000085500000, 0x0000000085500000| Untracked 
|  38|0x0000000085600000, 0x0000000085600000, 0x0000000085700000|  0%| F|  |TAMS 0x0000000085600000, 0x0000000085600000| Untracked 
|  39|0x0000000085700000, 0x0000000085700000, 0x0000000085800000|  0%| F|  |TAMS 0x0000000085700000, 0x0000000085700000| Untracked 
|  40|0x0000000085800000, 0x0000000085800000, 0x0000000085900000|  0%| F|  |TAMS 0x0000000085800000, 0x0000000085800000| Untracked 
|  41|0x0000000085900000, 0x0000000085900000, 0x0000000085a00000|  0%| F|  |TAMS 0x0000000085900000, 0x0000000085900000| Untracked 
|  42|0x0000000085a00000, 0x0000000085a00000, 0x0000000085b00000|  0%| F|  |TAMS 0x0000000085a00000, 0x0000000085a00000| Untracked 
|  43|0x0000000085b00000, 0x0000000085b00000, 0x0000000085c00000|  0%| F|  |TAMS 0x0000000085b00000, 0x0000000085b00000| Untracked 
|  44|0x0000000085c00000, 0x0000000085c00000, 0x0000000085d00000|  0%| F|  |TAMS 0x0000000085c00000, 0x0000000085c00000| Untracked 
|  45|0x0000000085d00000, 0x0000000085d00000, 0x0000000085e00000|  0%| F|  |TAMS 0x0000000085d00000, 0x0000000085d00000| Untracked 
|  46|0x0000000085e00000, 0x0000000085e00000, 0x0000000085f00000|  0%| F|  |TAMS 0x0000000085e00000, 0x0000000085e00000| Untracked 
|  47|0x0000000085f00000, 0x0000000085f00000, 0x0000000086000000|  0%| F|  |TAMS 0x0000000085f00000, 0x0000000085f00000| Untracked 
|  48|0x0000000086000000, 0x0000000086000000, 0x0000000086100000|  0%| F|  |TAMS 0x0000000086000000, 0x0000000086000000| Untracked 
|  49|0x0000000086100000, 0x0000000086100000, 0x0000000086200000|  0%| F|  |TAMS 0x0000000086100000, 0x0000000086100000| Untracked 
|  50|0x0000000086200000, 0x0000000086200000, 0x0000000086300000|  0%| F|  |TAMS 0x0000000086200000, 0x0000000086200000| Untracked 
|  51|0x0000000086300000, 0x0000000086300000, 0x0000000086400000|  0%| F|  |TAMS 0x0000000086300000, 0x0000000086300000| Untracked 
|  52|0x0000000086400000, 0x0000000086400000, 0x0000000086500000|  0%| F|  |TAMS 0x0000000086400000, 0x0000000086400000| Untracked 
|  53|0x0000000086500000, 0x0000000086500000, 0x0000000086600000|  0%| F|  |TAMS 0x0000000086500000, 0x0000000086500000| Untracked 
|  54|0x0000000086600000, 0x0000000086600000, 0x0000000086700000|  0%| F|  |TAMS 0x0000000086600000, 0x0000000086600000| Untracked 
|  55|0x0000000086700000, 0x0000000086700000, 0x0000000086800000|  0%| F|  |TAMS 0x0000000086700000, 0x0000000086700000| Untracked 
|  56|0x0000000086800000, 0x0000000086800000, 0x0000000086900000|  0%| F|  |TAMS 0x0000000086800000, 0x0000000086800000| Untracked 
|  57|0x0000000086900000, 0x0000000086900000, 0x0000000086a00000|  0%| F|  |TAMS 0x0000000086900000, 0x0000000086900000| Untracked 
|  58|0x0000000086a00000, 0x0000000086a00000, 0x0000000086b00000|  0%| F|  |TAMS 0x0000000086a00000, 0x0000000086a00000| Untracked 
|  59|0x0000000086b00000, 0x0000000086b00000, 0x0000000086c00000|  0%| F|  |TAMS 0x0000000086b00000, 0x0000000086b00000| Untracked 
|  60|0x0000000086c00000, 0x0000000086c00000, 0x0000000086d00000|  0%| F|  |TAMS 0x0000000086c00000, 0x0000000086c00000| Untracked 
|  61|0x0000000086d00000, 0x0000000086d00000, 0x0000000086e00000|  0%| F|  |TAMS 0x0000000086d00000, 0x0000000086d00000| Untracked 
|  62|0x0000000086e00000, 0x0000000086e00000, 0x0000000086f00000|  0%| F|  |TAMS 0x0000000086e00000, 0x0000000086e00000| Untracked 
|  63|0x0000000086f00000, 0x0000000086f00000, 0x0000000087000000|  0%| F|  |TAMS 0x0000000086f00000, 0x0000000086f00000| Untracked 
|  64|0x0000000087000000, 0x0000000087000000, 0x0000000087100000|  0%| F|  |TAMS 0x0000000087000000, 0x0000000087000000| Untracked 
|  65|0x0000000087100000, 0x0000000087100000, 0x0000000087200000|  0%| F|  |TAMS 0x0000000087100000, 0x0000000087100000| Untracked 
|  66|0x0000000087200000, 0x0000000087200000, 0x0000000087300000|  0%| F|  |TAMS 0x0000000087200000, 0x0000000087200000| Untracked 
|  67|0x0000000087300000, 0x0000000087300000, 0x0000000087400000|  0%| F|  |TAMS 0x0000000087300000, 0x0000000087300000| Untracked 
|  68|0x0000000087400000, 0x0000000087400000, 0x0000000087500000|  0%| F|  |TAMS 0x0000000087400000, 0x0000000087400000| Untracked 
|  69|0x0000000087500000, 0x0000000087500000, 0x0000000087600000|  0%| F|  |TAMS 0x0000000087500000, 0x0000000087500000| Untracked 
|  70|0x0000000087600000, 0x0000000087600000, 0x0000000087700000|  0%| F|  |TAMS 0x0000000087600000, 0x0000000087600000| Untracked 
|  71|0x0000000087700000, 0x0000000087700000, 0x0000000087800000|  0%| F|  |TAMS 0x0000000087700000, 0x0000000087700000| Untracked 
|  72|0x0000000087800000, 0x0000000087800000, 0x0000000087900000|  0%| F|  |TAMS 0x0000000087800000, 0x0000000087800000| Untracked 
|  73|0x0000000087900000, 0x0000000087900000, 0x0000000087a00000|  0%| F|  |TAMS 0x0000000087900000, 0x0000000087900000| Untracked 
|  74|0x0000000087a00000, 0x0000000087a00000, 0x0000000087b00000|  0%| F|  |TAMS 0x0000000087a00000, 0x0000000087a00000| Untracked 
|  75|0x0000000087b00000, 0x0000000087b00000, 0x0000000087c00000|  0%| F|  |TAMS 0x0000000087b00000, 0x0000000087b00000| Untracked 
|  76|0x0000000087c00000, 0x0000000087c00000, 0x0000000087d00000|  0%| F|  |TAMS 0x0000000087c00000, 0x0000000087c00000| Untracked 
|  77|0x0000000087d00000, 0x0000000087d00000, 0x0000000087e00000|  0%| F|  |TAMS 0x0000000087d00000, 0x0000000087d00000| Untracked 
|  78|0x0000000087e00000, 0x0000000087e00000, 0x0000000087f00000|  0%| F|  |TAMS 0x0000000087e00000, 0x0000000087e00000| Untracked 
|  79|0x0000000087f00000, 0x0000000087f00000, 0x0000000088000000|  0%| F|  |TAMS 0x0000000087f00000, 0x0000000087f00000| Untracked 
|  80|0x0000000088000000, 0x0000000088000000, 0x0000000088100000|  0%| F|  |TAMS 0x0000000088000000, 0x0000000088000000| Untracked 
|  81|0x0000000088100000, 0x0000000088100000, 0x0000000088200000|  0%| F|  |TAMS 0x0000000088100000, 0x0000000088100000| Untracked 
|  82|0x0000000088200000, 0x0000000088200000, 0x0000000088300000|  0%| F|  |TAMS 0x0000000088200000, 0x0000000088200000| Untracked 
|  83|0x0000000088300000, 0x0000000088300000, 0x0000000088400000|  0%| F|  |TAMS 0x0000000088300000, 0x0000000088300000| Untracked 
|  84|0x0000000088400000, 0x0000000088400000, 0x0000000088500000|  0%| F|  |TAMS 0x0000000088400000, 0x0000000088400000| Untracked 
|  85|0x0000000088500000, 0x0000000088500000, 0x0000000088600000|  0%| F|  |TAMS 0x0000000088500000, 0x0000000088500000| Untracked 
|  86|0x0000000088600000, 0x0000000088600000, 0x0000000088700000|  0%| F|  |TAMS 0x0000000088600000, 0x0000000088600000| Untracked 
|  87|0x0000000088700000, 0x0000000088700000, 0x0000000088800000|  0%| F|  |TAMS 0x0000000088700000, 0x0000000088700000| Untracked 
|  88|0x0000000088800000, 0x0000000088800000, 0x0000000088900000|  0%| F|  |TAMS 0x0000000088800000, 0x0000000088800000| Untracked 
|  89|0x0000000088900000, 0x0000000088900000, 0x0000000088a00000|  0%| F|  |TAMS 0x0000000088900000, 0x0000000088900000| Untracked 
|  90|0x0000000088a00000, 0x0000000088a00000, 0x0000000088b00000|  0%| F|  |TAMS 0x0000000088a00000, 0x0000000088a00000| Untracked 
|  91|0x0000000088b00000, 0x0000000088b00000, 0x0000000088c00000|  0%| F|  |TAMS 0x0000000088b00000, 0x0000000088b00000| Untracked 
|  92|0x0000000088c00000, 0x0000000088c00000, 0x0000000088d00000|  0%| F|  |TAMS 0x0000000088c00000, 0x0000000088c00000| Untracked 
|  93|0x0000000088d00000, 0x0000000088d00000, 0x0000000088e00000|  0%| F|  |TAMS 0x0000000088d00000, 0x0000000088d00000| Untracked 
|  94|0x0000000088e00000, 0x0000000088e00000, 0x0000000088f00000|  0%| F|  |TAMS 0x0000000088e00000, 0x0000000088e00000| Untracked 
|  95|0x0000000088f00000, 0x0000000088f00000, 0x0000000089000000|  0%| F|  |TAMS 0x0000000088f00000, 0x0000000088f00000| Untracked 
|  96|0x0000000089000000, 0x0000000089000000, 0x0000000089100000|  0%| F|  |TAMS 0x0000000089000000, 0x0000000089000000| Untracked 
|  97|0x0000000089100000, 0x00000000891304f8, 0x0000000089200000| 18%| S|CS|TAMS 0x0000000089100000, 0x0000000089100000| Complete 
|  98|0x0000000089200000, 0x0000000089300000, 0x0000000089300000|100%| S|CS|TAMS 0x0000000089200000, 0x0000000089200000| Complete 
|  99|0x0000000089300000, 0x0000000089400000, 0x0000000089400000|100%| S|CS|TAMS 0x0000000089300000, 0x0000000089300000| Complete 
| 100|0x0000000089400000, 0x0000000089500000, 0x0000000089500000|100%| S|CS|TAMS 0x0000000089400000, 0x0000000089400000| Complete 
| 101|0x0000000089500000, 0x0000000089500000, 0x0000000089600000|  0%| F|  |TAMS 0x0000000089500000, 0x0000000089500000| Untracked 
| 102|0x0000000089600000, 0x0000000089600000, 0x0000000089700000|  0%| F|  |TAMS 0x0000000089600000, 0x0000000089600000| Untracked 
| 103|0x0000000089700000, 0x0000000089700000, 0x0000000089800000|  0%| F|  |TAMS 0x0000000089700000, 0x0000000089700000| Untracked 
| 104|0x0000000089800000, 0x0000000089800000, 0x0000000089900000|  0%| F|  |TAMS 0x0000000089800000, 0x0000000089800000| Untracked 
| 105|0x0000000089900000, 0x0000000089900000, 0x0000000089a00000|  0%| F|  |TAMS 0x0000000089900000, 0x0000000089900000| Untracked 
| 106|0x0000000089a00000, 0x0000000089a00000, 0x0000000089b00000|  0%| F|  |TAMS 0x0000000089a00000, 0x0000000089a00000| Untracked 
| 107|0x0000000089b00000, 0x0000000089b00000, 0x0000000089c00000|  0%| F|  |TAMS 0x0000000089b00000, 0x0000000089b00000| Untracked 
| 108|0x0000000089c00000, 0x0000000089c00000, 0x0000000089d00000|  0%| F|  |TAMS 0x0000000089c00000, 0x0000000089c00000| Untracked 
| 109|0x0000000089d00000, 0x0000000089d00000, 0x0000000089e00000|  0%| F|  |TAMS 0x0000000089d00000, 0x0000000089d00000| Untracked 
| 110|0x0000000089e00000, 0x0000000089e00000, 0x0000000089f00000|  0%| F|  |TAMS 0x0000000089e00000, 0x0000000089e00000| Untracked 
| 111|0x0000000089f00000, 0x0000000089f00000, 0x000000008a000000|  0%| F|  |TAMS 0x0000000089f00000, 0x0000000089f00000| Untracked 
| 112|0x000000008a000000, 0x000000008a000000, 0x000000008a100000|  0%| F|  |TAMS 0x000000008a000000, 0x000000008a000000| Untracked 
| 113|0x000000008a100000, 0x000000008a100000, 0x000000008a200000|  0%| F|  |TAMS 0x000000008a100000, 0x000000008a100000| Untracked 
| 114|0x000000008a200000, 0x000000008a200000, 0x000000008a300000|  0%| F|  |TAMS 0x000000008a200000, 0x000000008a200000| Untracked 
| 115|0x000000008a300000, 0x000000008a300000, 0x000000008a400000|  0%| F|  |TAMS 0x000000008a300000, 0x000000008a300000| Untracked 
| 116|0x000000008a400000, 0x000000008a400000, 0x000000008a500000|  0%| F|  |TAMS 0x000000008a400000, 0x000000008a400000| Untracked 
| 117|0x000000008a500000, 0x000000008a500000, 0x000000008a600000|  0%| F|  |TAMS 0x000000008a500000, 0x000000008a500000| Untracked 
| 118|0x000000008a600000, 0x000000008a600000, 0x000000008a700000|  0%| F|  |TAMS 0x000000008a600000, 0x000000008a600000| Untracked 
| 119|0x000000008a700000, 0x000000008a700000, 0x000000008a800000|  0%| F|  |TAMS 0x000000008a700000, 0x000000008a700000| Untracked 
| 120|0x000000008a800000, 0x000000008a800000, 0x000000008a900000|  0%| F|  |TAMS 0x000000008a800000, 0x000000008a800000| Untracked 
| 121|0x000000008a900000, 0x000000008a900000, 0x000000008aa00000|  0%| F|  |TAMS 0x000000008a900000, 0x000000008a900000| Untracked 
| 122|0x000000008aa00000, 0x000000008aa00000, 0x000000008ab00000|  0%| F|  |TAMS 0x000000008aa00000, 0x000000008aa00000| Untracked 
| 123|0x000000008ab00000, 0x000000008ab00000, 0x000000008ac00000|  0%| F|  |TAMS 0x000000008ab00000, 0x000000008ab00000| Untracked 
| 124|0x000000008ac00000, 0x000000008ac00000, 0x000000008ad00000|  0%| F|  |TAMS 0x000000008ac00000, 0x000000008ac00000| Untracked 
| 125|0x000000008ad00000, 0x000000008ad00000, 0x000000008ae00000|  0%| F|  |TAMS 0x000000008ad00000, 0x000000008ad00000| Untracked 

Card table byte_map: [0x000002b657b30000,0x000002b657f20000] _byte_map_base: 0x000002b657718000

Marking Bits (Prev, Next): (CMBitMap*) 0x000002b63ffd5ca8, (CMBitMap*) 0x000002b63ffd5ce8
 Prev Bits: [0x000002b658310000, 0x000002b65a250000)
 Next Bits: [0x000002b65a250000, 0x000002b65c190000)

Polling page: 0x000002b63dcd0000

Metaspace:

Usage:
  Non-class:     10.96 MB capacity,    10.61 MB ( 97%) used,   298.98 KB (  3%) free+waste,    53.13 KB ( <1%) overhead. 
      Class:      1.56 MB capacity,     1.34 MB ( 86%) used,   194.75 KB ( 12%) free+waste,    28.81 KB (  2%) overhead. 
       Both:     12.52 MB capacity,    11.96 MB ( 96%) used,   493.73 KB (  4%) free+waste,    81.94 KB ( <1%) overhead. 

Virtual space:
  Non-class space:       24.00 MB reserved,      11.00 MB ( 46%) committed 
      Class space:        1.00 GB reserved,       1.63 MB ( <1%) committed 
             Both:        1.02 GB reserved,      12.63 MB (  1%) committed 

Chunk freelists:
   Non-Class:  46.00 KB
       Class:  0 bytes
        Both:  46.00 KB

MaxMetaspaceSize: 17179869184.00 GB
CompressedClassSpaceSize: 1.00 GB

CodeHeap 'non-profiled nmethods': size=120000Kb used=553Kb max_used=553Kb free=119446Kb
 bounds [0x000002b650210000, 0x000002b650480000, 0x000002b657740000]
CodeHeap 'profiled nmethods': size=120000Kb used=2956Kb max_used=2956Kb free=117043Kb
 bounds [0x000002b648ce0000, 0x000002b648fd0000, 0x000002b650210000]
CodeHeap 'non-nmethods': size=5760Kb used=1257Kb max_used=1277Kb free=4503Kb
 bounds [0x000002b648740000, 0x000002b6489b0000, 0x000002b648ce0000]
 total_blobs=2108 nmethods=1590 adapters=430
 compilation: enabled
              stopped_count=0, restarted_count=0
 full_count=0

Compilation events (20 events):
Event: 1.233 Thread 0x000002b65e6be800 nmethod 1582 0x000002b648fbee10 code [0x000002b648fbf020, 0x000002b648fbf678]
Event: 1.234 Thread 0x000002b65e6be800 1583       3       java.lang.StringLatin1::compareToCI (108 bytes)
Event: 1.234 Thread 0x000002b65e6bd000 1584       4       java.lang.Character::toLowerCase (6 bytes)
Event: 1.235 Thread 0x000002b65e6be800 nmethod 1583 0x000002b648fbf910 code [0x000002b648fbfb60, 0x000002b648fc0418]
Event: 1.235 Thread 0x000002b65e6be800 1588       3       sun.nio.cs.ext.AbstractCharsetProvider::put (20 bytes)
Event: 1.236 Thread 0x000002b65e6be800 nmethod 1588 0x000002b648fc0810 code [0x000002b648fc09c0, 0x000002b648fc0c98]
Event: 1.236 Thread 0x000002b65e6bd000 nmethod 1584 0x000002b650299410 code [0x000002b6502995c0, 0x000002b650299738]
Event: 1.236 Thread 0x000002b65e6bd000 1589       4       java.lang.StringLatin1::compareToCI (108 bytes)
Event: 1.237 Thread 0x000002b65e6be800 1590       3       java.lang.invoke.LambdaFormEditor$Transform::bval (26 bytes)
Event: 1.237 Thread 0x000002b65e6be800 nmethod 1590 0x000002b648fc0d90 code [0x000002b648fc0f20, 0x000002b648fc1018]
Event: 1.237 Thread 0x000002b65e6be800 1591       3       jdk.internal.loader.BuiltinClassLoader::loadClass (22 bytes)
Event: 1.238 Thread 0x000002b65e6be800 nmethod 1591 0x000002b648fc1090 code [0x000002b648fc1240, 0x000002b648fc1518]
Event: 1.240 Thread 0x000002b65e6be800 1593   !   3       sun.nio.cs.ext.AbstractCharsetProvider::charset (75 bytes)
Event: 1.241 Thread 0x000002b65e6be800 nmethod 1593 0x000002b648fc1610 code [0x000002b648fc1840, 0x000002b648fc23e8]
Event: 1.242 Thread 0x000002b65e6be800 1594       3       java.util.TreeMap::clear (21 bytes)
Event: 1.242 Thread 0x000002b65e6be800 nmethod 1594 0x000002b648fc2890 code [0x000002b648fc2a20, 0x000002b648fc2b78]
Event: 1.243 Thread 0x000002b65e6bd000 nmethod 1589 0x000002b650299890 code [0x000002b650299ac0, 0x000002b65029a0d8]
Event: 1.243 Thread 0x000002b65e6bd000 1592       4       java.util.TreeMap::put (247 bytes)
Event: 1.245 Thread 0x000002b65e6be800 1595       3       java.lang.ref.WeakReference::<init> (6 bytes)
Event: 1.246 Thread 0x000002b65e6be800 nmethod 1595 0x000002b648fc2c10 code [0x000002b648fc2dc0, 0x000002b648fc30d8]

GC Heap History (4 events):
Event: 0.301 GC heap before
{Heap before GC invocations=0 (full 0):
 garbage-first heap   total 129024K, used 12288K [0x0000000083000000, 0x0000000100000000)
  region size 1024K, 13 young (13312K), 0 survivors (0K)
 Metaspace       used 1436K, capacity 4766K, committed 4864K, reserved 1056768K
  class space    used 131K, capacity 443K, committed 512K, reserved 1048576K
}
Event: 0.304 GC heap after
{Heap after GC invocations=1 (full 0):
 garbage-first heap   total 129024K, used 4092K [0x0000000083000000, 0x0000000100000000)
  region size 1024K, 2 young (2048K), 2 survivors (2048K)
 Metaspace       used 1436K, capacity 4766K, committed 4864K, reserved 1056768K
  class space    used 131K, capacity 443K, committed 512K, reserved 1048576K
}
Event: 0.600 GC heap before
{Heap before GC invocations=1 (full 0):
 garbage-first heap   total 129024K, used 18428K [0x0000000083000000, 0x0000000100000000)
  region size 1024K, 16 young (16384K), 2 survivors (2048K)
 Metaspace       used 4516K, capacity 6988K, committed 7168K, reserved 1056768K
  class space    used 571K, capacity 900K, committed 1024K, reserved 1048576K
}
Event: 0.603 GC heap after
{Heap after GC invocations=2 (full 0):
 garbage-first heap   total 129024K, used 5303K [0x0000000083000000, 0x0000000100000000)
  region size 1024K, 1 young (1024K), 1 survivors (1024K)
 Metaspace       used 4516K, capacity 6988K, committed 7168K, reserved 1056768K
  class space    used 571K, capacity 900K, committed 1024K, reserved 1048576K
}

Deoptimization events (20 events):
Event: 0.936 Thread 0x000002b63ff92800 DEOPT PACKING pc=0x000002b648f4df70 sp=0x000000faa89fa4f0
Event: 0.936 Thread 0x000002b63ff92800 DEOPT UNPACKING pc=0x000002b6487883de sp=0x000000faa89f9a08 mode 0
Event: 0.969 Thread 0x000002b63ff92800 DEOPT PACKING pc=0x000002b648f4df70 sp=0x000000faa89fabb0
Event: 0.969 Thread 0x000002b63ff92800 DEOPT UNPACKING pc=0x000002b6487883de sp=0x000000faa89fa0c8 mode 0
Event: 0.991 Thread 0x000002b63ff92800 Uncommon trap: trap_request=0xffffff45 fr.pc=0x000002b65025b8d8 relative=0x0000000000000238
Event: 0.991 Thread 0x000002b63ff92800 Uncommon trap: reason=unstable_if action=reinterpret pc=0x000002b65025b8d8 method=java.io.WinNTFileSystem.normalize(Ljava/lang/String;)Ljava/lang/String; @ 128 c2
Event: 0.991 Thread 0x000002b63ff92800 DEOPT PACKING pc=0x000002b65025b8d8 sp=0x000000faa89fa830
Event: 0.991 Thread 0x000002b63ff92800 DEOPT UNPACKING pc=0x000002b64874852f sp=0x000000faa89fa7a8 mode 2
Event: 1.032 Thread 0x000002b63ff92800 DEOPT PACKING pc=0x000002b648f4df70 sp=0x000000faa89fa9f0
Event: 1.032 Thread 0x000002b63ff92800 DEOPT UNPACKING pc=0x000002b6487883de sp=0x000000faa89f9f08 mode 0
Event: 1.210 Thread 0x000002b63ff92800 Uncommon trap: trap_request=0xffffff45 fr.pc=0x000002b650254f6c relative=0x00000000000002ac
Event: 1.210 Thread 0x000002b63ff92800 Uncommon trap: reason=unstable_if action=reinterpret pc=0x000002b650254f6c method=java.lang.StringUTF16.compress([CI[BII)I @ 20 c2
Event: 1.210 Thread 0x000002b63ff92800 DEOPT PACKING pc=0x000002b650254f6c sp=0x000000faa89fc400
Event: 1.210 Thread 0x000002b63ff92800 DEOPT UNPACKING pc=0x000002b64874852f sp=0x000000faa89fc380 mode 2
Event: 1.232 Thread 0x000002b63ff92800 DEOPT PACKING pc=0x000002b648eb4fe1 sp=0x000000faa89fb670
Event: 1.232 Thread 0x000002b63ff92800 DEOPT UNPACKING pc=0x000002b6487883de sp=0x000000faa89fab68 mode 0
Event: 1.234 Thread 0x000002b63ff92800 Uncommon trap: trap_request=0xffffff45 fr.pc=0x000002b650279ad8 relative=0x0000000000000598
Event: 1.234 Thread 0x000002b63ff92800 Uncommon trap: reason=unstable_if action=reinterpret pc=0x000002b650279ad8 method=java.lang.StringLatin1.compareToCI([B[B)I @ 68 c2
Event: 1.234 Thread 0x000002b63ff92800 DEOPT PACKING pc=0x000002b650279ad8 sp=0x000000faa89f9a00
Event: 1.234 Thread 0x000002b63ff92800 DEOPT UNPACKING pc=0x000002b64874852f sp=0x000000faa89f9978 mode 2

Classes unloaded (0 events):
No events

Classes redefined (0 events):
No events

Internal exceptions (20 events):
Event: 0.504 Thread 0x000002b63ff92800 Exception <a 'java/lang/IncompatibleClassChangeError'{0x000000008a43d100}: Found class java.lang.Object, but interface was expected> (0x000000008a43d100) 
thrown [./open/src/hotspot/share/interpreter/linkResolver.cpp, line 832]
Event: 0.506 Thread 0x000002b63ff92800 Exception <a 'java/lang/NoSuchMethodError'{0x000000008a4592b8}: 'void java.lang.invoke.DirectMethodHandle$Holder.invokeStatic(java.lang.Object, java.lang.Object, java.lang.Object, java.lang.Object)'> (0x000000008a4592b8) 
thrown [./open/src/hotspot/share/interpreter/linkResolver.cpp, line 766]
Event: 0.517 Thread 0x000002b63ff92800 Exception <a 'java/lang/NoSuchMethodError'{0x000000008a301778}: 'java.lang.Object java.lang.invoke.Invokers$Holder.invokeExact_MT(java.lang.Object, java.lang.Object, java.lang.Object, java.lang.Object, java.lang.Object, java.lang.Object)'> (0x000000008a301778) 
thrown [./open/src/hotspot/share/interpreter/linkResolver.cpp, line 766]
Event: 0.527 Thread 0x000002b63ff92800 Exception <a 'java/lang/NoSuchMethodError'{0x000000008a3a3128}: 'void java.lang.invoke.DirectMethodHandle$Holder.invokeSpecial(java.lang.Object, java.lang.Object)'> (0x000000008a3a3128) 
thrown [./open/src/hotspot/share/interpreter/linkResolver.cpp, line 766]
Event: 0.544 Thread 0x000002b63ff92800 Exception <a 'java/lang/NoSuchMethodError'{0x000000008a2abd30}: 'int java.lang.invoke.DirectMethodHandle$Holder.invokeStaticInit(java.lang.Object, java.lang.Object, java.lang.Object)'> (0x000000008a2abd30) 
thrown [./open/src/hotspot/share/interpreter/linkResolver.cpp, line 766]
Event: 0.566 Thread 0x000002b63ff92800 Exception <a 'java/lang/NoSuchMethodError'{0x000000008a174c50}: 'int java.lang.invoke.DirectMethodHandle$Holder.invokeStaticInit(java.lang.Object, java.lang.Object)'> (0x000000008a174c50) 
thrown [./open/src/hotspot/share/interpreter/linkResolver.cpp, line 766]
Event: 0.577 Thread 0x000002b63ff92800 Exception <a 'java/lang/NoSuchMethodError'{0x000000008a1d3180}: 'java.lang.Object java.lang.invoke.DirectMethodHandle$Holder.invokeInterface(java.lang.Object, java.lang.Object, java.lang.Object, java.lang.Object, java.lang.Object)'> (0x000000008a1d3180) 
thrown [./open/src/hotspot/share/interpreter/linkResolver.cpp, line 766]
Event: 0.578 Thread 0x000002b63ff92800 Exception <a 'java/lang/IncompatibleClassChangeError'{0x000000008a1d66d0}: Found class java.lang.Object, but interface was expected> (0x000000008a1d66d0) 
thrown [./open/src/hotspot/share/interpreter/linkResolver.cpp, line 832]
Event: 0.586 Thread 0x000002b63ff92800 Exception <a 'java/lang/IncompatibleClassChangeError'{0x0000000089e36b70}: Found class java.lang.Object, but interface was expected> (0x0000000089e36b70) 
thrown [./open/src/hotspot/share/interpreter/linkResolver.cpp, line 832]
Event: 0.675 Thread 0x000002b63ff92800 Exception <a 'java/lang/NoSuchMethodError'{0x000000008aafae58}: 'void java.lang.invoke.DirectMethodHandle$Holder.invokeStatic(java.lang.Object, java.lang.Object, java.lang.Object, java.lang.Object, java.lang.Object, java.lang.Object)'> (0x000000008aafae58) 
thrown [./open/src/hotspot/share/interpreter/linkResolver.cpp, line 766]
Event: 0.676 Thread 0x000002b63ff92800 Exception <a 'java/lang/NoSuchMethodError'{0x000000008a90b960}: 'int java.lang.invoke.DirectMethodHandle$Holder.invokeInterface(java.lang.Object, java.lang.Object)'> (0x000000008a90b960) 
thrown [./open/src/hotspot/share/interpreter/linkResolver.cpp, line 766]
Event: 0.676 Thread 0x000002b63ff92800 Exception <a 'java/lang/IncompatibleClassChangeError'{0x000000008a90e9d8}: Found class java.lang.Object, but interface was expected> (0x000000008a90e9d8) 
thrown [./open/src/hotspot/share/interpreter/linkResolver.cpp, line 832]
Event: 0.750 Thread 0x000002b63ff92800 Exception <a 'java/lang/NoSuchMethodError'{0x000000008a732090}: 'void java.lang.invoke.DelegatingMethodHandle$Holder.delegate(java.lang.Object, java.lang.Object, int, java.lang.Object)'> (0x000000008a732090) 
thrown [./open/src/hotspot/share/interpreter/linkResolver.cpp, line 766]
Event: 0.803 Thread 0x000002b63ff92800 Exception <a 'java/lang/NoSuchMethodError'{0x000000008a480360}: 'void java.lang.invoke.DirectMethodHandle$Holder.invokeStatic(java.lang.Object, long)'> (0x000000008a480360) 
thrown [./open/src/hotspot/share/interpreter/linkResolver.cpp, line 766]
Event: 0.805 Thread 0x000002b63ff92800 Exception <a 'java/lang/NoSuchMethodError'{0x000000008a488350}: 'java.lang.Object java.lang.invoke.DirectMethodHandle$Holder.invokeStatic(java.lang.Object, java.lang.Object, long, java.lang.Object)'> (0x000000008a488350) 
thrown [./open/src/hotspot/share/interpreter/linkResolver.cpp, line 766]
Event: 0.805 Thread 0x000002b63ff92800 Exception <a 'java/lang/NoSuchMethodError'{0x000000008a48b838}: 'java.lang.Object java.lang.invoke.DirectMethodHandle$Holder.invokeStaticInit(java.lang.Object, java.lang.Object, long, java.lang.Object)'> (0x000000008a48b838) 
thrown [./open/src/hotspot/share/interpreter/linkResolver.cpp, line 766]
Event: 0.806 Thread 0x000002b63ff92800 Exception <a 'java/lang/NoSuchMethodError'{0x000000008a4916a8}: 'java.lang.Object java.lang.invoke.Invokers$Holder.linkToTargetMethod(java.lang.Object, long, java.lang.Object)'> (0x000000008a4916a8) 
thrown [./open/src/hotspot/share/interpreter/linkResolver.cpp, line 766]
Event: 0.975 Thread 0x000002b63ff92800 Exception <a 'java/lang/NoSuchMethodError'{0x0000000089b931e8}: 'java.lang.Object java.lang.invoke.DirectMethodHandle$Holder.invokeStaticInit(java.lang.Object, int, int, int, int)'> (0x0000000089b931e8) 
thrown [./open/src/hotspot/share/interpreter/linkResolver.cpp, line 766]
Event: 0.994 Thread 0x000002b63ff92800 Exception <a 'java/lang/NoSuchMethodError'{0x0000000089bacb80}: 'java.lang.Object java.lang.invoke.DirectMethodHandle$Holder.invokeStaticInit(java.lang.Object, java.lang.Object, int, int, int, int)'> (0x0000000089bacb80) 
thrown [./open/src/hotspot/share/interpreter/linkResolver.cpp, line 766]
Event: 1.229 Thread 0x000002b63ff92800 Exception <a 'java/lang/ClassNotFoundException'{0x00000000896b3540}: com/sun/org/apache/xml/internal/serializer/spi/XMLEntitiesProvider> (0x00000000896b3540) 
thrown [./open/src/hotspot/share/classfile/systemDictionary.cpp, line 226]

Events (20 events):
Event: 1.231 loading class com/sun/org/apache/xml/internal/serializer/EncodingInfo
Event: 1.231 loading class com/sun/org/apache/xml/internal/serializer/EncodingInfo done
Event: 1.231 loading class com/sun/org/apache/xml/internal/serializer/ToStream$CharacterBuffer
Event: 1.231 loading class com/sun/org/apache/xml/internal/serializer/ToStream$CharacterBuffer done
Event: 1.231 loading class com/sun/org/apache/xml/internal/serializer/Encodings
Event: 1.231 loading class com/sun/org/apache/xml/internal/serializer/Encodings done
Event: 1.231 loading class com/sun/org/apache/xml/internal/serializer/Encodings$EncodingInfos
Event: 1.231 loading class com/sun/org/apache/xml/internal/serializer/Encodings$EncodingInfos done
Event: 1.232 loading class java/nio/charset/Charset$ExtendedProviderHolder
Event: 1.232 loading class java/nio/charset/Charset$ExtendedProviderHolder done
Event: 1.232 loading class java/nio/charset/Charset$ExtendedProviderHolder$1
Event: 1.232 loading class java/nio/charset/Charset$ExtendedProviderHolder$1 done
Event: 1.238 Executing VM operation: HandshakeAllThreads
Event: 1.238 Executing VM operation: HandshakeAllThreads done
Event: 1.239 loading class java/nio/charset/Charset$2
Event: 1.239 loading class java/nio/charset/Charset$2 done
Event: 1.239 loading class java/nio/charset/Charset$1
Event: 1.239 loading class java/nio/charset/Charset$1 done
Event: 1.249 loading class sun/nio/cs/ISO_8859_13
Event: 1.250 loading class sun/nio/cs/ISO_8859_13 done


Dynamic libraries:
0x00007ff797630000 - 0x00007ff79763f000 	C:\Program Files\Java\jdk-14.0.2\bin\javaw.exe
0x00007ff97e4d0000 - 0x00007ff97e6c4000 	C:\Windows\SYSTEM32\ntdll.dll
0x00007ff97e140000 - 0x00007ff97e1fd000 	C:\Windows\System32\KERNEL32.DLL
0x00007ff97bf60000 - 0x00007ff97c227000 	C:\Windows\System32\KERNELBASE.dll
0x00007ff97bc70000 - 0x00007ff97bd70000 	C:\Windows\System32\ucrtbase.dll
0x00007ff95f370000 - 0x00007ff95f385000 	C:\Program Files\Java\jdk-14.0.2\bin\VCRUNTIME140.dll
0x00007ff95f350000 - 0x00007ff95f368000 	C:\Program Files\Java\jdk-14.0.2\bin\jli.dll
0x00007ff97dde0000 - 0x00007ff97de8a000 	C:\Windows\System32\ADVAPI32.dll
0x00007ff97df70000 - 0x00007ff97e00e000 	C:\Windows\System32\msvcrt.dll
0x00007ff97dc40000 - 0x00007ff97dcdb000 	C:\Windows\System32\sechost.dll
0x00007ff97d9a0000 - 0x00007ff97dac3000 	C:\Windows\System32\RPCRT4.dll
0x00007ff97c790000 - 0x00007ff97c930000 	C:\Windows\System32\USER32.dll
0x00007ff97bd70000 - 0x00007ff97bd92000 	C:\Windows\System32\win32u.dll
0x00007ff967320000 - 0x00007ff9675ba000 	C:\Windows\WinSxS\amd64_microsoft.windows.common-controls_6595b64144ccf1df_6.0.19041.1_none_b555e41d4684ddec\COMCTL32.dll
0x00007ff97ddb0000 - 0x00007ff97ddda000 	C:\Windows\System32\GDI32.dll
0x00007ff97c390000 - 0x00007ff97c49a000 	C:\Windows\System32\gdi32full.dll
0x00007ff97c4a0000 - 0x00007ff97c53d000 	C:\Windows\System32\msvcp_win.dll
0x00007ff976090000 - 0x00007ff97609a000 	C:\Windows\SYSTEM32\VERSION.dll
0x00007ff97e260000 - 0x00007ff97e290000 	C:\Windows\System32\IMM32.DLL
0x00007ff9511e0000 - 0x00007ff95127b000 	C:\Program Files\Java\jdk-14.0.2\bin\msvcp140.dll
0x00007ff939c10000 - 0x00007ff93a72e000 	C:\Program Files\Java\jdk-14.0.2\bin\server\jvm.dll
0x00007ff97c540000 - 0x00007ff97c548000 	C:\Windows\System32\PSAPI.DLL
0x00007ff977950000 - 0x00007ff977959000 	C:\Windows\SYSTEM32\WSOCK32.dll
0x00007ff97dd40000 - 0x00007ff97ddab000 	C:\Windows\System32\WS2_32.dll
0x00007ff965950000 - 0x00007ff965977000 	C:\Windows\SYSTEM32\WINMM.dll
0x00007ff979bb0000 - 0x00007ff979bc3000 	C:\Windows\SYSTEM32\kernel.appcore.dll
0x00007ff9778b0000 - 0x00007ff9778ba000 	C:\Program Files\Java\jdk-14.0.2\bin\jimage.dll
0x00007ff96d3a0000 - 0x00007ff96d584000 	C:\Windows\SYSTEM32\DBGHELP.DLL
0x00007ff96bbd0000 - 0x00007ff96bbfc000 	C:\Windows\SYSTEM32\dbgcore.DLL
0x00007ff97c310000 - 0x00007ff97c38f000 	C:\Windows\System32\bcryptPrimitives.dll
0x00007ff961170000 - 0x00007ff961195000 	C:\Program Files\Java\jdk-14.0.2\bin\java.dll
0x00007ff9611d0000 - 0x00007ff9611e6000 	C:\Program Files\Java\jdk-14.0.2\bin\zip.dll
0x00007ff97d260000 - 0x00007ff97d995000 	C:\Windows\System32\SHELL32.dll
0x00007ff979db0000 - 0x00007ff97a53f000 	C:\Windows\SYSTEM32\windows.storage.dll
0x00007ff97ca00000 - 0x00007ff97cd53000 	C:\Windows\System32\combase.dll
0x00007ff97b6a0000 - 0x00007ff97b6cb000 	C:\Windows\SYSTEM32\Wldp.dll
0x00007ff97dad0000 - 0x00007ff97db7e000 	C:\Windows\System32\SHCORE.dll
0x00007ff97e200000 - 0x00007ff97e255000 	C:\Windows\System32\shlwapi.dll
0x00007ff97bb60000 - 0x00007ff97bb7f000 	C:\Windows\SYSTEM32\profapi.dll
0x00007ff960ed0000 - 0x00007ff960ee9000 	C:\Program Files\Java\jdk-14.0.2\bin\net.dll
0x00007ff96eaa0000 - 0x00007ff96eba0000 	C:\Windows\SYSTEM32\WINHTTP.dll
0x00007ff97b420000 - 0x00007ff97b48a000 	C:\Windows\system32\mswsock.dll
0x00007ff960e70000 - 0x00007ff960e82000 	C:\Program Files\Java\jdk-14.0.2\bin\nio.dll
0x00007ff977850000 - 0x00007ff977860000 	C:\Program Files\Java\jdk-14.0.2\bin\verify.dll
0x00007ff97b0c0000 - 0x00007ff97b0fb000 	C:\Windows\SYSTEM32\IPHLPAPI.DLL
0x00007ff97d1d0000 - 0x00007ff97d1d9000 	C:\Windows\System32\NSI.dll
0x00007ff974530000 - 0x00007ff974547000 	C:\Windows\SYSTEM32\dhcpcsvc6.DLL
0x00007ff974510000 - 0x00007ff97452d000 	C:\Windows\SYSTEM32\dhcpcsvc.DLL
0x00007ff97b110000 - 0x00007ff97b1da000 	C:\Windows\SYSTEM32\DNSAPI.dll
0x00007ff976350000 - 0x00007ff976359000 	C:\Program Files\Java\jdk-14.0.2\bin\management.dll
0x00007ff975990000 - 0x00007ff97599b000 	C:\Program Files\Java\jdk-14.0.2\bin\management_ext.dll
0x00007ff97b5f0000 - 0x00007ff97b608000 	C:\Windows\SYSTEM32\CRYPTSP.dll
0x00007ff97ad40000 - 0x00007ff97ad74000 	C:\Windows\system32\rsaenh.dll
0x00007ff97c2e0000 - 0x00007ff97c307000 	C:\Windows\System32\bcrypt.dll
0x00007ff97bb20000 - 0x00007ff97bb4e000 	C:\Windows\SYSTEM32\USERENV.dll
0x00007ff97b610000 - 0x00007ff97b61c000 	C:\Windows\SYSTEM32\CRYPTBASE.dll
0x00007ff96e290000 - 0x00007ff96e29a000 	C:\Windows\System32\rasadhlp.dll
0x00007ff96ebd0000 - 0x00007ff96ec4f000 	C:\Windows\System32\fwpuclnt.dll

dbghelp: loaded successfully - version: 4.0.5 - missing functions: none
symbol engine: initialized successfully - sym options: 0x614 - pdb path: .;C:\Program Files\Java\jdk-14.0.2\bin;C:\Windows\SYSTEM32;C:\Windows\WinSxS\amd64_microsoft.windows.common-controls_6595b64144ccf1df_6.0.19041.1_none_b555e41d4684ddec;C:\Program Files\Java\jdk-14.0.2\bin\server

VM Arguments:
jvm_args: -ea -Dfile.encoding=UTF-8 
java_command: org.eclipse.jdt.internal.junit.runner.RemoteTestRunner -version 3 -port 61442 -testLoaderClass org.eclipse.jdt.internal.junit5.runner.JUnit5TestLoader -loaderpluginname org.eclipse.jdt.junit5.runtime -classNames com.example.demo.RizaSampleApplicationTests2
java_class_path (initial): C:\Users\webma\Documents\workspace\RizaSample\target\test-classes;C:\Users\webma\Documents\workspace\RizaSample\target\classes;C:\Users\webma\.m2\repository\org\springframework\boot\spring-boot-starter\2.3.1.RELEASE\spring-boot-starter-2.3.1.RELEASE.jar;C:\Users\webma\.m2\repository\org\springframework\boot\spring-boot\2.3.1.RELEASE\spring-boot-2.3.1.RELEASE.jar;C:\Users\webma\.m2\repository\org\springframework\spring-context\5.2.7.RELEASE\spring-context-5.2.7.RELEASE.jar;C:\Users\webma\.m2\repository\org\springframework\spring-aop\5.2.7.RELEASE\spring-aop-5.2.7.RELEASE.jar;C:\Users\webma\.m2\repository\org\springframework\spring-beans\5.2.7.RELEASE\spring-beans-5.2.7.RELEASE.jar;C:\Users\webma\.m2\repository\org\springframework\spring-expression\5.2.7.RELEASE\spring-expression-5.2.7.RELEASE.jar;C:\Users\webma\.m2\repository\org\springframework\boot\spring-boot-autoconfigure\2.3.1.RELEASE\spring-boot-autoconfigure-2.3.1.RELEASE.jar;C:\Users\webma\.m2\repository\org\springframework\boot\spring-boot-starter-logging\2.3.1.RELEASE\spring-boot-starter-logging-2.3.1.RELEASE.jar;C:\Users\webma\.m2\repository\ch\qos\logback\logback-classic\1.2.3\logback-classic-1.2.3.jar;C:\Users\webma\.m2\repository\ch\qos\logback\logback-core\1.2.3\logback-core-1.2.3.jar;C:\Users\webma\.m2\repository\org\apache\logging\log4j\log4j-to-slf4j\2.13.3\log4j-to-slf4j-2.13.3.jar;C:\Users\webma\.m2\repository\org\apache\logging\log4j\log4j-api\2.13.3\log4j-api-2.13.3.jar;C:\Users\webma\.m2\repository\org\slf4j\jul-to-slf4j\1.7.30\jul-to-slf4j-1.7.30.jar;C:\Users\webma\.m2\repository\jakarta\annotation\jakarta.annotation-api\1.3.5\jakarta.annotation-api-1.3.5.jar;C:\Users\webma\.m2\repository\org\springframework\spring-core\5.2.7.RELEASE\spring-core-5.2.7.RELEASE.jar;C:\Users\webma\.m2\repository\org\springframework\spring-jcl\5.2.7.RELEASE\spring-jcl-5.2.7.RELEASE.jar;C:\Users\webma\.m2\repository\org\yaml\snakeyaml\1.26\snakeyaml-1.26.jar;C:\Users\webma\.m2\repositor
Launcher Type: SUN_STANDARD

[Global flags]
     intx CICompilerCount                          = 3                                         {product} {ergonomic}
     uint ConcGCThreads                            = 1                                         {product} {ergonomic}
     uint G1ConcRefinementThreads                  = 4                                         {product} {ergonomic}
   size_t G1HeapRegionSize                         = 1048576                                   {product} {ergonomic}
    uintx GCDrainStackTargetSize                   = 64                                        {product} {ergonomic}
   size_t InitialHeapSize                          = 132120576                                 {product} {ergonomic}
   size_t MarkStackSize                            = 4194304                                   {product} {ergonomic}
   size_t MaxHeapSize                              = 2097152000                                {product} {ergonomic}
   size_t MaxNewSize                               = 1258291200                                {product} {ergonomic}
   size_t MinHeapDeltaBytes                        = 1048576                                   {product} {ergonomic}
   size_t MinHeapSize                              = 8388608                                   {product} {ergonomic}
    uintx NonNMethodCodeHeapSize                   = 5832780                                {pd product} {ergonomic}
    uintx NonProfiledCodeHeapSize                  = 122912730                              {pd product} {ergonomic}
    uintx ProfiledCodeHeapSize                     = 122912730                              {pd product} {ergonomic}
    uintx ReservedCodeCacheSize                    = 251658240                              {pd product} {ergonomic}
     bool SegmentedCodeCache                       = true                                      {product} {ergonomic}
   size_t SoftMaxHeapSize                          = 2097152000                             {manageable} {ergonomic}
     bool UseCompressedClassPointers               = true                                 {lp64_product} {ergonomic}
     bool UseCompressedOops                        = true                                 {lp64_product} {ergonomic}
     bool UseG1GC                                  = true                                      {product} {ergonomic}
     bool UseLargePagesIndividualAllocation        = false                                  {pd product} {ergonomic}

Logging:
Log output configuration:
 #0: stdout all=warning uptime,level,tags
 #1: stderr all=off uptime,level,tags

Environment Variables:
JAVA_HOME=C:\Program Files\Java\jdk-14.0.2
CLASSPATH=C:\Program Files (x86)\IBM\WebSphere MQ\java\lib\com.ibm.mqjms.jar;C:\Program Files (x86)\IBM\WebSphere MQ\java\lib\com.ibm.mq.jar
PATH=C:/Program Files/Java/jdk-14.0.2/bin/server;C:/Program Files/Java/jdk-14.0.2/bin;C:\Program Files (x86)\IBM\WebSphere MQ\java\lib;C:\Program Files (x86)\IBM\WebSphere MQ\java\lib64;C:\Windows\system32;C:\Windows;C:\Windows\System32\Wbem;C:\Windows\System32\WindowsPowerShell\v1.0\;C:\Windows\System32\OpenSSH\;C:\HashiCorp\Vagrant\bin;C:\Program Files (x86)\IBM\WebSphere MQ\bin64;C:\Program Files (x86)\IBM\WebSphere MQ\bin;C:\Program Files (x86)\IBM\WebSphere MQ\tools\c\samples\bin;C:\Program Files\Java\jdk-14.0.2\bin;C:\Users\webma\AppData\Local\Microsoft\WindowsApps;C:\Program Files\Java\jdk-14.0.2\bin;;C:\Users\webma\sts\spring-tool-suite-4-4.7.0.RELEASE-e4.16.0-win32.win32.x86_64.self-extracting\contents\sts-4.7.0.RELEASE;
USERNAME=webma
OS=Windows_NT
PROCESSOR_IDENTIFIER=Intel64 Family 6 Model 126 Stepping 5, GenuineIntel



---------------  S Y S T E M  ---------------

OS: Windows 10 , 64 bit Build 19041 (10.0.19041.292)
OS uptime: 3 days 11:43 hours

CPU:total 4 (initial active 4) (2 cores per cpu, 2 threads per core) family 6 model 126 stepping 5, cmov, cx8, fxsr, mmx, sse, sse2, sse3, ssse3, sse4.1, sse4.2, popcnt, avx, avx2, aes, clmul, erms, 3dnowpref, lzcnt, ht, tsc, tscinvbit, bmi1, bmi2, adx, evex, sha, fma

Memory: 4k page, system-wide physical 7992M (2597M free)
TotalPageFile size 13796M (AvailPageFile size 4M)
current process WorkingSet (physical memory assigned to process): 95M, peak: 95M
current process commit charge ("private bytes"): 225M, peak: 226M

vm_info: Java HotSpot(TM) 64-Bit Server VM (14.0.2+12-46) for windows-amd64 JRE (14.0.2+12-46), built on Jul  9 2020 00:35:52 by "mach5one" with MS VC++ 15.9 (VS2017)

END.
