#
# There is insufficient memory for the Java Runtime Environment to continue.
# Native memory allocation (malloc) failed to allocate 1626816 bytes for Chunk::new
# Possible reasons:
#   The system is out of physical RAM or swap space
#   The process is running with CompressedOops enabled, and the Java Heap may be blocking the growth of the native heap
# Possible solutions:
#   Reduce memory load on the system
#   Increase physical memory or swap space
#   Check if swap backing store is full
#   Decrease Java heap size (-Xmx/-Xms)
#   Decrease number of Java threads
#   Decrease Java thread stack sizes (-Xss)
#   Set larger code cache with -XX:ReservedCodeCacheSize=
#   JVM is running with Unscaled Compressed Oops mode in which the Java heap is
#     placed in the first 4GB address space. The Java Heap base address is the
#     maximum limit for the native heap growth. Please use -XX:HeapBaseMinAddress
#     to set the Java Heap base and to place the Java Heap above 4GB virtual address.
# This output file may be truncated or incomplete.
#
#  Out of Memory Error (./open/src/hotspot/share/memory/arena.cpp:195), pid=14920, tid=14788
#
# JRE version: Java(TM) SE Runtime Environment (14.0.2+12) (build 14.0.2+12-46)
# Java VM: Java HotSpot(TM) 64-Bit Server VM (14.0.2+12-46, mixed mode, sharing, tiered, compressed oops, g1 gc, windows-amd64)
# No core dump will be written. Minidumps are not enabled by default on client versions of Windows
#

---------------  S U M M A R Y ------------

Command Line: -ea -Dfile.encoding=UTF-8 org.eclipse.jdt.internal.junit.runner.RemoteTestRunner -version 3 -port 55941 -testLoaderClass org.eclipse.jdt.internal.junit5.runner.JUnit5TestLoader -loaderpluginname org.eclipse.jdt.junit5.runtime -classNames com.example.demo.RizaSampleApplicationTests2

Host: Intel(R) Core(TM) i3-1000NG4 CPU @ 1.10GHz, 4 cores, 7G,  Windows 10 , 64 bit Build 19041 (10.0.19041.292)
Time: Tue Aug 25 21:17:40 2020 “Œ‹ž (•W€Žž) elapsed time: 1 seconds (0d 0h 0m 1s)

---------------  T H R E A D  ---------------

Current thread (0x0000016eac66c800):  JavaThread "C2 CompilerThread0" daemon [_thread_in_native, id=14788, stack(0x000000094a200000,0x000000094a300000)]


Current CompileTask:
C2:   1554 1734       4       com.sun.org.apache.xml.internal.serializer.EncodingInfo$EncodingImpl::isInEncoding (179 bytes)

Stack: [0x000000094a200000,0x000000094a300000]
Native frames: (J=compiled Java code, j=interpreted, Vv=VM code, C=native code)
V  [jvm.dll+0x5f8a9a]
V  [jvm.dll+0x74247a]
V  [jvm.dll+0x743c2f]
V  [jvm.dll+0x744273]
V  [jvm.dll+0x20d288]
V  [jvm.dll+0xabb07]
V  [jvm.dll+0xac1fc]
V  [jvm.dll+0x276db4]
V  [jvm.dll+0x50cffa]
V  [jvm.dll+0x1ee1da]
V  [jvm.dll+0x1e7cfb]
V  [jvm.dll+0x1e4f98]
V  [jvm.dll+0x1779cc]
V  [jvm.dll+0x1f4105]
V  [jvm.dll+0x1f22eb]
V  [jvm.dll+0x7070cd]
V  [jvm.dll+0x6ffeda]
V  [jvm.dll+0x5f78f6]
C  [ucrtbase.dll+0x21542]
C  [KERNEL32.DLL+0x16fd4]
C  [ntdll.dll+0x4cec1]


---------------  P R O C E S S  ---------------

Threads class SMR info:
_java_thread_list=0x0000016eadc41bb0, length=13, elements={
0x0000016e8df75000, 0x0000016eac638000, 0x0000016eac63b000, 0x0000016eac659000,
0x0000016eac65a000, 0x0000016eac65c000, 0x0000016eac66c800, 0x0000016eac670800,
0x0000016eac679800, 0x0000016ead042000, 0x0000016ead043800, 0x0000016ead3d7000,
0x0000016eadc71800
}

Java Threads: ( => current thread )
  0x0000016e8df75000 JavaThread "main" [_thread_in_vm, id=11624, stack(0x0000000949600000,0x0000000949700000)]
  0x0000016eac638000 JavaThread "Reference Handler" daemon [_thread_blocked, id=3992, stack(0x0000000949d00000,0x0000000949e00000)]
  0x0000016eac63b000 JavaThread "Finalizer" daemon [_thread_blocked, id=18348, stack(0x0000000949e00000,0x0000000949f00000)]
  0x0000016eac659000 JavaThread "Signal Dispatcher" daemon [_thread_blocked, id=5164, stack(0x0000000949f00000,0x000000094a000000)]
  0x0000016eac65a000 JavaThread "Attach Listener" daemon [_thread_blocked, id=13848, stack(0x000000094a000000,0x000000094a100000)]
  0x0000016eac65c000 JavaThread "Service Thread" daemon [_thread_blocked, id=3180, stack(0x000000094a100000,0x000000094a200000)]
=>0x0000016eac66c800 JavaThread "C2 CompilerThread0" daemon [_thread_in_native, id=14788, stack(0x000000094a200000,0x000000094a300000)]
  0x0000016eac670800 JavaThread "C1 CompilerThread0" daemon [_thread_blocked, id=9836, stack(0x000000094a300000,0x000000094a400000)]
  0x0000016eac679800 JavaThread "Sweeper thread" daemon [_thread_blocked, id=11712, stack(0x000000094a400000,0x000000094a500000)]
  0x0000016ead042000 JavaThread "Notification Thread" daemon [_thread_blocked, id=16920, stack(0x000000094a500000,0x000000094a600000)]
  0x0000016ead043800 JavaThread "Common-Cleaner" daemon [_thread_blocked, id=10488, stack(0x000000094a700000,0x000000094a800000)]
  0x0000016ead3d7000 JavaThread "ReaderThread" [_thread_in_native, id=5492, stack(0x000000094a800000,0x000000094a900000)]
  0x0000016eadc71800 JavaThread "C2 CompilerThread1" daemon [_thread_in_native, id=18340, stack(0x000000094ac00000,0x000000094ad00000)]

Other Threads:
  0x0000016eac637000 VMThread "VM Thread" [stack: 0x0000000949c00000,0x0000000949d00000] [id=7660]
  0x0000016ead042800 WatcherThread [stack: 0x000000094a600000,0x000000094a700000] [id=140]
  0x0000016e8dfb8000 GCTaskThread "GC Thread#0" [stack: 0x0000000949700000,0x0000000949800000] [id=2416]
  0x0000016ead3b5800 GCTaskThread "GC Thread#1" [stack: 0x000000094a900000,0x000000094aa00000] [id=15620]
  0x0000016ead3b6800 GCTaskThread "GC Thread#2" [stack: 0x000000094aa00000,0x000000094ab00000] [id=16488]
  0x0000016ead3b7000 GCTaskThread "GC Thread#3" [stack: 0x000000094ab00000,0x000000094ac00000] [id=10676]
  0x0000016e8dfc9800 ConcurrentGCThread "G1 Main Marker" [stack: 0x0000000949800000,0x0000000949900000] [id=11044]
  0x0000016e8dfcb000 ConcurrentGCThread "G1 Conc#0" [stack: 0x0000000949900000,0x0000000949a00000] [id=10456]
  0x0000016eac4b0800 ConcurrentGCThread "G1 Refine#0" [stack: 0x0000000949a00000,0x0000000949b00000] [id=5188]
  0x0000016eac4b1800 ConcurrentGCThread "G1 Young RemSet Sampling" [stack: 0x0000000949b00000,0x0000000949c00000] [id=14460]

Threads with active compile tasks:
C2 CompilerThread0     1578 1734       4       com.sun.org.apache.xml.internal.serializer.EncodingInfo$EncodingImpl::isInEncoding (179 bytes)
C2 CompilerThread1     1578 1743       4       com.sun.org.apache.xml.internal.serializer.ToStream::escapingNotNeeded (51 bytes)

VM state:not at safepoint (normal execution)

VM Mutex/Monitor currently owned by a thread: None

Heap address: 0x0000000083000000, size: 2000 MB, Compressed Oops mode: 32-bit
Narrow klass base: 0x0000000800000000, Narrow klass shift: 3
Compressed class space size: 1073741824 Address: 0x0000000800b30000

Heap:
 garbage-first heap   total 129024K, used 11421K [0x0000000083000000, 0x0000000100000000)
  region size 1024K, 8 young (8192K), 4 survivors (4096K)
 Metaspace       used 13124K, capacity 13665K, committed 13824K, reserved 1060864K
  class space    used 1450K, capacity 1667K, committed 1792K, reserved 1048576K
Heap Regions: E=young(eden), S=young(survivor), O=old, HS=humongous(starts), HC=humongous(continues), CS=collection set, F=free, OA=open archive, CA=closed archive, TAMS=top-at-mark-start (previous, next)
|   0|0x0000000083000000, 0x0000000083100000, 0x0000000083100000|100%| O|  |TAMS 0x0000000083000000, 0x0000000083000000| Untracked 
|   1|0x0000000083100000, 0x0000000083200000, 0x0000000083200000|100%| O|  |TAMS 0x0000000083100000, 0x0000000083100000| Untracked 
|   2|0x0000000083200000, 0x0000000083300000, 0x0000000083300000|100%| O|  |TAMS 0x0000000083200000, 0x0000000083200000| Untracked 
|   3|0x0000000083300000, 0x0000000083400000, 0x0000000083400000|100%| O|  |TAMS 0x0000000083300000, 0x0000000083300000| Untracked 
|   4|0x0000000083400000, 0x0000000083444800, 0x0000000083500000| 26%| O|  |TAMS 0x0000000083400000, 0x0000000083400000| Untracked 
|   5|0x0000000083500000, 0x0000000083500000, 0x0000000083600000|  0%| F|  |TAMS 0x0000000083500000, 0x0000000083500000| Untracked 
|   6|0x0000000083600000, 0x0000000083600000, 0x0000000083700000|  0%| F|  |TAMS 0x0000000083600000, 0x0000000083600000| Untracked 
|   7|0x0000000083700000, 0x0000000083700000, 0x0000000083800000|  0%| F|  |TAMS 0x0000000083700000, 0x0000000083700000| Untracked 
|   8|0x0000000083800000, 0x0000000083800000, 0x0000000083900000|  0%| F|  |TAMS 0x0000000083800000, 0x0000000083800000| Untracked 
|   9|0x0000000083900000, 0x0000000083900000, 0x0000000083a00000|  0%| F|  |TAMS 0x0000000083900000, 0x0000000083900000| Untracked 
|  10|0x0000000083a00000, 0x0000000083a00000, 0x0000000083b00000|  0%| F|  |TAMS 0x0000000083a00000, 0x0000000083a00000| Untracked 
|  11|0x0000000083b00000, 0x0000000083b00000, 0x0000000083c00000|  0%| F|  |TAMS 0x0000000083b00000, 0x0000000083b00000| Untracked 
|  12|0x0000000083c00000, 0x0000000083c00000, 0x0000000083d00000|  0%| F|  |TAMS 0x0000000083c00000, 0x0000000083c00000| Untracked 
|  13|0x0000000083d00000, 0x0000000083d00000, 0x0000000083e00000|  0%| F|  |TAMS 0x0000000083d00000, 0x0000000083d00000| Untracked 
|  14|0x0000000083e00000, 0x0000000083e00000, 0x0000000083f00000|  0%| F|  |TAMS 0x0000000083e00000, 0x0000000083e00000| Untracked 
|  15|0x0000000083f00000, 0x0000000083f00000, 0x0000000084000000|  0%| F|  |TAMS 0x0000000083f00000, 0x0000000083f00000| Untracked 
|  16|0x0000000084000000, 0x0000000084000000, 0x0000000084100000|  0%| F|  |TAMS 0x0000000084000000, 0x0000000084000000| Untracked 
|  17|0x0000000084100000, 0x0000000084100000, 0x0000000084200000|  0%| F|  |TAMS 0x0000000084100000, 0x0000000084100000| Untracked 
|  18|0x0000000084200000, 0x0000000084200000, 0x0000000084300000|  0%| F|  |TAMS 0x0000000084200000, 0x0000000084200000| Untracked 
|  19|0x0000000084300000, 0x0000000084300000, 0x0000000084400000|  0%| F|  |TAMS 0x0000000084300000, 0x0000000084300000| Untracked 
|  20|0x0000000084400000, 0x0000000084400000, 0x0000000084500000|  0%| F|  |TAMS 0x0000000084400000, 0x0000000084400000| Untracked 
|  21|0x0000000084500000, 0x0000000084500000, 0x0000000084600000|  0%| F|  |TAMS 0x0000000084500000, 0x0000000084500000| Untracked 
|  22|0x0000000084600000, 0x0000000084600000, 0x0000000084700000|  0%| F|  |TAMS 0x0000000084600000, 0x0000000084600000| Untracked 
|  23|0x0000000084700000, 0x0000000084700000, 0x0000000084800000|  0%| F|  |TAMS 0x0000000084700000, 0x0000000084700000| Untracked 
|  24|0x0000000084800000, 0x0000000084800000, 0x0000000084900000|  0%| F|  |TAMS 0x0000000084800000, 0x0000000084800000| Untracked 
|  25|0x0000000084900000, 0x0000000084900000, 0x0000000084a00000|  0%| F|  |TAMS 0x0000000084900000, 0x0000000084900000| Untracked 
|  26|0x0000000084a00000, 0x0000000084a00000, 0x0000000084b00000|  0%| F|  |TAMS 0x0000000084a00000, 0x0000000084a00000| Untracked 
|  27|0x0000000084b00000, 0x0000000084b00000, 0x0000000084c00000|  0%| F|  |TAMS 0x0000000084b00000, 0x0000000084b00000| Untracked 
|  28|0x0000000084c00000, 0x0000000084c00000, 0x0000000084d00000|  0%| F|  |TAMS 0x0000000084c00000, 0x0000000084c00000| Untracked 
|  29|0x0000000084d00000, 0x0000000084d00000, 0x0000000084e00000|  0%| F|  |TAMS 0x0000000084d00000, 0x0000000084d00000| Untracked 
|  30|0x0000000084e00000, 0x0000000084e00000, 0x0000000084f00000|  0%| F|  |TAMS 0x0000000084e00000, 0x0000000084e00000| Untracked 
|  31|0x0000000084f00000, 0x0000000084f00000, 0x0000000085000000|  0%| F|  |TAMS 0x0000000084f00000, 0x0000000084f00000| Untracked 
|  32|0x0000000085000000, 0x0000000085000000, 0x0000000085100000|  0%| F|  |TAMS 0x0000000085000000, 0x0000000085000000| Untracked 
|  33|0x0000000085100000, 0x0000000085100000, 0x0000000085200000|  0%| F|  |TAMS 0x0000000085100000, 0x0000000085100000| Untracked 
|  34|0x0000000085200000, 0x0000000085200000, 0x0000000085300000|  0%| F|  |TAMS 0x0000000085200000, 0x0000000085200000| Untracked 
|  35|0x0000000085300000, 0x0000000085300000, 0x0000000085400000|  0%| F|  |TAMS 0x0000000085300000, 0x0000000085300000| Untracked 
|  36|0x0000000085400000, 0x0000000085400000, 0x0000000085500000|  0%| F|  |TAMS 0x0000000085400000, 0x0000000085400000| Untracked 
|  37|0x0000000085500000, 0x0000000085500000, 0x0000000085600000|  0%| F|  |TAMS 0x0000000085500000, 0x0000000085500000| Untracked 
|  38|0x0000000085600000, 0x0000000085600000, 0x0000000085700000|  0%| F|  |TAMS 0x0000000085600000, 0x0000000085600000| Untracked 
|  39|0x0000000085700000, 0x0000000085700000, 0x0000000085800000|  0%| F|  |TAMS 0x0000000085700000, 0x0000000085700000| Untracked 
|  40|0x0000000085800000, 0x0000000085800000, 0x0000000085900000|  0%| F|  |TAMS 0x0000000085800000, 0x0000000085800000| Untracked 
|  41|0x0000000085900000, 0x0000000085900000, 0x0000000085a00000|  0%| F|  |TAMS 0x0000000085900000, 0x0000000085900000| Untracked 
|  42|0x0000000085a00000, 0x0000000085a00000, 0x0000000085b00000|  0%| F|  |TAMS 0x0000000085a00000, 0x0000000085a00000| Untracked 
|  43|0x0000000085b00000, 0x0000000085b00000, 0x0000000085c00000|  0%| F|  |TAMS 0x0000000085b00000, 0x0000000085b00000| Untracked 
|  44|0x0000000085c00000, 0x0000000085c00000, 0x0000000085d00000|  0%| F|  |TAMS 0x0000000085c00000, 0x0000000085c00000| Untracked 
|  45|0x0000000085d00000, 0x0000000085d00000, 0x0000000085e00000|  0%| F|  |TAMS 0x0000000085d00000, 0x0000000085d00000| Untracked 
|  46|0x0000000085e00000, 0x0000000085e00000, 0x0000000085f00000|  0%| F|  |TAMS 0x0000000085e00000, 0x0000000085e00000| Untracked 
|  47|0x0000000085f00000, 0x0000000085fe2e10, 0x0000000086000000| 88%| S|CS|TAMS 0x0000000085f00000, 0x0000000085f00000| Complete 
|  48|0x0000000086000000, 0x0000000086100000, 0x0000000086100000|100%| S|CS|TAMS 0x0000000086000000, 0x0000000086000000| Complete 
|  49|0x0000000086100000, 0x0000000086200000, 0x0000000086200000|100%| S|CS|TAMS 0x0000000086100000, 0x0000000086100000| Complete 
|  50|0x0000000086200000, 0x0000000086300000, 0x0000000086300000|100%| S|CS|TAMS 0x0000000086200000, 0x0000000086200000| Complete 
|  51|0x0000000086300000, 0x0000000086300000, 0x0000000086400000|  0%| F|  |TAMS 0x0000000086300000, 0x0000000086300000| Untracked 
|  52|0x0000000086400000, 0x0000000086400000, 0x0000000086500000|  0%| F|  |TAMS 0x0000000086400000, 0x0000000086400000| Untracked 
|  53|0x0000000086500000, 0x0000000086500000, 0x0000000086600000|  0%| F|  |TAMS 0x0000000086500000, 0x0000000086500000| Untracked 
|  54|0x0000000086600000, 0x0000000086600000, 0x0000000086700000|  0%| F|  |TAMS 0x0000000086600000, 0x0000000086600000| Untracked 
|  55|0x0000000086700000, 0x0000000086700000, 0x0000000086800000|  0%| F|  |TAMS 0x0000000086700000, 0x0000000086700000| Untracked 
|  56|0x0000000086800000, 0x0000000086800000, 0x0000000086900000|  0%| F|  |TAMS 0x0000000086800000, 0x0000000086800000| Untracked 
|  57|0x0000000086900000, 0x0000000086900000, 0x0000000086a00000|  0%| F|  |TAMS 0x0000000086900000, 0x0000000086900000| Untracked 
|  58|0x0000000086a00000, 0x0000000086a00000, 0x0000000086b00000|  0%| F|  |TAMS 0x0000000086a00000, 0x0000000086a00000| Untracked 
|  59|0x0000000086b00000, 0x0000000086b00000, 0x0000000086c00000|  0%| F|  |TAMS 0x0000000086b00000, 0x0000000086b00000| Untracked 
|  60|0x0000000086c00000, 0x0000000086c00000, 0x0000000086d00000|  0%| F|  |TAMS 0x0000000086c00000, 0x0000000086c00000| Untracked 
|  61|0x0000000086d00000, 0x0000000086d00000, 0x0000000086e00000|  0%| F|  |TAMS 0x0000000086d00000, 0x0000000086d00000| Untracked 
|  62|0x0000000086e00000, 0x0000000086e00000, 0x0000000086f00000|  0%| F|  |TAMS 0x0000000086e00000, 0x0000000086e00000| Untracked 
|  63|0x0000000086f00000, 0x0000000086f00000, 0x0000000087000000|  0%| F|  |TAMS 0x0000000086f00000, 0x0000000086f00000| Untracked 
|  64|0x0000000087000000, 0x0000000087000000, 0x0000000087100000|  0%| F|  |TAMS 0x0000000087000000, 0x0000000087000000| Untracked 
|  65|0x0000000087100000, 0x0000000087100000, 0x0000000087200000|  0%| F|  |TAMS 0x0000000087100000, 0x0000000087100000| Untracked 
|  66|0x0000000087200000, 0x0000000087200000, 0x0000000087300000|  0%| F|  |TAMS 0x0000000087200000, 0x0000000087200000| Untracked 
|  67|0x0000000087300000, 0x0000000087300000, 0x0000000087400000|  0%| F|  |TAMS 0x0000000087300000, 0x0000000087300000| Untracked 
|  68|0x0000000087400000, 0x0000000087400000, 0x0000000087500000|  0%| F|  |TAMS 0x0000000087400000, 0x0000000087400000| Untracked 
|  69|0x0000000087500000, 0x0000000087500000, 0x0000000087600000|  0%| F|  |TAMS 0x0000000087500000, 0x0000000087500000| Untracked 
|  70|0x0000000087600000, 0x0000000087600000, 0x0000000087700000|  0%| F|  |TAMS 0x0000000087600000, 0x0000000087600000| Untracked 
|  71|0x0000000087700000, 0x0000000087700000, 0x0000000087800000|  0%| F|  |TAMS 0x0000000087700000, 0x0000000087700000| Untracked 
|  72|0x0000000087800000, 0x0000000087800000, 0x0000000087900000|  0%| F|  |TAMS 0x0000000087800000, 0x0000000087800000| Untracked 
|  73|0x0000000087900000, 0x0000000087900000, 0x0000000087a00000|  0%| F|  |TAMS 0x0000000087900000, 0x0000000087900000| Untracked 
|  74|0x0000000087a00000, 0x0000000087a00000, 0x0000000087b00000|  0%| F|  |TAMS 0x0000000087a00000, 0x0000000087a00000| Untracked 
|  75|0x0000000087b00000, 0x0000000087b00000, 0x0000000087c00000|  0%| F|  |TAMS 0x0000000087b00000, 0x0000000087b00000| Untracked 
|  76|0x0000000087c00000, 0x0000000087c00000, 0x0000000087d00000|  0%| F|  |TAMS 0x0000000087c00000, 0x0000000087c00000| Untracked 
|  77|0x0000000087d00000, 0x0000000087d00000, 0x0000000087e00000|  0%| F|  |TAMS 0x0000000087d00000, 0x0000000087d00000| Untracked 
|  78|0x0000000087e00000, 0x0000000087e00000, 0x0000000087f00000|  0%| F|  |TAMS 0x0000000087e00000, 0x0000000087e00000| Untracked 
|  79|0x0000000087f00000, 0x0000000087f00000, 0x0000000088000000|  0%| F|  |TAMS 0x0000000087f00000, 0x0000000087f00000| Untracked 
|  80|0x0000000088000000, 0x0000000088000000, 0x0000000088100000|  0%| F|  |TAMS 0x0000000088000000, 0x0000000088000000| Untracked 
|  81|0x0000000088100000, 0x0000000088100000, 0x0000000088200000|  0%| F|  |TAMS 0x0000000088100000, 0x0000000088100000| Untracked 
|  82|0x0000000088200000, 0x0000000088200000, 0x0000000088300000|  0%| F|  |TAMS 0x0000000088200000, 0x0000000088200000| Untracked 
|  83|0x0000000088300000, 0x0000000088300000, 0x0000000088400000|  0%| F|  |TAMS 0x0000000088300000, 0x0000000088300000| Untracked 
|  84|0x0000000088400000, 0x0000000088400000, 0x0000000088500000|  0%| F|  |TAMS 0x0000000088400000, 0x0000000088400000| Untracked 
|  85|0x0000000088500000, 0x0000000088500000, 0x0000000088600000|  0%| F|  |TAMS 0x0000000088500000, 0x0000000088500000| Untracked 
|  86|0x0000000088600000, 0x0000000088600000, 0x0000000088700000|  0%| F|  |TAMS 0x0000000088600000, 0x0000000088600000| Untracked 
|  87|0x0000000088700000, 0x0000000088700000, 0x0000000088800000|  0%| F|  |TAMS 0x0000000088700000, 0x0000000088700000| Untracked 
|  88|0x0000000088800000, 0x0000000088800000, 0x0000000088900000|  0%| F|  |TAMS 0x0000000088800000, 0x0000000088800000| Untracked 
|  89|0x0000000088900000, 0x0000000088900000, 0x0000000088a00000|  0%| F|  |TAMS 0x0000000088900000, 0x0000000088900000| Untracked 
|  90|0x0000000088a00000, 0x0000000088a00000, 0x0000000088b00000|  0%| F|  |TAMS 0x0000000088a00000, 0x0000000088a00000| Untracked 
|  91|0x0000000088b00000, 0x0000000088b00000, 0x0000000088c00000|  0%| F|  |TAMS 0x0000000088b00000, 0x0000000088b00000| Untracked 
|  92|0x0000000088c00000, 0x0000000088c00000, 0x0000000088d00000|  0%| F|  |TAMS 0x0000000088c00000, 0x0000000088c00000| Untracked 
|  93|0x0000000088d00000, 0x0000000088d00000, 0x0000000088e00000|  0%| F|  |TAMS 0x0000000088d00000, 0x0000000088d00000| Untracked 
|  94|0x0000000088e00000, 0x0000000088e00000, 0x0000000088f00000|  0%| F|  |TAMS 0x0000000088e00000, 0x0000000088e00000| Untracked 
|  95|0x0000000088f00000, 0x0000000088f00000, 0x0000000089000000|  0%| F|  |TAMS 0x0000000088f00000, 0x0000000088f00000| Untracked 
|  96|0x0000000089000000, 0x0000000089000000, 0x0000000089100000|  0%| F|  |TAMS 0x0000000089000000, 0x0000000089000000| Untracked 
|  97|0x0000000089100000, 0x0000000089100000, 0x0000000089200000|  0%| F|  |TAMS 0x0000000089100000, 0x0000000089100000| Untracked 
|  98|0x0000000089200000, 0x0000000089200000, 0x0000000089300000|  0%| F|  |TAMS 0x0000000089200000, 0x0000000089200000| Untracked 
|  99|0x0000000089300000, 0x0000000089300000, 0x0000000089400000|  0%| F|  |TAMS 0x0000000089300000, 0x0000000089300000| Untracked 
| 100|0x0000000089400000, 0x0000000089400000, 0x0000000089500000|  0%| F|  |TAMS 0x0000000089400000, 0x0000000089400000| Untracked 
| 101|0x0000000089500000, 0x0000000089500000, 0x0000000089600000|  0%| F|  |TAMS 0x0000000089500000, 0x0000000089500000| Untracked 
| 102|0x0000000089600000, 0x0000000089600000, 0x0000000089700000|  0%| F|  |TAMS 0x0000000089600000, 0x0000000089600000| Untracked 
| 103|0x0000000089700000, 0x0000000089700000, 0x0000000089800000|  0%| F|  |TAMS 0x0000000089700000, 0x0000000089700000| Untracked 
| 104|0x0000000089800000, 0x0000000089800000, 0x0000000089900000|  0%| F|  |TAMS 0x0000000089800000, 0x0000000089800000| Untracked 
| 105|0x0000000089900000, 0x0000000089900000, 0x0000000089a00000|  0%| F|  |TAMS 0x0000000089900000, 0x0000000089900000| Untracked 
| 106|0x0000000089a00000, 0x0000000089a00000, 0x0000000089b00000|  0%| F|  |TAMS 0x0000000089a00000, 0x0000000089a00000| Untracked 
| 107|0x0000000089b00000, 0x0000000089b00000, 0x0000000089c00000|  0%| F|  |TAMS 0x0000000089b00000, 0x0000000089b00000| Untracked 
| 108|0x0000000089c00000, 0x0000000089c00000, 0x0000000089d00000|  0%| F|  |TAMS 0x0000000089c00000, 0x0000000089c00000| Untracked 
| 109|0x0000000089d00000, 0x0000000089d00000, 0x0000000089e00000|  0%| F|  |TAMS 0x0000000089d00000, 0x0000000089d00000| Untracked 
| 110|0x0000000089e00000, 0x0000000089e00000, 0x0000000089f00000|  0%| F|  |TAMS 0x0000000089e00000, 0x0000000089e00000| Untracked 
| 111|0x0000000089f00000, 0x0000000089f00000, 0x000000008a000000|  0%| F|  |TAMS 0x0000000089f00000, 0x0000000089f00000| Untracked 
| 112|0x000000008a000000, 0x000000008a000000, 0x000000008a100000|  0%| F|  |TAMS 0x000000008a000000, 0x000000008a000000| Untracked 
| 113|0x000000008a100000, 0x000000008a100000, 0x000000008a200000|  0%| F|  |TAMS 0x000000008a100000, 0x000000008a100000| Untracked 
| 114|0x000000008a200000, 0x000000008a200000, 0x000000008a300000|  0%| F|  |TAMS 0x000000008a200000, 0x000000008a200000| Untracked 
| 115|0x000000008a300000, 0x000000008a300000, 0x000000008a400000|  0%| F|  |TAMS 0x000000008a300000, 0x000000008a300000| Untracked 
| 116|0x000000008a400000, 0x000000008a400000, 0x000000008a500000|  0%| F|  |TAMS 0x000000008a400000, 0x000000008a400000| Untracked 
| 117|0x000000008a500000, 0x000000008a500000, 0x000000008a600000|  0%| F|  |TAMS 0x000000008a500000, 0x000000008a500000| Untracked 
| 118|0x000000008a600000, 0x000000008a600000, 0x000000008a700000|  0%| F|  |TAMS 0x000000008a600000, 0x000000008a600000| Untracked 
| 119|0x000000008a700000, 0x000000008a700000, 0x000000008a800000|  0%| F|  |TAMS 0x000000008a700000, 0x000000008a700000| Untracked 
| 120|0x000000008a800000, 0x000000008a800000, 0x000000008a900000|  0%| F|  |TAMS 0x000000008a800000, 0x000000008a800000| Untracked 
| 121|0x000000008a900000, 0x000000008a900000, 0x000000008aa00000|  0%| F|  |TAMS 0x000000008a900000, 0x000000008a900000| Untracked 
| 122|0x000000008aa00000, 0x000000008ab00000, 0x000000008ab00000|100%| E|  |TAMS 0x000000008aa00000, 0x000000008aa00000| Complete 
| 123|0x000000008ab00000, 0x000000008ac00000, 0x000000008ac00000|100%| E|CS|TAMS 0x000000008ab00000, 0x000000008ab00000| Complete 
| 124|0x000000008ac00000, 0x000000008ad00000, 0x000000008ad00000|100%| E|CS|TAMS 0x000000008ac00000, 0x000000008ac00000| Complete 
| 125|0x000000008ad00000, 0x000000008ae00000, 0x000000008ae00000|100%| E|CS|TAMS 0x000000008ad00000, 0x000000008ad00000| Complete 

Card table byte_map: [0x0000016ea5b10000,0x0000016ea5f00000] _byte_map_base: 0x0000016ea56f8000

Marking Bits (Prev, Next): (CMBitMap*) 0x0000016e8dfb8cf8, (CMBitMap*) 0x0000016e8dfb8d38
 Prev Bits: [0x0000016ea62f0000, 0x0000016ea8230000)
 Next Bits: [0x0000016ea8230000, 0x0000016eaa170000)

Polling page: 0x0000016e8bf50000

Metaspace:

Usage:
  Non-class:     11.78 MB capacity,    11.47 MB ( 97%) used,   264.24 KB (  2%) free+waste,    54.50 KB ( <1%) overhead. 
      Class:      1.63 MB capacity,     1.43 MB ( 88%) used,   175.95 KB ( 11%) free+waste,    29.13 KB (  2%) overhead. 
       Both:     13.41 MB capacity,    12.90 MB ( 96%) used,   440.20 KB (  3%) free+waste,    83.63 KB ( <1%) overhead. 

Virtual space:
  Non-class space:       12.00 MB reserved,      12.00 MB (100%) committed 
      Class space:        1.00 GB reserved,       1.75 MB ( <1%) committed 
             Both:        1.01 GB reserved,      13.75 MB (  1%) committed 

Chunk freelists:
   Non-Class:  34.00 KB
       Class:  29.00 KB
        Both:  63.00 KB

MaxMetaspaceSize: 17179869184.00 GB
CompressedClassSpaceSize: 1.00 GB

CodeHeap 'non-profiled nmethods': size=120000Kb used=618Kb max_used=618Kb free=119381Kb
 bounds [0x0000016e9e1f0000, 0x0000016e9e460000, 0x0000016ea5720000]
CodeHeap 'profiled nmethods': size=120000Kb used=3750Kb max_used=3750Kb free=116249Kb
 bounds [0x0000016e96cc0000, 0x0000016e97070000, 0x0000016e9e1f0000]
CodeHeap 'non-nmethods': size=5760Kb used=1257Kb max_used=1285Kb free=4503Kb
 bounds [0x0000016e96720000, 0x0000016e96990000, 0x0000016e96cc0000]
 total_blobs=2395 nmethods=1876 adapters=431
 compilation: enabled
              stopped_count=0, restarted_count=0
 full_count=0

Compilation events (20 events):
Event: 1.538 Thread 0x0000016eac670800 1862       2       sun.nio.cs.StreamDecoder::implReady (23 bytes)
Event: 1.538 Thread 0x0000016eac670800 nmethod 1862 0x0000016e9705c090 code [0x0000016e9705c220, 0x0000016e9705c3a8]
Event: 1.538 Thread 0x0000016eac670800 1863       2       sun.nio.cs.StreamDecoder::implRead (243 bytes)
Event: 1.539 Thread 0x0000016eac670800 nmethod 1863 0x0000016e9705c490 code [0x0000016e9705c6c0, 0x0000016e9705ce68]
Event: 1.541 Thread 0x0000016eac670800 1866       2       java.io.BufferedReader::fill (170 bytes)
Event: 1.541 Thread 0x0000016eac670800 nmethod 1866 0x0000016e9705d310 code [0x0000016e9705d4e0, 0x0000016e9705d9a8]
Event: 1.541 Thread 0x0000016eac670800 1864       2       java.io.InputStreamReader::ready (8 bytes)
Event: 1.541 Thread 0x0000016eac670800 nmethod 1864 0x0000016e9705db10 code [0x0000016e9705dca0, 0x0000016e9705dde8]
Event: 1.541 Thread 0x0000016eac670800 1865   !   2       sun.nio.cs.StreamDecoder::ready (38 bytes)
Event: 1.542 Thread 0x0000016eac670800 nmethod 1865 0x0000016e9705de90 code [0x0000016e9705e060, 0x0000016e9705e4b8]
Event: 1.542 Thread 0x0000016eac670800 1867       2       java.nio.charset.CharsetEncoder::reset (11 bytes)
Event: 1.542 Thread 0x0000016eac670800 nmethod 1867 0x0000016e9705e710 code [0x0000016e9705e8a0, 0x0000016e9705e9e8]
Event: 1.542 Thread 0x0000016eac670800 1868       2       java.nio.charset.CharsetEncoder::implReset (1 bytes)
Event: 1.542 Thread 0x0000016eac670800 nmethod 1868 0x0000016e9705ea90 code [0x0000016e9705ec20, 0x0000016e9705ed38]
Event: 1.542 Thread 0x0000016eac670800 1869   !   2       sun.nio.cs.StreamEncoder::write (78 bytes)
Event: 1.542 Thread 0x0000016eac670800 nmethod 1869 0x0000016e9705ee10 code [0x0000016e9705f020, 0x0000016e9705f7e8]
Event: 1.542 Thread 0x0000016eac670800 1871       2       sun.nio.cs.StreamEncoder::<init> (56 bytes)
Event: 1.543 Thread 0x0000016eac670800 nmethod 1871 0x0000016e9705fd10 code [0x0000016e9705fee0, 0x0000016e97060498]
Event: 1.543 Thread 0x0000016eac670800 1870       2       com.ibm.mq.jmqi.system.JmqiCodepage::getEncoder (91 bytes)
Event: 1.543 Thread 0x0000016eac670800 nmethod 1870 0x0000016e97060690 code [0x0000016e970608e0, 0x0000016e97060e98]

GC Heap History (4 events):
Event: 0.327 GC heap before
{Heap before GC invocations=0 (full 0):
 garbage-first heap   total 129024K, used 12288K [0x0000000083000000, 0x0000000100000000)
  region size 1024K, 13 young (13312K), 0 survivors (0K)
 Metaspace       used 1395K, capacity 4766K, committed 4864K, reserved 1056768K
  class space    used 125K, capacity 443K, committed 512K, reserved 1048576K
}
Event: 0.330 GC heap after
{Heap after GC invocations=1 (full 0):
 garbage-first heap   total 129024K, used 4394K [0x0000000083000000, 0x0000000100000000)
  region size 1024K, 2 young (2048K), 2 survivors (2048K)
 Metaspace       used 1395K, capacity 4766K, committed 4864K, reserved 1056768K
  class space    used 125K, capacity 443K, committed 512K, reserved 1048576K
}
Event: 0.628 GC heap before
{Heap before GC invocations=1 (full 0):
 garbage-first heap   total 129024K, used 18730K [0x0000000083000000, 0x0000000100000000)
  region size 1024K, 16 young (16384K), 2 survivors (2048K)
 Metaspace       used 4335K, capacity 6841K, committed 7040K, reserved 1056768K
  class space    used 537K, capacity 871K, committed 896K, reserved 1048576K
}
Event: 0.631 GC heap after
{Heap after GC invocations=2 (full 0):
 garbage-first heap   total 129024K, used 5280K [0x0000000083000000, 0x0000000100000000)
  region size 1024K, 1 young (1024K), 1 survivors (1024K)
 Metaspace       used 4335K, capacity 6841K, committed 7040K, reserved 1056768K
  class space    used 537K, capacity 871K, committed 896K, reserved 1048576K
}

Deoptimization events (20 events):
Event: 1.550 Thread 0x0000016e8df75000 DEOPT PACKING pc=0x0000016e9702d204 sp=0x00000009496fbfb0
Event: 1.550 Thread 0x0000016e8df75000 DEOPT UNPACKING pc=0x0000016e967683de sp=0x00000009496fb530 mode 0
Event: 1.550 Thread 0x0000016e8df75000 DEOPT PACKING pc=0x0000016e9702d204 sp=0x00000009496fbfb0
Event: 1.550 Thread 0x0000016e8df75000 DEOPT UNPACKING pc=0x0000016e967683de sp=0x00000009496fb530 mode 0
Event: 1.550 Thread 0x0000016e8df75000 DEOPT PACKING pc=0x0000016e9702d204 sp=0x00000009496fbfb0
Event: 1.550 Thread 0x0000016e8df75000 DEOPT UNPACKING pc=0x0000016e967683de sp=0x00000009496fb530 mode 0
Event: 1.551 Thread 0x0000016e8df75000 DEOPT PACKING pc=0x0000016e9702d204 sp=0x00000009496fbfb0
Event: 1.551 Thread 0x0000016e8df75000 DEOPT UNPACKING pc=0x0000016e967683de sp=0x00000009496fb530 mode 0
Event: 1.551 Thread 0x0000016e8df75000 DEOPT PACKING pc=0x0000016e9702d204 sp=0x00000009496fbfb0
Event: 1.551 Thread 0x0000016e8df75000 DEOPT UNPACKING pc=0x0000016e967683de sp=0x00000009496fb530 mode 0
Event: 1.551 Thread 0x0000016e8df75000 DEOPT PACKING pc=0x0000016e9702d204 sp=0x00000009496fbfb0
Event: 1.551 Thread 0x0000016e8df75000 DEOPT UNPACKING pc=0x0000016e967683de sp=0x00000009496fb530 mode 0
Event: 1.552 Thread 0x0000016e8df75000 DEOPT PACKING pc=0x0000016e9702d204 sp=0x00000009496fbfb0
Event: 1.552 Thread 0x0000016e8df75000 DEOPT UNPACKING pc=0x0000016e967683de sp=0x00000009496fb530 mode 0
Event: 1.552 Thread 0x0000016e8df75000 DEOPT PACKING pc=0x0000016e9702d204 sp=0x00000009496fbfb0
Event: 1.552 Thread 0x0000016e8df75000 DEOPT UNPACKING pc=0x0000016e967683de sp=0x00000009496fb530 mode 0
Event: 1.552 Thread 0x0000016e8df75000 DEOPT PACKING pc=0x0000016e9702d204 sp=0x00000009496fbfb0
Event: 1.552 Thread 0x0000016e8df75000 DEOPT UNPACKING pc=0x0000016e967683de sp=0x00000009496fb530 mode 0
Event: 1.552 Thread 0x0000016e8df75000 DEOPT PACKING pc=0x0000016e9702d204 sp=0x00000009496fbfb0
Event: 1.552 Thread 0x0000016e8df75000 DEOPT UNPACKING pc=0x0000016e967683de sp=0x00000009496fb530 mode 0

Classes unloaded (0 events):
No events

Classes redefined (0 events):
No events

Internal exceptions (20 events):
Event: 0.549 Thread 0x0000016e8df75000 Exception <a 'java/lang/IncompatibleClassChangeError'{0x000000008a331438}: Found class java.lang.Object, but interface was expected> (0x000000008a331438) 
thrown [./open/src/hotspot/share/interpreter/linkResolver.cpp, line 832]
Event: 0.551 Thread 0x0000016e8df75000 Exception <a 'java/lang/NoSuchMethodError'{0x000000008a34d600}: 'void java.lang.invoke.DirectMethodHandle$Holder.invokeStatic(java.lang.Object, java.lang.Object, java.lang.Object, java.lang.Object)'> (0x000000008a34d600) 
thrown [./open/src/hotspot/share/interpreter/linkResolver.cpp, line 766]
Event: 0.561 Thread 0x0000016e8df75000 Exception <a 'java/lang/NoSuchMethodError'{0x000000008a3f8858}: 'java.lang.Object java.lang.invoke.Invokers$Holder.invokeExact_MT(java.lang.Object, java.lang.Object, java.lang.Object, java.lang.Object, java.lang.Object, java.lang.Object)'> (0x000000008a3f8858) 
thrown [./open/src/hotspot/share/interpreter/linkResolver.cpp, line 766]
Event: 0.572 Thread 0x0000016e8df75000 Exception <a 'java/lang/NoSuchMethodError'{0x000000008a29af10}: 'void java.lang.invoke.DirectMethodHandle$Holder.invokeSpecial(java.lang.Object, java.lang.Object)'> (0x000000008a29af10) 
thrown [./open/src/hotspot/share/interpreter/linkResolver.cpp, line 766]
Event: 0.589 Thread 0x0000016e8df75000 Exception <a 'java/lang/NoSuchMethodError'{0x000000008a1a5510}: 'int java.lang.invoke.DirectMethodHandle$Holder.invokeStaticInit(java.lang.Object, java.lang.Object, java.lang.Object)'> (0x000000008a1a5510) 
thrown [./open/src/hotspot/share/interpreter/linkResolver.cpp, line 766]
Event: 0.620 Thread 0x0000016e8df75000 Exception <a 'java/lang/NoSuchMethodError'{0x0000000089ec7f00}: 'int java.lang.invoke.DirectMethodHandle$Holder.invokeStaticInit(java.lang.Object, java.lang.Object)'> (0x0000000089ec7f00) 
thrown [./open/src/hotspot/share/interpreter/linkResolver.cpp, line 766]
Event: 0.635 Thread 0x0000016e8df75000 Exception <a 'java/lang/NoSuchMethodError'{0x000000008ad24dc0}: 'java.lang.Object java.lang.invoke.DirectMethodHandle$Holder.invokeInterface(java.lang.Object, java.lang.Object, java.lang.Object, java.lang.Object, java.lang.Object)'> (0x000000008ad24dc0) 
thrown [./open/src/hotspot/share/interpreter/linkResolver.cpp, line 766]
Event: 0.636 Thread 0x0000016e8df75000 Exception <a 'java/lang/IncompatibleClassChangeError'{0x000000008ad280c8}: Found class java.lang.Object, but interface was expected> (0x000000008ad280c8) 
thrown [./open/src/hotspot/share/interpreter/linkResolver.cpp, line 832]
Event: 0.646 Thread 0x0000016e8df75000 Exception <a 'java/lang/IncompatibleClassChangeError'{0x000000008ac03588}: Found class java.lang.Object, but interface was expected> (0x000000008ac03588) 
thrown [./open/src/hotspot/share/interpreter/linkResolver.cpp, line 832]
Event: 0.733 Thread 0x0000016e8df75000 Exception <a 'java/lang/NoSuchMethodError'{0x000000008a868b08}: 'void java.lang.invoke.DirectMethodHandle$Holder.invokeStatic(java.lang.Object, java.lang.Object, java.lang.Object, java.lang.Object, java.lang.Object, java.lang.Object)'> (0x000000008a868b08) 
thrown [./open/src/hotspot/share/interpreter/linkResolver.cpp, line 766]
Event: 0.734 Thread 0x0000016e8df75000 Exception <a 'java/lang/NoSuchMethodError'{0x000000008a8790c0}: 'int java.lang.invoke.DirectMethodHandle$Holder.invokeInterface(java.lang.Object, java.lang.Object)'> (0x000000008a8790c0) 
thrown [./open/src/hotspot/share/interpreter/linkResolver.cpp, line 766]
Event: 0.734 Thread 0x0000016e8df75000 Exception <a 'java/lang/IncompatibleClassChangeError'{0x000000008a87c138}: Found class java.lang.Object, but interface was expected> (0x000000008a87c138) 
thrown [./open/src/hotspot/share/interpreter/linkResolver.cpp, line 832]
Event: 0.800 Thread 0x0000016e8df75000 Exception <a 'java/lang/NoSuchMethodError'{0x000000008a6adb40}: 'void java.lang.invoke.DelegatingMethodHandle$Holder.delegate(java.lang.Object, java.lang.Object, int, java.lang.Object)'> (0x000000008a6adb40) 
thrown [./open/src/hotspot/share/interpreter/linkResolver.cpp, line 766]
Event: 0.873 Thread 0x0000016e8df75000 Exception <a 'java/lang/NoSuchMethodError'{0x000000008a2a87f8}: 'void java.lang.invoke.DirectMethodHandle$Holder.invokeStatic(java.lang.Object, long)'> (0x000000008a2a87f8) 
thrown [./open/src/hotspot/share/interpreter/linkResolver.cpp, line 766]
Event: 0.875 Thread 0x0000016e8df75000 Exception <a 'java/lang/NoSuchMethodError'{0x000000008a2b0508}: 'java.lang.Object java.lang.invoke.DirectMethodHandle$Holder.invokeStatic(java.lang.Object, java.lang.Object, long, java.lang.Object)'> (0x000000008a2b0508) 
thrown [./open/src/hotspot/share/interpreter/linkResolver.cpp, line 766]
Event: 0.875 Thread 0x0000016e8df75000 Exception <a 'java/lang/NoSuchMethodError'{0x000000008a2b39f0}: 'java.lang.Object java.lang.invoke.DirectMethodHandle$Holder.invokeStaticInit(java.lang.Object, java.lang.Object, long, java.lang.Object)'> (0x000000008a2b39f0) 
thrown [./open/src/hotspot/share/interpreter/linkResolver.cpp, line 766]
Event: 0.876 Thread 0x0000016e8df75000 Exception <a 'java/lang/NoSuchMethodError'{0x000000008a2b9860}: 'java.lang.Object java.lang.invoke.Invokers$Holder.linkToTargetMethod(java.lang.Object, long, java.lang.Object)'> (0x000000008a2b9860) 
thrown [./open/src/hotspot/share/interpreter/linkResolver.cpp, line 766]
Event: 1.020 Thread 0x0000016e8df75000 Exception <a 'java/lang/NoSuchMethodError'{0x0000000089894a18}: 'java.lang.Object java.lang.invoke.DirectMethodHandle$Holder.invokeStaticInit(java.lang.Object, int, int, int, int)'> (0x0000000089894a18) 
thrown [./open/src/hotspot/share/interpreter/linkResolver.cpp, line 766]
Event: 1.035 Thread 0x0000016e8df75000 Exception <a 'java/lang/NoSuchMethodError'{0x00000000898b1c70}: 'java.lang.Object java.lang.invoke.DirectMethodHandle$Holder.invokeStaticInit(java.lang.Object, java.lang.Object, int, int, int, int)'> (0x00000000898b1c70) 
thrown [./open/src/hotspot/share/interpreter/linkResolver.cpp, line 766]
Event: 1.291 Thread 0x0000016e8df75000 Exception <a 'java/lang/ClassNotFoundException'{0x0000000089356a58}: com/sun/org/apache/xml/internal/serializer/spi/XMLEntitiesProvider> (0x0000000089356a58) 
thrown [./open/src/hotspot/share/classfile/systemDictionary.cpp, line 226]

Events (20 events):
Event: 1.354 loading class com/sun/org/apache/xerces/internal/dom/DeferredTextImpl done
Event: 1.354 loading class com/sun/org/apache/xerces/internal/dom/CharacterDataImpl$1
Event: 1.355 loading class com/sun/org/apache/xerces/internal/dom/CharacterDataImpl$1 done
Event: 1.356 loading class com/sun/org/apache/xerces/internal/dom/DeferredCDATASectionImpl
Event: 1.356 loading class com/sun/org/apache/xerces/internal/dom/CDATASectionImpl
Event: 1.356 loading class org/w3c/dom/CDATASection
Event: 1.356 loading class org/w3c/dom/CDATASection done
Event: 1.356 loading class com/sun/org/apache/xerces/internal/dom/CDATASectionImpl done
Event: 1.356 loading class com/sun/org/apache/xerces/internal/dom/DeferredCDATASectionImpl done
Event: 1.356 loading class com/sun/org/apache/xml/internal/serializer/EncodingInfo$EncodingImpl
Event: 1.356 loading class com/sun/org/apache/xml/internal/serializer/EncodingInfo$InEncoding
Event: 1.356 loading class com/sun/org/apache/xml/internal/serializer/EncodingInfo$InEncoding done
Event: 1.356 loading class com/sun/org/apache/xml/internal/serializer/EncodingInfo$EncodingImpl done
Event: 1.372 loading class com/sun/org/apache/xml/internal/serializer/WriterToUTF8Buffered
Event: 1.372 loading class com/sun/org/apache/xml/internal/serializer/WriterChain
Event: 1.373 loading class com/sun/org/apache/xml/internal/serializer/WriterChain done
Event: 1.373 loading class com/sun/org/apache/xml/internal/serializer/WriterToUTF8Buffered done
Event: 1.373 loading class com/sun/org/apache/xml/internal/serializer/WriterToASCI
Event: 1.373 loading class com/sun/org/apache/xml/internal/serializer/WriterToASCI done
Event: 1.416 Loaded shared library C:\Program Files\Java\jdk-14.0.2\bin\java.dll


Dynamic libraries:
0x00007ff719e60000 - 0x00007ff719e6f000 	C:\Program Files\Java\jdk-14.0.2\bin\javaw.exe
0x00007ff9f10b0000 - 0x00007ff9f12a5000 	C:\Windows\SYSTEM32\ntdll.dll
0x00007ff9f0b80000 - 0x00007ff9f0c3d000 	C:\Windows\System32\KERNEL32.DLL
0x00007ff9eecf0000 - 0x00007ff9eefb7000 	C:\Windows\System32\KERNELBASE.dll
0x00007ff9ee990000 - 0x00007ff9eea90000 	C:\Windows\System32\ucrtbase.dll
0x00007ff9e7b20000 - 0x00007ff9e7b35000 	C:\Program Files\Java\jdk-14.0.2\bin\VCRUNTIME140.dll
0x00007ff9e7b00000 - 0x00007ff9e7b18000 	C:\Program Files\Java\jdk-14.0.2\bin\jli.dll
0x00007ff9f0190000 - 0x00007ff9f023a000 	C:\Windows\System32\ADVAPI32.dll
0x00007ff9f0240000 - 0x00007ff9f02de000 	C:\Windows\System32\msvcrt.dll
0x00007ff9f02e0000 - 0x00007ff9f037b000 	C:\Windows\System32\sechost.dll
0x00007ff9f0060000 - 0x00007ff9f0183000 	C:\Windows\System32\RPCRT4.dll
0x00007ff9f0850000 - 0x00007ff9f09f0000 	C:\Windows\System32\USER32.dll
0x00007ff9eea90000 - 0x00007ff9eeab2000 	C:\Windows\System32\win32u.dll
0x00007ff9f0eb0000 - 0x00007ff9f0eda000 	C:\Windows\System32\GDI32.dll
0x00007ff9ee880000 - 0x00007ff9ee98a000 	C:\Windows\System32\gdi32full.dll
0x00007ff9edd10000 - 0x00007ff9edfaa000 	C:\Windows\WinSxS\amd64_microsoft.windows.common-controls_6595b64144ccf1df_6.0.19041.1_none_b555e41d4684ddec\COMCTL32.dll
0x00007ff9eeac0000 - 0x00007ff9eeb5d000 	C:\Windows\System32\msvcp_win.dll
0x00007ff9e85e0000 - 0x00007ff9e85ea000 	C:\Windows\SYSTEM32\VERSION.dll
0x00007ff9f0030000 - 0x00007ff9f0060000 	C:\Windows\System32\IMM32.DLL
0x00007ff9d7530000 - 0x00007ff9d75cb000 	C:\Program Files\Java\jdk-14.0.2\bin\msvcp140.dll
0x00007ff9b1360000 - 0x00007ff9b1e7e000 	C:\Program Files\Java\jdk-14.0.2\bin\server\jvm.dll
0x00007ff9f0380000 - 0x00007ff9f0388000 	C:\Windows\System32\PSAPI.DLL
0x00007ff9ebc00000 - 0x00007ff9ebc09000 	C:\Windows\SYSTEM32\WSOCK32.dll
0x00007ff9f0470000 - 0x00007ff9f04db000 	C:\Windows\System32\WS2_32.dll
0x00007ff9c6c80000 - 0x00007ff9c6ca7000 	C:\Windows\SYSTEM32\WINMM.dll
0x00007ff9ec130000 - 0x00007ff9ec143000 	C:\Windows\SYSTEM32\kernel.appcore.dll
0x00007ff9e9e40000 - 0x00007ff9e9e4a000 	C:\Program Files\Java\jdk-14.0.2\bin\jimage.dll
0x00007ff9ee2d0000 - 0x00007ff9ee4b4000 	C:\Windows\SYSTEM32\DBGHELP.DLL
0x00007ff9ee190000 - 0x00007ff9ee1bc000 	C:\Windows\SYSTEM32\dbgcore.DLL
0x00007ff9ee800000 - 0x00007ff9ee87f000 	C:\Windows\System32\bcryptPrimitives.dll
0x00007ff9e7cb0000 - 0x00007ff9e7cd5000 	C:\Program Files\Java\jdk-14.0.2\bin\java.dll
0x00007ff9e95a0000 - 0x00007ff9e95b6000 	C:\Program Files\Java\jdk-14.0.2\bin\zip.dll
0x00007ff9ef120000 - 0x00007ff9ef860000 	C:\Windows\System32\SHELL32.dll
0x00007ff9ec330000 - 0x00007ff9ecac1000 	C:\Windows\SYSTEM32\windows.storage.dll
0x00007ff9f04f0000 - 0x00007ff9f0843000 	C:\Windows\System32\combase.dll
0x00007ff9edb70000 - 0x00007ff9edb9c000 	C:\Windows\SYSTEM32\Wldp.dll
0x00007ff9f09f0000 - 0x00007ff9f0a9e000 	C:\Windows\System32\SHCORE.dll
0x00007ff9f0dc0000 - 0x00007ff9f0e15000 	C:\Windows\System32\shlwapi.dll
0x00007ff9ee740000 - 0x00007ff9ee75f000 	C:\Windows\SYSTEM32\profapi.dll
0x00007ff9e9020000 - 0x00007ff9e9039000 	C:\Program Files\Java\jdk-14.0.2\bin\net.dll
0x00007ff9de550000 - 0x00007ff9de650000 	C:\Windows\SYSTEM32\WINHTTP.dll
0x00007ff9ed910000 - 0x00007ff9ed97a000 	C:\Windows\system32\mswsock.dll
0x00007ff9e7d00000 - 0x00007ff9e7d12000 	C:\Program Files\Java\jdk-14.0.2\bin\nio.dll
0x00007ff9e9e30000 - 0x00007ff9e9e40000 	C:\Program Files\Java\jdk-14.0.2\bin\verify.dll
0x00007ff9ed600000 - 0x00007ff9ed63b000 	C:\Windows\SYSTEM32\IPHLPAPI.DLL
0x00007ff9f0b70000 - 0x00007ff9f0b79000 	C:\Windows\System32\NSI.dll
0x00007ff9e67b0000 - 0x00007ff9e67c7000 	C:\Windows\SYSTEM32\dhcpcsvc6.DLL
0x00007ff9e6790000 - 0x00007ff9e67ad000 	C:\Windows\SYSTEM32\dhcpcsvc.DLL
0x00007ff9ed640000 - 0x00007ff9ed70a000 	C:\Windows\SYSTEM32\DNSAPI.dll
0x00007ff9e9db0000 - 0x00007ff9e9db9000 	C:\Program Files\Java\jdk-14.0.2\bin\management.dll
0x00007ff9e9d90000 - 0x00007ff9e9d9b000 	C:\Program Files\Java\jdk-14.0.2\bin\management_ext.dll
0x00007ff9ee4c0000 - 0x00007ff9ee4d8000 	C:\Windows\SYSTEM32\CRYPTSP.dll
0x00007ff9ed2c0000 - 0x00007ff9ed2f4000 	C:\Windows\system32\rsaenh.dll
0x00007ff9eeb60000 - 0x00007ff9eeb87000 	C:\Windows\System32\bcrypt.dll
0x00007ff9ee700000 - 0x00007ff9ee72e000 	C:\Windows\SYSTEM32\USERENV.dll
0x00007ff9edae0000 - 0x00007ff9edaec000 	C:\Windows\SYSTEM32\CRYPTBASE.dll
0x00007ff9de1f0000 - 0x00007ff9de1fa000 	C:\Windows\System32\rasadhlp.dll
0x00007ff9de450000 - 0x00007ff9de4cf000 	C:\Windows\System32\fwpuclnt.dll

dbghelp: loaded successfully - version: 4.0.5 - missing functions: none
symbol engine: initialized successfully - sym options: 0x614 - pdb path: .;C:\Program Files\Java\jdk-14.0.2\bin;C:\Windows\SYSTEM32;C:\Windows\WinSxS\amd64_microsoft.windows.common-controls_6595b64144ccf1df_6.0.19041.1_none_b555e41d4684ddec;C:\Program Files\Java\jdk-14.0.2\bin\server

VM Arguments:
jvm_args: -ea -Dfile.encoding=UTF-8 
java_command: org.eclipse.jdt.internal.junit.runner.RemoteTestRunner -version 3 -port 55941 -testLoaderClass org.eclipse.jdt.internal.junit5.runner.JUnit5TestLoader -loaderpluginname org.eclipse.jdt.junit5.runtime -classNames com.example.demo.RizaSampleApplicationTests2
java_class_path (initial): C:\Users\webma\Documents\workspace\RizaSample\target\test-classes;C:\Users\webma\Documents\workspace\RizaSample\target\classes;C:\Users\webma\.m2\repository\org\springframework\boot\spring-boot-starter\2.3.1.RELEASE\spring-boot-starter-2.3.1.RELEASE.jar;C:\Users\webma\.m2\repository\org\springframework\boot\spring-boot\2.3.1.RELEASE\spring-boot-2.3.1.RELEASE.jar;C:\Users\webma\.m2\repository\org\springframework\spring-context\5.2.7.RELEASE\spring-context-5.2.7.RELEASE.jar;C:\Users\webma\.m2\repository\org\springframework\spring-aop\5.2.7.RELEASE\spring-aop-5.2.7.RELEASE.jar;C:\Users\webma\.m2\repository\org\springframework\spring-beans\5.2.7.RELEASE\spring-beans-5.2.7.RELEASE.jar;C:\Users\webma\.m2\repository\org\springframework\spring-expression\5.2.7.RELEASE\spring-expression-5.2.7.RELEASE.jar;C:\Users\webma\.m2\repository\org\springframework\boot\spring-boot-autoconfigure\2.3.1.RELEASE\spring-boot-autoconfigure-2.3.1.RELEASE.jar;C:\Users\webma\.m2\repository\org\springframework\boot\spring-boot-starter-logging\2.3.1.RELEASE\spring-boot-starter-logging-2.3.1.RELEASE.jar;C:\Users\webma\.m2\repository\ch\qos\logback\logback-classic\1.2.3\logback-classic-1.2.3.jar;C:\Users\webma\.m2\repository\ch\qos\logback\logback-core\1.2.3\logback-core-1.2.3.jar;C:\Users\webma\.m2\repository\org\apache\logging\log4j\log4j-to-slf4j\2.13.3\log4j-to-slf4j-2.13.3.jar;C:\Users\webma\.m2\repository\org\apache\logging\log4j\log4j-api\2.13.3\log4j-api-2.13.3.jar;C:\Users\webma\.m2\repository\org\slf4j\jul-to-slf4j\1.7.30\jul-to-slf4j-1.7.30.jar;C:\Users\webma\.m2\repository\jakarta\annotation\jakarta.annotation-api\1.3.5\jakarta.annotation-api-1.3.5.jar;C:\Users\webma\.m2\repository\org\springframework\spring-core\5.2.7.RELEASE\spring-core-5.2.7.RELEASE.jar;C:\Users\webma\.m2\repository\org\springframework\spring-jcl\5.2.7.RELEASE\spring-jcl-5.2.7.RELEASE.jar;C:\Users\webma\.m2\repository\org\yaml\snakeyaml\1.26\snakeyaml-1.26.jar;C:\Users\webma\.m2\repositor
Launcher Type: SUN_STANDARD

[Global flags]
     intx CICompilerCount                          = 3                                         {product} {ergonomic}
     uint ConcGCThreads                            = 1                                         {product} {ergonomic}
     uint G1ConcRefinementThreads                  = 4                                         {product} {ergonomic}
   size_t G1HeapRegionSize                         = 1048576                                   {product} {ergonomic}
    uintx GCDrainStackTargetSize                   = 64                                        {product} {ergonomic}
   size_t InitialHeapSize                          = 132120576                                 {product} {ergonomic}
   size_t MarkStackSize                            = 4194304                                   {product} {ergonomic}
   size_t MaxHeapSize                              = 2097152000                                {product} {ergonomic}
   size_t MaxNewSize                               = 1258291200                                {product} {ergonomic}
   size_t MinHeapDeltaBytes                        = 1048576                                   {product} {ergonomic}
   size_t MinHeapSize                              = 8388608                                   {product} {ergonomic}
    uintx NonNMethodCodeHeapSize                   = 5832780                                {pd product} {ergonomic}
    uintx NonProfiledCodeHeapSize                  = 122912730                              {pd product} {ergonomic}
    uintx ProfiledCodeHeapSize                     = 122912730                              {pd product} {ergonomic}
    uintx ReservedCodeCacheSize                    = 251658240                              {pd product} {ergonomic}
     bool SegmentedCodeCache                       = true                                      {product} {ergonomic}
   size_t SoftMaxHeapSize                          = 2097152000                             {manageable} {ergonomic}
     bool UseCompressedClassPointers               = true                                 {lp64_product} {ergonomic}
     bool UseCompressedOops                        = true                                 {lp64_product} {ergonomic}
     bool UseG1GC                                  = true                                      {product} {ergonomic}
     bool UseLargePagesIndividualAllocation        = false                                  {pd product} {ergonomic}

Logging:
Log output configuration:
 #0: stdout all=warning uptime,level,tags
 #1: stderr all=off uptime,level,tags

Environment Variables:
JAVA_HOME=C:\Program Files\Java\jdk-14.0.2
CLASSPATH=C:\Program Files (x86)\IBM\WebSphere MQ\java\lib\com.ibm.mqjms.jar;C:\Program Files (x86)\IBM\WebSphere MQ\java\lib\com.ibm.mq.jar
PATH=C:/Program Files/Java/jdk-14.0.2/bin/server;C:/Program Files/Java/jdk-14.0.2/bin;C:\Program Files (x86)\IBM\WebSphere MQ\java\lib;C:\Program Files (x86)\IBM\WebSphere MQ\java\lib64;C:\Windows\system32;C:\Windows;C:\Windows\System32\Wbem;C:\Windows\System32\WindowsPowerShell\v1.0\;C:\Windows\System32\OpenSSH\;C:\HashiCorp\Vagrant\bin;C:\Program Files (x86)\IBM\WebSphere MQ\bin64;C:\Program Files (x86)\IBM\WebSphere MQ\bin;C:\Program Files (x86)\IBM\WebSphere MQ\tools\c\samples\bin;C:\Program Files\Java\jdk-14.0.2\bin;C:\Users\webma\AppData\Local\Microsoft\WindowsApps;C:\Program Files\Java\jdk-14.0.2\bin;;C:\Users\webma\sts\spring-tool-suite-4-4.7.0.RELEASE-e4.16.0-win32.win32.x86_64.self-extracting\contents\sts-4.7.0.RELEASE;
USERNAME=webma
OS=Windows_NT
PROCESSOR_IDENTIFIER=Intel64 Family 6 Model 126 Stepping 5, GenuineIntel



---------------  S Y S T E M  ---------------

OS: Windows 10 , 64 bit Build 19041 (10.0.19041.292)
OS uptime: 7 days 2:04 hours

CPU:total 4 (initial active 4) (2 cores per cpu, 2 threads per core) family 6 model 126 stepping 5, cmov, cx8, fxsr, mmx, sse, sse2, sse3, ssse3, sse4.1, sse4.2, popcnt, avx, avx2, aes, clmul, erms, 3dnowpref, lzcnt, ht, tsc, tscinvbit, bmi1, bmi2, adx, evex, sha, fma

Memory: 4k page, system-wide physical 7992M (1899M free)
TotalPageFile size 13222M (AvailPageFile size 5M)
current process WorkingSet (physical memory assigned to process): 172M, peak: 172M
current process commit charge ("private bytes"): 252M, peak: 253M

vm_info: Java HotSpot(TM) 64-Bit Server VM (14.0.2+12-46) for windows-amd64 JRE (14.0.2+12-46), built on Jul  9 2020 00:35:52 by "mach5one" with MS VC++ 15.9 (VS2017)

END.
